Set parameter WLSAccessID
Set parameter WLSSecret
Set parameter LicenseID to value 2604445
Academic license 2604445 - for non-commercial use only - registered to an___@um.edu.mt
Set parameter Seed to value 23
Set parameter TimeLimit to value 14400
Gurobi Optimizer version 12.0.2 build v12.0.2rc0 (linux64 - "Ubuntu 22.04.5 LTS")

CPU model: Intel(R) Core(TM) i5-10400 CPU @ 2.90GHz, instruction set [SSE2|AVX|AVX2]
Thread count: 6 physical cores, 12 logical processors, using up to 12 threads

Non-default parameters:
TimeLimit  14400
Seed  23

Academic license 2604445 - for non-commercial use only - registered to an___@um.edu.mt
Optimize a model with 502089 rows, 11637 columns and 1036524 nonzeros
Model fingerprint: 0xd1181da4
Variable types: 0 continuous, 11637 integer (8937 binary)
Coefficient statistics:
  Matrix range     [1e+00, 6e+01]
  Objective range  [2e-06, 2e-02]
  Bounds range     [1e+00, 2e+02]
  RHS range        [1e+00, 6e+01]
Presolve removed 5044 rows and 4092 columns
Presolve time: 1.55s
Presolved: 497045 rows, 7545 columns, 1018016 nonzeros
Variable types: 0 continuous, 7545 integer (5213 binary)

Use crossover to convert LP symmetric solution to basic solution...

Root relaxation: objective 3.709576e-03, 2409 iterations, 1.35 seconds (0.88 work units)
Total elapsed time = 5.62s (DegenMoves)

    Nodes    |    Current Node    |     Objective Bounds      |     Work
 Expl Unexpl |  Obj  Depth IntInf | Incumbent    BestBd   Gap | It/Node Time

     0     0    0.00371    0  233          -    0.00371      -     -    7s
H    0     0                       5.0062801    0.00371   100%     -   11s
     0     0    0.00413    0  659    5.00628    0.00413   100%     -   12s
H    0     0                       4.5173912    0.00413   100%     -   13s
     0     0    0.00414    0  636    4.51739    0.00414   100%     -   13s
     0     0    0.00415    0  787    4.51739    0.00415   100%     -   16s
     0     0    0.00415    0  746    4.51739    0.00415   100%     -   17s
     0     0    0.00415    0  839    4.51739    0.00415   100%     -   20s
     0     0    0.00415    0  759    4.51739    0.00415   100%     -   23s
     0     0    0.00415    0  399    4.51739    0.00415   100%     -   28s
     0     0    0.00415    0  430    4.51739    0.00415   100%     -   32s
     0     0    0.00416    0  414    4.51739    0.00416   100%     -   40s
     0     0    0.00416    0  475    4.51739    0.00416   100%     -   44s
     0     0    0.00419    0  698    4.51739    0.00419   100%     -   47s
     0     0    0.00420    0  679    4.51739    0.00420   100%     -   50s
     0     0    0.00422    0 1482    4.51739    0.00422   100%     -   57s
     0     0    0.00422    0  979    4.51739    0.00422   100%     -   60s
     0     0    0.00424    0 1046    4.51739    0.00424   100%     -   68s
     0     0    0.00424    0 1036    4.51739    0.00424   100%     -   71s
     0     0    0.00429    0 1624    4.51739    0.00429   100%     -   77s
     0     0    0.00431    0 1339    4.51739    0.00431   100%     -   83s
     0     0    0.00432    0 1409    4.51739    0.00432   100%     -   92s
     0     0    0.00432    0 1275    4.51739    0.00432   100%     -   98s
     0     0    0.00439    0 2406    4.51739    0.00439   100%     -  119s
     0     0    0.00441    0 1863    4.51739    0.00441   100%     -  132s
     0     0    0.00452    0 2212    4.51739    0.00452   100%     -  164s
     0     0    0.00452    0 2262    4.51739    0.00452   100%     -  182s
     0     0    0.00452    0 2475    4.51739    0.00452   100%     -  214s
     0     0    0.00452    0 2398    4.51739    0.00452   100%     -  226s
     0     0    0.00452    0 2352    4.51739    0.00452   100%     -  267s
H    0     0                       4.0950977    0.00452   100%     -  270s
     0     0    0.00452    0 2478    4.09510    0.00452   100%     -  284s
     0     0    0.00452    0 1868    4.09510    0.00452   100%     -  322s
     0     0    0.00452    0 2691    4.09510    0.00452   100%     -  344s
     0     0    0.00452    0 1942    4.09510    0.00452   100%     -  376s
     0     0    0.00452    0 1942    4.09510    0.00452   100%     -  387s
H    0     0                       3.7170780    0.00452   100%     -  400s
H    0     0                       2.6280641    0.00452   100%     -  419s
H    0     0                       2.1612825    0.00459   100%     -  421s
H    0     0                       2.1612673    0.00459   100%     -  424s
     0     2    0.00459    0 1942    2.16127    0.00459   100%     -  427s
     1     3    0.00459    1 1369    2.16127    0.00459   100%  1608  434s
     2     5    0.40415    1 1361    2.16127    0.00459   100%  7414  514s
     4     9    0.58177    2 1845    2.16127    0.00459   100%  7354  550s
     9    12    0.60407    3 1397    2.16127    0.00459   100%  5935  586s
    15    22    0.61515    4 1475    2.16127    0.00459   100%  5249  632s
    28    27 infeasible    5         2.16127    0.00459   100%  3717  673s
    41    35    0.00462    5 1226    2.16127    0.00459   100%  3011  698s
    61    41    0.00496    5 1343    2.16127    0.00462   100%  2418  728s
    71    50    0.02711    6 1042    2.16127    0.00462   100%  2231  749s
    89    57    0.02711    7 1045    2.16127    0.00462   100%  1944  763s
   115    65    0.24874   12  504    2.16127    0.00462   100%  1601  777s
   134    81    0.24874   16  493    2.16127    0.00462   100%  1423  787s
H  159    83                       2.0503942    0.00462   100%  1229  800s
H  163    83                       1.8280722    0.00462   100%  1201  800s
   166    90    0.33756   22  463    1.82807    0.00462   100%  1190  812s
H  191    93                       1.8278302    0.00462   100%  1063  826s
   197   102    0.33796   26  446    1.82783    0.00462   100%  1033  836s
   211   119    0.33796   29  441    1.82783    0.00462   100%   974  847s
H  239   124                       1.6498594    0.00462   100%   879  859s
   247   144 infeasible   34         1.64986    0.00462   100%   858  871s
   285   145 infeasible   39         1.64986    0.00462   100%   755  883s
H  294   145                       1.6498156    0.00462   100%   733  883s
   295   154    0.44900   41  684    1.64982    0.00462   100%   733  895s
   335   157    0.47121   47  418    1.64982    0.00462   100%   654  911s
H  342   157                       1.6497444    0.00462   100%   647  911s
   343   168    0.47121   48  410    1.64974    0.00462   100%   645  925s
   369   171    0.47518   53  398    1.64974    0.00462   100%   611  940s
H  370   171                       1.5833444    0.00462   100%   609  940s
H  371   171                       1.5388676    0.00462   100%   608  940s
   376   182    0.47637   54  398    1.53887    0.00462   100%   601  956s
   403   187    0.47637   57  373    1.53887    0.00462   100%   563  972s
H  408   187                       0.5833450    0.00462  99.2%   556  972s
   410   185    0.47637   58  371    0.58334    0.00462  99.2%   553  989s
H  419   185                       0.5614237    0.00465  99.2%   549  989s
   423   198    0.47639   59  391    0.56142    0.00465  99.2%   551 1006s
H  456   201                       0.5168877    0.00465  99.1%   533 1025s
   462   218    0.29333   12  857    0.51689    0.00465  99.1%   531 1041s
H  481   218                       0.5165768    0.00465  99.1%   517 1041s
   501   224    0.31553   18  639    0.51658    0.00465  99.1%   499 1058s
   510   255    0.31593   19  648    0.51658    0.00465  99.1%   494 1077s
   558   263    0.36036   30  609    0.51658    0.00465  99.1%   457 1098s
   569   276    0.42698   33  597    0.51658    0.00465  99.1%   449 1120s
   588   281    0.42698   35  585    0.51658    0.00465  99.1%   439 1142s
   597   284    0.42698   36  579    0.51658    0.00465  99.1%   434 1168s
   605   302    0.42736   37  403    0.51658    0.00465  99.1%   431 1200s
   632   320    0.44962   44  353    0.51658    0.00465  99.1%   417 1223s
   677   352    0.02662    7 1044    0.51658    0.00465  99.1%   398 1248s
   728   356    0.02661   13  729    0.51658    0.00465  99.1%   376 1273s
   784   388    0.02660   20  401    0.51658    0.00465  99.1%   355 1297s
   850   392    0.02660   27  420    0.51658    0.00465  99.1%   335 1327s
H  851   334                       0.2280711    0.00465  98.0%   334 1327s
   860   325    0.02660   28  449    0.22807    0.00465  98.0%   332 1353s
   918   328    0.02660   36  486    0.22807    0.00465  98.0%   327 1388s
H  925   344                       0.2060289    0.00465  97.7%   326 1425s
   952   364    0.02660   38  662    0.20603    0.00465  97.7%   323 1454s
  1015   372    0.02680   47  319    0.20603    0.00465  97.7%   309 1482s
  1075   376    0.02681   57  287    0.20603    0.00465  97.7%   301 1512s
  1163   399    0.02682   74  278    0.20603    0.00465  97.7%   286 1538s
  1293   459    0.00494   20  626    0.20603    0.00465  97.7%   265 1564s
  1404   511    0.00512   33  348    0.20603    0.00466  97.7%   255 1590s
H 1464   511                       0.2057181    0.00466  97.7%   246 1590s
  1559   601    0.04910   25 1081    0.20572    0.00466  97.7%   236 1612s
  1703   709    0.07183   54  671    0.20572    0.00482  97.7%   223 1635s
  1916   710    0.20449   59 1942    0.20572    0.00482  97.7%   203 1691s
  1918   711    0.02730   60  232    0.20572    0.00482  97.7%   203 1708s
  1919   712    0.09335   15  310    0.20572    0.00482  97.7%   203 1744s
  1920   713    0.07104   19  714    0.20572    0.00482  97.7%   203 1755s
  1921   713    0.07121   14  380    0.20572    0.00482  97.7%   203 1787s
  1922   714    0.04924   35  629    0.20572    0.00482  97.7%   203 1804s
  1923   715    0.02699   68  458    0.20572    0.00482  97.7%   203 1858s
  1924   715    0.04964   22 1559    0.20572    0.00482  97.7%   202 1892s
  1925   716    0.02698   43  935    0.20572    0.00482  97.7%   202 1974s
  1926   717    0.04962   35 1844    0.20572    0.00482  97.7%   202 2020s
  1927   717    0.02702  101 2779    0.20572    0.00482  97.7%   202 2143s
  1928   718    0.02718   28 2030    0.20572    0.00482  97.7%   202 2213s
  1929   719    0.07122   13 2598    0.20572    0.00482  97.7%   202 2334s
  1930   719    0.02662   37 2603    0.20572    0.00482  97.7%   202 2392s
  1931   720    0.11613   44 1804    0.20572    0.00482  97.7%   202 2502s
  1932   721    0.04931   38 1860    0.20572    0.00482  97.7%   202 2555s
  1933   721    0.08286   10 1310    0.20572    0.00482  97.7%   202 2649s
  1934   722    0.08229   38 2223    0.20572    0.00482  97.7%   201 2717s
  1935   723    0.08285   83 2556    0.20572    0.00482  97.7%   201 2827s
  1936   723    0.11613   62 2873    0.20572    0.00487  97.6%   201 2965s
  1937   724    0.02708   35 2942    0.20572    0.00489  97.6%   201 3093s
  1938   725    0.11613   65 2385    0.20572    0.00493  97.6%   201 3201s
  1939   725    0.02662   29 2786    0.20572    0.00501  97.6%   201 3310s
  1940   726    0.02688   18 3379    0.20572    0.00502  97.6%   201 3407s
  1941   727    0.02730   51 2826    0.20572    0.00502  97.6%   201 3502s
  1942   727    0.02668    9 2337    0.20572    0.00502  97.6%   201 3587s
  1943   728    0.13948   25 3202    0.20572    0.00502  97.6%   201 3676s
  1944   729    0.04924   42 2879    0.20572    0.00502  97.6%   200 3741s
  1945   729    0.07243   53 2380    0.20572    0.00515  97.5%   200 3811s
  1946   730    0.04931   37 3207    0.20572    0.00517  97.5%   200 3897s
  1947   731    0.02730   65 2143    0.20572    0.00524  97.5%   200 4021s
  1948   731    0.16207   39 2987    0.20572    0.00530  97.4%   200 4122s
  1949   732    0.08285   64  901    0.20572    0.00537  97.4%   200 4205s
  1950   733    0.11614   50 2203    0.20572    0.00544  97.4%   200 4278s
  1951   733    0.02730   66 2315    0.20572    0.00546  97.3%   200 4352s
  1952   734    0.11629   92 2506    0.20572    0.00548  97.3%   200 4424s
  1953   735    0.02730   70 2040    0.20572    0.00551  97.3%   199 4511s
  1954   735    0.18208   57 2449    0.20572    0.00551  97.3%   199 4575s
  1955   736    0.04934   41 1996    0.20572    0.00553  97.3%   199 4672s
  1956   737    0.13769   36 2783    0.20572    0.00553  97.3%   199 4746s
  1957   737    0.02698   34 1123    0.20572    0.00553  97.3%   199 4811s
  1958   738    0.08229   38 2207    0.20572    0.00553  97.3%   199 4897s
  1959   739    0.14909   38 2993    0.20572    0.00553  97.3%   199 5059s
  1960   739    0.02699   85 2669    0.20572    0.00553  97.3%   199 5120s
  1961   740    0.18208   57 2529    0.20572    0.00553  97.3%   199 5192s
  1962   741    0.04910   25 2513    0.20572    0.00553  97.3%   199 5202s
  1963   741    0.10829   51 2513    0.20572    0.00554  97.3%   198 5233s
  1964   745    0.00554   16 1728    0.20572    0.00554  97.3%   443 5270s
  1966   746     cutoff   17         0.20572    0.00554  97.3%   447 5325s
  1970   749    0.00554   18 1627    0.20572    0.00554  97.3%   453 5371s
  1976   762    0.00554   19 1302    0.20572    0.00554  97.3%   462 5435s
  1999   760    0.00555   21  734    0.20572    0.00554  97.3%   470 5468s
  2006   767    0.02789   22  733    0.20572    0.00554  97.3%   478 5507s
  2019   773    0.00555   22  522    0.20572    0.00554  97.3%   480 5540s
  2039   774    0.02804   24  600    0.20572    0.00554  97.3%   481 5567s
  2054   780    0.00556   25  408    0.20572    0.00554  97.3%   481 5592s
  2076   779    0.00655   27  316    0.20572    0.00554  97.3%   479 5610s
  2087   784    0.01685   29  419    0.20572    0.00554  97.3%   480 5628s
  2105   789    0.01686   30  432    0.20572    0.00554  97.3%   478 5643s
  2118   787    0.08397   31  480    0.20572    0.00554  97.3%   477 5658s
  2132   791    0.09624   32  448    0.20572    0.00554  97.3%   475 5681s
  2151   795    0.11842   34  434    0.20572    0.00554  97.3%   472 5699s
  2167   797 infeasible   36         0.20572    0.00554  97.3%   471 5720s
  2185   804    0.03889   22  679    0.20572    0.00554  97.3%   470 5740s
  2212   797    0.04986   23  639    0.20572    0.00554  97.3%   467 5760s
  2220   799    0.04987   24  556    0.20572    0.00554  97.3%   466 5798s
  2230   804    0.04999   25  519    0.20572    0.00554  97.3%   467 5816s
  2248   803    0.05019   26  355    0.20572    0.00554  97.3%   464 5834s
  2262   818    0.06130   27  655    0.20572    0.00554  97.3%   462 5860s
  2287   815    0.05020   25  711    0.20572    0.00554  97.3%   458 5881s
  2298   815    0.09767   26  647    0.20572    0.00554  97.3%   457 5902s
  2310   821    0.11634   27  466    0.20572    0.00554  97.3%   457 5923s
  2329   816 infeasible   28         0.20572    0.00554  97.3%   454 5962s
  2341   826    0.06130   29  452    0.20572    0.00554  97.3%   454 5990s
  2363   824    0.11630   31  366    0.20572    0.00554  97.3%   454 6016s
  2369   835    0.11630   32  344    0.20572    0.00554  97.3%   453 6044s
  2400   823    0.11633   37   68    0.20572    0.00554  97.3%   450 6093s
  2413   834    0.11634   38   70    0.20572    0.00554  97.3%   453 6119s
  2449   821 infeasible   47         0.20572    0.00554  97.3%   450 6174s
  2462   828    0.04970   22  913    0.20572    0.00554  97.3%   453 6225s
  2473   847    0.04974   24 1120    0.20572    0.00554  97.3%   453 6262s
  2496   846    0.05418   26  436    0.20572    0.00554  97.3%   453 6318s
  2502   848    0.05418   27  504    0.20572    0.00554  97.3%   453 6369s
  2513   849    0.13827   30  782    0.20572    0.00554  97.3%   453 6405s
  2538   846    0.13836   33  502    0.20572    0.00554  97.3%   450 6452s
  2544   849    0.13840   34  285    0.20572    0.00554  97.3%   450 6497s
  2551   849    0.16209   35  288    0.20572    0.00554  97.3%   449 6533s
  2559   859    0.16329   36  233    0.20572    0.00554  97.3%   448 6572s
  2577   855 infeasible   37         0.20572    0.00555  97.3%   446 6619s
  2587   857    0.13849   36  131    0.20572    0.00555  97.3%   446 6655s
  2595   884    0.13849   38  127    0.20572    0.00555  97.3%   445 6693s
  2630   881    0.16108   53  102    0.20572    0.00555  97.3%   441 6745s
  2660   887    0.00557   23  482    0.20572    0.00555  97.3%   439 6799s
  2704   920    0.20555   28  367    0.20572    0.00555  97.3%   434 6847s
  2798   895    0.00557   24  724    0.20572    0.00555  97.3%   423 6912s
  2806   898    0.02211   25  426    0.20572    0.00555  97.3%   423 6965s
  2839   896    0.02211   26  467    0.20572    0.00555  97.3%   420 7016s
  2852   908    0.11103   27  512    0.20572    0.00555  97.3%   420 7096s
  2880   922    0.11103   28  384    0.20572    0.00555  97.3%   419 7153s
  2911   943    0.11649   29  147    0.20572    0.00555  97.3%   417 7207s
  2972   932    0.13909   48   16    0.20572    0.00555  97.3%   413 7263s
  3000   926 infeasible   49         0.20572    0.00556  97.3%   410 7320s
  3008   931    0.00589   25  312    0.20572    0.00556  97.3%   410 7387s
  3054   934    0.09482   28  303    0.20572    0.00556  97.3%   408 7458s
  3095   926    0.11690   40   48    0.20572    0.00556  97.3%   410 7531s
  3101   929    0.11690   41   50    0.20572    0.00556  97.3%   410 7591s
  3108   931    0.12788   42   32    0.20572    0.00556  97.3%   409 7655s
  3114   936    0.13887   43   14    0.20572    0.00557  97.3%   408 7721s
  3138   951    0.02220   26  360    0.20572    0.00557  97.3%   408 7787s
  3175   968    0.02772   31  123    0.20572    0.00557  97.3%   406 7866s
  3222   983    0.02824   40   91    0.20572    0.00557  97.3%   405 7940s
  3314  1011 infeasible   65         0.20572    0.00566  97.3%   400 8027s
  3420  1000    0.18374   47  128    0.20572    0.00566  97.3%   394 8141s
  3531  1014    0.05023   32  272    0.20572    0.00572  97.2%   393 8237s
  3670  1019     cutoff   46         0.20572    0.00572  97.2%   388 8344s
  3800  1020    0.02818   35  110    0.20572    0.00590  97.1%   384 8442s
  3866  1066    0.11736   48   10    0.20572    0.00590  97.1%   381 8529s
  4092  1030    0.12017   42  276    0.20572    0.00593  97.1%   367 8624s
  4259  1066    0.11735   44    4    0.20572    0.00593  97.1%   360 8714s
  4428  1113 infeasible   51         0.20572    0.00599  97.1%   353 8810s
  4588  1126    0.05021   32  382    0.20572    0.00599  97.1%   349 8926s
  4616  1147    0.05022   33  191    0.20572    0.00599  97.1%   349 9032s
  4673  1173    0.05022   34  186    0.20572    0.00599  97.1%   348 9138s
  4759  1217    0.05027   35  168    0.20572    0.01681  91.8%   346 9275s
  4884  1284    0.11686   38  149    0.20572    0.01697  91.8%   346 9410s
  5058  1334    0.12441   30  464    0.20572    0.02245  89.1%   344 9548s
  5229  1385    0.17285   46   23    0.20572    0.02756  86.6%   342 9706s
  5393  1457    0.13916   33  176    0.20572    0.02765  86.6%   344 9846s
  5648  1521 infeasible   44         0.20572    0.02780  86.5%   338 9982s
  5874  1584    0.13948   45   47    0.20572    0.02790  86.4%   335 10121s
  6100  1633    0.11733   40   84    0.20572    0.02797  86.4%   332 10263s
  6350  1696     cutoff   47         0.20572    0.02800  86.4%   327 10413s
  6657  1788    0.05777   30  194    0.20572    0.02806  86.4%   322 10569s
  6991  1844 infeasible   40         0.20572    0.02886  86.0%   317 10727s
  7329  1896    0.16144   40  215    0.20572    0.03386  83.5%   313 10912s
  7547  1945 infeasible   33         0.20572    0.03888  81.1%   314 11095s
  7817  1995    0.11624   29  484    0.20572    0.04826  76.5%   314 11306s
  8020  2043    0.09784   26  547    0.20572    0.04987  75.8%   318 11503s
  8290  2096    0.08356   30  664    0.20572    0.04999  75.7%   319 11684s
  8626  2130    0.16424   37  127    0.20572    0.05020  75.6%   316 11838s
  8998  2178     cutoff   36         0.20572    0.05029  75.6%   312 11977s
  9370  2210    0.20571   42  179    0.20572    0.05059  75.4%   309 12107s
  9742  2249    0.11665   37  119    0.20572    0.05365  73.9%   305 12302s
 10090  2307     cutoff   40         0.20572    0.06113  70.3%   306 12499s
 10443  2326    0.19519   31   95    0.20572    0.06171  70.0%   304 12713s
 10785  2385 infeasible   40         0.20572    0.07203  65.0%   306 12863s
 11157  2427     cutoff   42         0.20572    0.07233  64.8%   304 13016s
 11526  2467    0.19451   42   87    0.20572    0.07265  64.7%   302 13137s
 11898  2477    0.12872   32  350    0.20572    0.07916  61.5%   300 13319s
 12257  2465 infeasible   47         0.20572    0.08341  59.5%   301 13518s
 12620  2470    0.20552   29  345    0.20572    0.09427  54.2%   304 13685s
 12992  2397 infeasible   32         0.20572    0.09472  54.0%   304 13853s
 13348  2263     cutoff   38         0.20572    0.09817  52.3%   305 14027s
 13718  2151    0.20553   29  133    0.20572    0.11153  45.8%   308 14171s
 14090  1938 infeasible   46         0.20572    0.11687  43.2%   308 14238s
 14462  1908     cutoff   39         0.20572    0.11729  43.0%   306 14400s

Cutting planes:
  Gomory: 1220
  Lift-and-project: 1
  Cover: 562
  Implied bound: 1104
  Projected implied bound: 1
  Clique: 2274
  MIR: 968
  Mixing: 8
  StrongCG: 192
  Flow cover: 4481
  GUB cover: 51
  Inf proof: 37
  Zero half: 984
  RLT: 135
  Relax-and-lift: 759

Explored 14506 nodes (4572814 simplex iterations) in 14400.25 seconds (14195.17 work units)
Thread count was 12 (of 12 available processors)

Solution count 10: 0.205718 0.206029 0.228071 ... 1.64974

Time limit reached
Best objective 2.057180595134e-01, best bound 1.173216432205e-01, gap 42.9697%
Objective Function at this solution: [[0, 1, 2], [0, 1, 8], [0, 199, 11], [1, 2, 2], [1, 2, 8], [1, 29, 6], [2, 3, 2], [2, 29, 9], [2, 104, 8], [3, 4, 2], [3, 28, 9], [4, 3, 9], [4, 30, 6], [4, 108, 8], [4, 129, 2], [5, 6, 6], [5, 6, 7], [5, 6, 8], [6, 7, 6], [6, 7, 7], [6, 7, 8], [7, 8, 7], [7, 8, 8], [7, 27, 6], [8, 9, 7], [8, 9, 8], [9, 10, 1], [10, 11, 1], [11, 12, 1], [11, 25, 7], [12, 11, 7], [12, 13, 1], [13, 12, 7], [13, 14, 1], [14, 13, 7], [14, 15, 1], [15, 14, 7], [15, 16, 1], [16, 15, 7], [16, 17, 1], [17, 16, 7], [17, 18, 1], [18, 17, 7], [18, 19, 1], [19, 18, 7], [19, 20, 1], [20, 19, 7], [20, 21, 1], [21, 20, 7], [21, 22, 1], [22, 21, 7], [22, 23, 1], [24, 22, 7], [25, 26, 7], [26, 5, 6], [26, 5, 7], [27, 4, 6], [28, 2, 9], [30, 4, 8], [30, 107, 6], [31, 32, 5], [32, 33, 5], [33, 29, 3], [33, 34, 5], [34, 33, 3], [34, 35, 5], [35, 34, 3], [35, 36, 5], [36, 37, 5], [37, 35, 3], [37, 38, 5], [38, 37, 3], [38, 39, 5], [39, 38, 3], [39, 40, 5], [40, 41, 5], [41, 42, 5], [41, 103, 3], [42, 43, 5], [43, 44, 5], [43, 99, 3], [44, 43, 3], [44, 45, 5], [45, 46, 5], [46, 47, 5], [47, 48, 5], [47, 96, 3], [48, 47, 3], [48, 49, 5], [49, 48, 3], [49, 50, 5], [50, 49, 3], [50, 51, 5], [51, 52, 5], [52, 53, 5], [53, 54, 5], [54, 55, 5], [55, 56, 5], [55, 90, 3], [56, 57, 5], [57, 55, 3], [57, 58, 5], [58, 57, 3], [58, 59, 5], [59, 60, 5], [60, 61, 5], [61, 62, 5], [62, 63, 5], [62, 89, 3], [63, 62, 3], [63, 64, 5], [64, 65, 5], [65, 66, 5], [65, 87, 3], [66, 65, 3], [66, 67, 5], [67, 66, 3], [67, 68, 5], [68, 69, 5], [68, 86, 3], [69, 68, 3], [69, 70, 5], [70, 69, 3], [70, 71, 5], [71, 70, 3], [71, 72, 5], [72, 71, 3], [72, 73, 5], [73, 74, 5], [74, 75, 5], [74, 85, 3], [75, 74, 3], [75, 76, 5], [76, 75, 3], [76, 77, 5], [77, 78, 5], [78, 79, 5], [78, 84, 3], [79, 78, 3], [84, 76, 3], [85, 72, 3], [86, 67, 3], [87, 88, 3], [88, 63, 3], [89, 58, 3], [90, 91, 3], [91, 92, 3], [92, 93, 3], [93, 94, 3], [94, 95, 3], [95, 50, 3], [96, 97, 3], [97, 98, 3], [98, 44, 3], [99, 100, 3], [100, 101, 3], [101, 102, 3], [102, 41, 3], [103, 39, 3], [104, 1, 6], [104, 105, 8], [105, 104, 6], [105, 106, 8], [106, 107, 8], [106, 128, 6], [107, 30, 8], [107, 106, 6], [108, 5, 8], [109, 110, 6], [110, 111, 6], [111, 112, 6], [112, 113, 6], [113, 114, 6], [114, 115, 6], [115, 116, 6], [116, 117, 6], [117, 118, 6], [118, 119, 6], [119, 120, 6], [120, 121, 6], [121, 122, 6], [122, 123, 6], [123, 124, 6], [124, 125, 6], [125, 126, 6], [126, 127, 6], [127, 26, 6], [128, 105, 6], [129, 4, 9], [129, 130, 2], [130, 129, 9], [130, 131, 2], [131, 130, 9], [131, 132, 2], [132, 131, 9], [132, 133, 2], [133, 132, 9], [133, 134, 2], [134, 135, 2], [135, 136, 2], [135, 167, 9], [136, 135, 9], [136, 137, 2], [137, 136, 9], [137, 138, 2], [138, 139, 2], [139, 140, 2], [139, 166, 9], [140, 141, 2], [146, 147, 10], [147, 148, 10], [148, 149, 10], [149, 150, 10], [150, 151, 10], [151, 152, 10], [152, 153, 10], [153, 154, 10], [155, 156, 10], [156, 157, 10], [157, 158, 10], [158, 159, 10], [159, 160, 10], [160, 161, 10], [161, 162, 10], [162, 146, 10], [164, 165, 9], [164, 169, 4], [165, 139, 9], [166, 137, 9], [167, 133, 9], [168, 141, 11], [168, 170, 4], [169, 168, 4], [170, 171, 4], [171, 168, 11], [171, 172, 4], [172, 171, 11], [172, 173, 4], [173, 172, 11], [173, 174, 4], [174, 175, 4], [175, 173, 11], [175, 176, 4], [176, 175, 11], [176, 177, 4], [177, 176, 11], [177, 178, 4], [178, 177, 11], [178, 179, 4], [179, 178, 11], [179, 180, 4], [180, 179, 11], [180, 181, 4], [181, 180, 11], [181, 183, 4], [182, 183, 11], [182, 185, 4], [183, 181, 11], [183, 182, 4], [184, 185, 11], [184, 214, 4], [185, 182, 11], [185, 184, 4], [186, 187, 4], [187, 188, 4], [188, 189, 4], [189, 190, 4], [190, 209, 4], [191, 192, 11], [192, 193, 11], [193, 219, 11], [194, 195, 4], [195, 196, 4], [196, 197, 4], [197, 198, 4], [198, 186, 4], [199, 29, 4], [199, 200, 11], [200, 199, 4], [200, 223, 11], [201, 202, 11], [201, 221, 4], [202, 201, 4], [202, 207, 11], [203, 208, 4], [203, 220, 11], [204, 205, 4], [204, 208, 11], [205, 204, 11], [205, 206, 4], [206, 205, 11], [206, 207, 4], [207, 202, 4], [207, 206, 11], [208, 203, 11], [208, 204, 4], [209, 191, 11], [209, 210, 4], [210, 209, 11], [210, 211, 4], [211, 210, 11], [211, 212, 4], [212, 211, 11], [212, 213, 4], [213, 212, 11], [213, 220, 4], [214, 184, 11], [214, 215, 4], [215, 216, 4], [216, 217, 4], [216, 224, 11], [217, 216, 11], [217, 218, 4], [218, 217, 11], [218, 219, 4], [219, 194, 4], [219, 218, 11], [220, 203, 4], [220, 213, 11], [221, 201, 11], [221, 222, 4], [222, 221, 11], [222, 223, 4], [223, 200, 4], [223, 222, 11], [224, 214, 11]]
List of All Routes is {'Route_1': [9, 10, 11, 12, 13, 14, 15, 16, 17, 18, 19, 20, 21, 22, 23], 'Route_1_1': [23, 22, 21, 20, 19, 18, 17, 16, 15, 14, 13, 12, 11, 10, 9], 'Route_2': [0, 1, 2, 3, 4, 129, 130, 131, 132, 133, 134, 135, 136, 137, 138, 139, 140, 141], 'Route_2_1': [141, 140, 139, 138, 137, 136, 135, 134, 133, 132, 131, 130, 129, 4, 3, 2, 1, 0], 'Route_3': [79, 78, 84, 76, 75, 74, 85, 72, 71, 70, 69, 68, 86, 67, 66, 65, 87, 88, 63, 62, 89, 58, 57, 55, 90, 91, 92, 93, 94, 95, 50, 49, 48, 47, 96, 97, 98, 44, 43, 99, 100, 101, 102, 41, 103, 39, 38, 37, 35, 34, 33, 29], 'Route_3_1': [29, 33, 34, 35, 37, 38, 39, 103, 41, 102, 101, 100, 99, 43, 44, 98, 97, 96, 47, 48, 49, 50, 95, 94, 93, 92, 91, 90, 55, 57, 58, 89, 62, 63, 88, 87, 65, 66, 67, 86, 68, 69, 70, 71, 72, 85, 74, 75, 76, 84, 78, 79], 'Route_4': [164, 169, 168, 170, 171, 172, 173, 174, 175, 176, 177, 178, 179, 180, 181, 183, 182, 185, 184, 214, 215, 216, 217, 218, 219, 194, 195, 196, 197, 198, 186, 187, 188, 189, 190, 209, 210, 211, 212, 213, 220, 203, 208, 204, 205, 206, 207, 202, 201, 221, 222, 223, 200, 199, 29], 'Route_4_1': [29, 199, 200, 223, 222, 221, 201, 202, 207, 206, 205, 204, 208, 203, 220, 213, 212, 211, 210, 209, 190, 189, 188, 187, 186, 198, 197, 196, 195, 194, 219, 218, 217, 216, 215, 214, 184, 185, 182, 183, 181, 180, 179, 178, 177, 176, 175, 174, 173, 172, 171, 170, 168, 169, 164], 'Route_5': [31, 32, 33, 34, 35, 36, 37, 38, 39, 40, 41, 42, 43, 44, 45, 46, 47, 48, 49, 50, 51, 52, 53, 54, 55, 56, 57, 58, 59, 60, 61, 62, 63, 64, 65, 66, 67, 68, 69, 70, 71, 72, 73, 74, 75, 76, 77, 78, 79], 'Route_5_1': [79, 78, 77, 76, 75, 74, 73, 72, 71, 70, 69, 68, 67, 66, 65, 64, 63, 62, 61, 60, 59, 58, 57, 56, 55, 54, 53, 52, 51, 50, 49, 48, 47, 46, 45, 44, 43, 42, 41, 40, 39, 38, 37, 36, 35, 34, 33, 32, 31], 'Route_6': [109, 110, 111, 112, 113, 114, 115, 116, 117, 118, 119, 120, 121, 122, 123, 124, 125, 126, 127, 26, 5, 6, 7, 27, 4, 30, 107, 106, 128, 105, 104, 1, 29], 'Route_6_1': [29, 1, 104, 105, 128, 106, 107, 30, 4, 27, 7, 6, 5, 26, 127, 126, 125, 124, 123, 122, 121, 120, 119, 118, 117, 116, 115, 114, 113, 112, 111, 110, 109], 'Route_7': [24, 22, 21, 20, 19, 18, 17, 16, 15, 14, 13, 12, 11, 25, 26, 5, 6, 7, 8, 9], 'Route_7_1': [9, 8, 7, 6, 5, 26, 25, 11, 12, 13, 14, 15, 16, 17, 18, 19, 20, 21, 22, 24], 'Route_8': [0, 1, 2, 104, 105, 106, 107, 30, 4, 108, 5, 6, 7, 8, 9], 'Route_8_1': [9, 8, 7, 6, 5, 108, 4, 30, 107, 106, 105, 104, 2, 1, 0], 'Route_9': [164, 165, 139, 166, 137, 136, 135, 167, 133, 132, 131, 130, 129, 4, 3, 28, 2, 29], 'Route_9_1': [29, 2, 28, 3, 4, 129, 130, 131, 132, 133, 167, 135, 136, 137, 166, 139, 165, 164], 'Route_10': [155, 156, 157, 158, 159, 160, 161, 162, 146, 147, 148, 149, 150, 151, 152, 153, 154], 'Route_10_1': [154, 153, 152, 151, 150, 149, 148, 147, 146, 162, 161, 160, 159, 158, 157, 156, 155], 'Route_11': [0, 199, 200, 223, 222, 221, 201, 202, 207, 206, 205, 204, 208, 203, 220, 213, 212, 211, 210, 209, 191, 192, 193, 219, 218, 217, 216, 224, 214, 184, 185, 182, 183, 181, 180, 179, 178, 177, 176, 175, 173, 172, 171, 168, 141], 'Route_11_1': [141, 168, 171, 172, 173, 175, 176, 177, 178, 179, 180, 181, 183, 182, 185, 184, 214, 224, 216, 217, 218, 219, 193, 192, 191, 209, 210, 211, 212, 213, 220, 203, 208, 204, 205, 206, 207, 202, 201, 221, 222, 223, 200, 199, 0]}
