Set parameter WLSAccessID
Set parameter WLSSecret
Set parameter LicenseID to value 2604445
Academic license 2604445 - for non-commercial use only - registered to an___@um.edu.mt
Set parameter Seed to value 23
Set parameter TimeLimit to value 3600
Gurobi Optimizer version 12.0.2 build v12.0.2rc0 (linux64 - "Ubuntu 22.04.5 LTS")

CPU model: Intel(R) Core(TM) i5-10400 CPU @ 2.90GHz, instruction set [SSE2|AVX|AVX2]
Thread count: 6 physical cores, 12 logical processors, using up to 12 threads

Non-default parameters:
TimeLimit  3600
Seed  23

Academic license 2604445 - for non-commercial use only - registered to an___@um.edu.mt
Optimize a model with 2676538 rows, 50420 columns and 5507650 nonzeros
Model fingerprint: 0xb9af79e5
Variable types: 0 continuous, 50420 integer (39394 binary)
Coefficient statistics:
  Matrix range     [1e+00, 6e+01]
  Objective range  [6e-08, 2e-02]
  Bounds range     [1e+00, 3e+02]
  RHS range        [1e+00, 6e+01]
Presolve removed 21340 rows and 16526 columns (presolve time = 5s)...
Presolve removed 21345 rows and 16711 columns (presolve time = 10s)...
Presolve removed 21542 rows and 16764 columns (presolve time = 15s)...
Presolve removed 21542 rows and 16764 columns
Presolve time: 16.21s
Presolved: 2654996 rows, 33656 columns, 5424291 nonzeros
Variable types: 0 continuous, 33656 integer (23900 binary)
Deterministic concurrent LP optimizer: primal simplex, dual simplex, and barrier
Showing barrier log only...

Root barrier log...

Ordering time: 0.03s

Barrier statistics:
 Dense cols : 11
 Free vars  : 447
 AA' NZ     : 1.288e+05
 Factor NZ  : 3.481e+05 (roughly 100 MB of memory)
 Factor Ops : 1.051e+08 (less than 1 second per iteration)
 Threads    : 3

                  Objective                Residual
Iter       Primal          Dual         Primal    Dual     Compl     Time
   0  -3.94562729e+06  5.00000000e+00  8.39e+00 7.25e+00  4.54e+01    37s
   1  -1.60233162e+06  2.14502706e+01  6.67e-08 4.33e+01  1.28e+01    37s

Barrier performed 1 iterations in 36.80 seconds (29.68 work units)
Barrier solve interrupted - model solved by another algorithm

Concurrent spin time: 0.24s (can be avoided by choosing Method=3)

Solved with dual simplex

Root simplex log...

Iteration    Objective       Primal Inf.    Dual Inf.      Time
    1872    1.8635751e-02   0.000000e+00   0.000000e+00     37s

Root simplex log...

Iteration    Objective       Primal Inf.    Dual Inf.      Time
    1872    1.8635751e-02   0.000000e+00   0.000000e+00     37s

Use crossover to convert LP symmetric solution to basic solution...

Root crossover log...

      37 DPushes remaining with DInf 1.1339711e-04                39s
       0 DPushes remaining with DInf 1.1202518e-04                40s

    8926 PPushes remaining with PInf 0.0000000e+00                40s
       0 PPushes remaining with PInf 0.0000000e+00                45s

  Push phase complete: Pinf 0.0000000e+00, Dinf 3.4700735e-04     45s


Root simplex log...

Iteration    Objective       Primal Inf.    Dual Inf.      Time
   10802    1.8635656e-02   0.000000e+00   3.470074e-04     45s
   11172    1.8635656e-02   0.000000e+00   0.000000e+00     46s
   11172    1.8635656e-02   0.000000e+00   0.000000e+00     47s

Root relaxation: objective 1.863566e-02, 11172 iterations, 19.69 seconds (8.12 work units)
Total elapsed time = 51.49s (DegenMoves)
Total elapsed time = 55.23s (DegenMoves)
Total elapsed time = 61.64s (DegenMoves)

    Nodes    |    Current Node    |     Objective Bounds      |     Work
 Expl Unexpl |  Obj  Depth IntInf | Incumbent    BestBd   Gap | It/Node Time

     0     0    0.01864    0 1546          -    0.01864      -     -   68s
     0     0    0.01879    0 2169          -    0.01879      -     -  138s
     0     0    0.01879    0 2100          -    0.01879      -     -  167s
     0     0    0.01879    0 2151          -    0.01879      -     -  178s
     0     0    0.01879    0 2078          -    0.01879      -     -  183s
     0     0    0.01879    0 2017          -    0.01879      -     -  189s
     0     0    0.10265    0 2128          -    0.10265      -     -  194s
     0     0    0.10267    0 2258          -    0.10267      -     -  299s
     0     0    0.10267    0 2189          -    0.10267      -     -  323s
     0     0    0.10267    0 2327          -    0.10267      -     -  374s
     0     0    0.10267    0 2169          -    0.10267      -     -  393s
     0     0    0.10272    0 2468          -    0.10272      -     -  448s
     0     0    0.10272    0 2254          -    0.10272      -     -  464s
     0     0    0.10275    0 2847          -    0.10275      -     -  515s
     0     0    0.10275    0 2650          -    0.10275      -     -  536s
     0     0    0.10277    0 4114          -    0.10277      -     -  613s
     0     0    0.10277    0 3539          -    0.10277      -     -  632s
     0     0    0.10278    0 4501          -    0.10278      -     -  715s
     0     0    0.10278    0 3389          -    0.10278      -     -  752s
H    0     0                       5.0061066    0.10278  97.9%     -  907s
H    0     0                       4.2007375    0.10278  97.6%     -  907s
H    0     0                       3.9154076    0.10278  97.4%     -  910s
H    0     0                       3.5294763    0.10278  97.1%     -  910s
     0     2    0.10278    0 3378    3.52948    0.10278  97.1%     -  928s
     1     3    0.10278    1 3128    3.52948    0.10278  97.1%  2193  949s
     2     3    0.10307    1 3696    3.52948    0.10278  97.1% 24192 1068s
     3     4    0.10301    2 3087    3.52948    0.10278  97.1% 18345 1154s
     4     7    0.10299    3 2829    3.52948    0.10278  97.1% 15031 1393s
     7    12    0.10295    4 3389    3.52948    0.10278  97.1% 20432 1643s
    12    16    0.10293    5 3666    3.52948    0.10278  97.1% 15687 1849s
    16    23    0.10293    6 3341    3.52948    0.10278  97.1% 13356 2135s
    34    25    0.10287   10 2463    3.52948    0.10278  97.1%  7586 2378s
    43    28 infeasible   10         3.52948    0.10278  97.1%  6531 2598s
    52    30    0.10285   13 3034    3.52948    0.10278  97.1%  5917 2811s
    58    35    0.10295   14 3576    3.52948    0.10278  97.1%  5715 3019s
    65    40    0.10335   16 2414    3.52948    0.10278  97.1%  5340 3235s
H   69    40                       3.5294757    0.10278  97.1%  5153 3235s
    71    45    0.10333   17 2759    3.52948    0.10278  97.1%  5294 3466s
    78    48    0.10333   18 2137    3.52948    0.10278  97.1%  5123 3601s

Cutting planes:
  Gomory: 113
  Cover: 2426
  Implied bound: 4484
  Clique: 1811
  MIR: 2084
  StrongCG: 35
  Zero half: 2279
  RLT: 290
  Relax-and-lift: 1464

Explored 82 nodes (514092 simplex iterations) in 3602.35 seconds (3309.03 work units)
Thread count was 12 (of 12 available processors)

Solution count 5: 3.52948 3.52948 3.91541 ... 5.00611

Time limit reached
Best objective 3.529475748539e+00, best bound 1.027838642889e-01, gap 97.0878%
Objective Function at this solution: [[4, 186, 9], [5, 48, 1], [5, 48, 2], [5, 48, 3], [5, 48, 4], [5, 48, 5], [5, 48, 6], [5, 48, 7], [5, 48, 8], [5, 48, 10], [5, 48, 11], [5, 48, 12], [5, 48, 13], [5, 48, 14], [5, 48, 15], [5, 48, 16], [5, 48, 17], [5, 48, 18], [5, 48, 19], [5, 48, 20], [5, 48, 21], [5, 48, 22], [5, 48, 23], [5, 48, 24], [5, 48, 25], [5, 48, 26], [5, 48, 27], [5, 48, 28], [5, 48, 29], [5, 48, 30], [5, 48, 31], [5, 48, 33], [5, 48, 34], [5, 48, 35], [6, 49, 1], [6, 49, 2], [6, 49, 3], [6, 49, 4], [6, 49, 5], [6, 49, 6], [6, 49, 7], [6, 49, 8], [6, 49, 10], [6, 49, 11], [6, 49, 12], [6, 49, 13], [6, 49, 14], [6, 49, 15], [6, 49, 16], [6, 49, 17], [6, 49, 18], [6, 49, 19], [6, 49, 20], [6, 49, 21], [6, 49, 22], [6, 49, 23], [6, 49, 24], [6, 49, 25], [6, 49, 26], [6, 49, 27], [6, 49, 28], [6, 49, 29], [6, 49, 30], [6, 49, 31], [6, 49, 33], [6, 49, 34], [6, 49, 35], [7, 50, 1], [7, 50, 2], [7, 50, 3], [7, 50, 4], [7, 50, 5], [7, 50, 6], [7, 50, 7], [7, 50, 8], [7, 50, 10], [7, 50, 11], [7, 50, 12], [7, 50, 13], [7, 50, 14], [7, 50, 15], [7, 50, 16], [7, 50, 17], [7, 50, 18], [7, 50, 19], [7, 50, 20], [7, 50, 21], [7, 50, 22], [7, 50, 23], [7, 50, 24], [7, 50, 25], [7, 50, 26], [7, 50, 27], [7, 50, 28], [7, 50, 29], [7, 50, 30], [7, 50, 31], [7, 50, 33], [7, 50, 34], [7, 50, 35], [8, 78, 1], [8, 78, 2], [8, 78, 3], [8, 78, 4], [8, 78, 5], [8, 78, 6], [8, 78, 7], [8, 78, 8], [8, 78, 10], [8, 78, 11], [8, 78, 12], [8, 78, 13], [8, 78, 14], [8, 78, 15], [8, 78, 16], [8, 78, 17], [8, 78, 18], [8, 78, 19], [8, 78, 20], [8, 78, 21], [8, 78, 22], [8, 78, 23], [8, 78, 24], [8, 78, 25], [8, 78, 26], [8, 78, 27], [8, 78, 28], [8, 78, 29], [8, 78, 30], [8, 78, 31], [8, 78, 33], [8, 78, 34], [8, 78, 35], [9, 51, 1], [9, 51, 2], [9, 51, 3], [9, 51, 4], [9, 51, 5], [9, 51, 6], [9, 51, 7], [9, 51, 8], [9, 51, 10], [9, 51, 11], [9, 51, 12], [9, 51, 13], [9, 51, 14], [9, 51, 15], [9, 51, 16], [9, 51, 17], [9, 51, 18], [9, 51, 19], [9, 51, 20], [9, 51, 21], [9, 51, 22], [9, 51, 23], [9, 51, 24], [9, 51, 25], [9, 51, 26], [9, 51, 27], [9, 51, 28], [9, 51, 29], [9, 51, 30], [9, 51, 31], [9, 51, 33], [9, 51, 34], [9, 51, 35], [13, 55, 1], [13, 55, 2], [13, 55, 3], [13, 55, 4], [13, 55, 5], [13, 55, 6], [13, 55, 7], [13, 55, 8], [13, 55, 10], [13, 55, 11], [13, 55, 12], [13, 55, 13], [13, 55, 14], [13, 55, 15], [13, 55, 16], [13, 55, 17], [13, 55, 18], [13, 55, 19], [13, 55, 20], [13, 55, 21], [13, 55, 22], [13, 55, 23], [13, 55, 24], [13, 55, 25], [13, 55, 26], [13, 55, 27], [13, 55, 28], [13, 55, 29], [13, 55, 30], [13, 55, 31], [13, 55, 33], [13, 55, 34], [13, 55, 35], [14, 52, 1], [14, 52, 2], [14, 52, 3], [14, 52, 4], [14, 52, 5], [14, 52, 6], [14, 52, 7], [14, 52, 8], [14, 52, 10], [14, 52, 11], [14, 52, 12], [14, 52, 13], [14, 52, 14], [14, 52, 15], [14, 52, 16], [14, 52, 17], [14, 52, 18], [14, 52, 19], [14, 52, 20], [14, 52, 21], [14, 52, 22], [14, 52, 23], [14, 52, 24], [14, 52, 25], [14, 52, 26], [14, 52, 27], [14, 52, 28], [14, 52, 29], [14, 52, 30], [14, 52, 31], [14, 52, 33], [14, 52, 34], [14, 52, 35], [16, 195, 9], [17, 47, 1], [17, 47, 2], [17, 47, 3], [17, 47, 4], [17, 47, 5], [17, 47, 6], [17, 47, 7], [17, 47, 8], [17, 47, 10], [17, 47, 11], [17, 47, 12], [17, 47, 13], [17, 47, 14], [17, 47, 15], [17, 47, 16], [17, 47, 17], [17, 47, 18], [17, 47, 19], [17, 47, 20], [17, 47, 21], [17, 47, 22], [17, 47, 23], [17, 47, 24], [17, 47, 25], [17, 47, 26], [17, 47, 27], [17, 47, 28], [17, 47, 29], [17, 47, 30], [17, 47, 31], [17, 47, 33], [17, 47, 34], [17, 47, 35], [32, 73, 9], [33, 70, 9], [41, 205, 32], [47, 5, 1], [47, 5, 2], [47, 5, 3], [47, 5, 4], [47, 5, 5], [47, 5, 6], [47, 5, 7], [47, 5, 8], [47, 5, 10], [47, 5, 11], [47, 5, 12], [47, 5, 13], [47, 5, 14], [47, 5, 15], [47, 5, 16], [47, 5, 17], [47, 5, 18], [47, 5, 19], [47, 5, 20], [47, 5, 21], [47, 5, 22], [47, 5, 23], [47, 5, 24], [47, 5, 25], [47, 5, 26], [47, 5, 27], [47, 5, 28], [47, 5, 29], [47, 5, 30], [47, 5, 31], [47, 5, 33], [47, 5, 34], [47, 5, 35], [48, 6, 1], [48, 6, 2], [48, 6, 3], [48, 6, 4], [48, 6, 5], [48, 6, 6], [48, 6, 7], [48, 6, 8], [48, 6, 10], [48, 6, 11], [48, 6, 12], [48, 6, 13], [48, 6, 14], [48, 6, 15], [48, 6, 16], [48, 6, 17], [48, 6, 18], [48, 6, 19], [48, 6, 20], [48, 6, 21], [48, 6, 22], [48, 6, 23], [48, 6, 24], [48, 6, 25], [48, 6, 26], [48, 6, 27], [48, 6, 28], [48, 6, 29], [48, 6, 30], [48, 6, 31], [48, 6, 33], [48, 6, 34], [48, 6, 35], [49, 7, 1], [49, 7, 2], [49, 7, 3], [49, 7, 4], [49, 7, 5], [49, 7, 6], [49, 7, 7], [49, 7, 8], [49, 7, 10], [49, 7, 11], [49, 7, 12], [49, 7, 13], [49, 7, 14], [49, 7, 15], [49, 7, 16], [49, 7, 17], [49, 7, 18], [49, 7, 19], [49, 7, 20], [49, 7, 21], [49, 7, 22], [49, 7, 23], [49, 7, 24], [49, 7, 25], [49, 7, 26], [49, 7, 27], [49, 7, 28], [49, 7, 29], [49, 7, 30], [49, 7, 31], [49, 7, 33], [49, 7, 34], [49, 7, 35], [50, 8, 1], [50, 8, 2], [50, 8, 3], [50, 8, 4], [50, 8, 5], [50, 8, 6], [50, 8, 7], [50, 8, 8], [50, 8, 10], [50, 8, 11], [50, 8, 12], [50, 8, 13], [50, 8, 14], [50, 8, 15], [50, 8, 16], [50, 8, 17], [50, 8, 18], [50, 8, 19], [50, 8, 20], [50, 8, 21], [50, 8, 22], [50, 8, 23], [50, 8, 24], [50, 8, 25], [50, 8, 26], [50, 8, 27], [50, 8, 28], [50, 8, 29], [50, 8, 30], [50, 8, 31], [50, 8, 33], [50, 8, 34], [50, 8, 35], [51, 14, 1], [51, 14, 2], [51, 14, 3], [51, 14, 4], [51, 14, 5], [51, 14, 6], [51, 14, 7], [51, 14, 8], [51, 14, 10], [51, 14, 11], [51, 14, 12], [51, 14, 13], [51, 14, 14], [51, 14, 15], [51, 14, 16], [51, 14, 17], [51, 14, 18], [51, 14, 19], [51, 14, 20], [51, 14, 21], [51, 14, 22], [51, 14, 23], [51, 14, 24], [51, 14, 25], [51, 14, 26], [51, 14, 27], [51, 14, 28], [51, 14, 29], [51, 14, 30], [51, 14, 31], [51, 14, 33], [51, 14, 34], [51, 14, 35], [52, 53, 1], [52, 53, 2], [52, 53, 3], [52, 53, 4], [52, 53, 5], [52, 53, 6], [52, 53, 7], [52, 53, 8], [52, 53, 10], [52, 53, 11], [52, 53, 12], [52, 53, 13], [52, 53, 14], [52, 53, 15], [52, 53, 16], [52, 53, 17], [52, 53, 18], [52, 53, 19], [52, 53, 20], [52, 53, 21], [52, 53, 22], [52, 53, 23], [52, 53, 24], [52, 53, 25], [52, 53, 26], [52, 53, 27], [52, 53, 28], [52, 53, 29], [52, 53, 30], [52, 53, 31], [52, 53, 33], [52, 53, 34], [52, 53, 35], [53, 54, 1], [53, 54, 2], [53, 54, 3], [53, 54, 4], [53, 54, 5], [53, 54, 6], [53, 54, 7], [53, 54, 8], [53, 54, 10], [53, 54, 11], [53, 54, 12], [53, 54, 13], [53, 54, 14], [53, 54, 15], [53, 54, 16], [53, 54, 17], [53, 54, 18], [53, 54, 19], [53, 54, 20], [53, 54, 21], [53, 54, 22], [53, 54, 23], [53, 54, 24], [53, 54, 25], [53, 54, 26], [53, 54, 27], [53, 54, 28], [53, 54, 29], [53, 54, 30], [53, 54, 31], [53, 54, 33], [53, 54, 34], [53, 54, 35], [54, 13, 1], [54, 13, 2], [54, 13, 3], [54, 13, 4], [54, 13, 5], [54, 13, 6], [54, 13, 7], [54, 13, 8], [54, 13, 10], [54, 13, 11], [54, 13, 12], [54, 13, 13], [54, 13, 14], [54, 13, 15], [54, 13, 16], [54, 13, 17], [54, 13, 18], [54, 13, 19], [54, 13, 20], [54, 13, 21], [54, 13, 22], [54, 13, 23], [54, 13, 24], [54, 13, 25], [54, 13, 26], [54, 13, 27], [54, 13, 28], [54, 13, 29], [54, 13, 30], [54, 13, 31], [54, 13, 33], [54, 13, 34], [54, 13, 35], [55, 56, 1], [55, 56, 2], [55, 56, 3], [55, 56, 4], [55, 56, 5], [55, 56, 6], [55, 56, 7], [55, 56, 8], [55, 56, 10], [55, 56, 11], [55, 56, 12], [55, 56, 13], [55, 56, 14], [55, 56, 15], [55, 56, 16], [55, 56, 17], [55, 56, 18], [55, 56, 19], [55, 56, 20], [55, 56, 21], [55, 56, 22], [55, 56, 23], [55, 56, 24], [55, 56, 25], [55, 56, 26], [55, 56, 27], [55, 56, 28], [55, 56, 29], [55, 56, 30], [55, 56, 31], [55, 56, 33], [55, 56, 34], [55, 56, 35], [56, 57, 1], [56, 57, 2], [56, 57, 3], [56, 57, 4], [56, 57, 5], [56, 57, 6], [56, 57, 7], [56, 57, 8], [56, 57, 10], [56, 57, 11], [56, 57, 12], [56, 57, 13], [56, 57, 14], [56, 57, 15], [56, 57, 16], [56, 57, 17], [56, 57, 18], [56, 57, 19], [56, 57, 20], [56, 57, 21], [56, 57, 22], [56, 57, 23], [56, 57, 24], [56, 57, 25], [56, 57, 26], [56, 57, 27], [56, 57, 28], [56, 57, 29], [56, 57, 30], [56, 57, 31], [56, 57, 33], [56, 57, 34], [56, 57, 35], [57, 58, 1], [57, 58, 2], [57, 58, 3], [57, 58, 4], [57, 58, 5], [57, 58, 6], [57, 58, 7], [57, 58, 8], [57, 58, 10], [57, 58, 11], [57, 58, 12], [57, 58, 13], [57, 58, 14], [57, 58, 15], [57, 58, 16], [57, 58, 17], [57, 58, 18], [57, 58, 19], [57, 58, 20], [57, 58, 21], [57, 58, 22], [57, 58, 23], [57, 58, 24], [57, 58, 25], [57, 58, 26], [57, 58, 27], [57, 58, 28], [57, 58, 29], [57, 58, 30], [57, 58, 31], [57, 58, 33], [57, 58, 34], [57, 58, 35], [58, 59, 1], [58, 59, 2], [58, 59, 3], [58, 59, 4], [58, 59, 5], [58, 59, 6], [58, 59, 7], [58, 59, 8], [58, 59, 10], [58, 59, 11], [58, 59, 12], [58, 59, 13], [58, 59, 14], [58, 59, 15], [58, 59, 16], [58, 59, 17], [58, 59, 18], [58, 59, 19], [58, 59, 20], [58, 59, 21], [58, 59, 22], [58, 59, 23], [58, 59, 24], [58, 59, 25], [58, 59, 26], [58, 59, 27], [58, 59, 28], [58, 59, 29], [58, 59, 30], [58, 59, 31], [58, 59, 33], [58, 59, 34], [58, 59, 35], [59, 295, 1], [59, 295, 2], [59, 295, 3], [59, 295, 4], [59, 295, 5], [59, 295, 6], [59, 295, 7], [59, 295, 8], [59, 295, 10], [59, 295, 11], [59, 295, 12], [59, 295, 13], [59, 295, 14], [59, 295, 15], [59, 295, 16], [59, 295, 17], [59, 295, 18], [59, 295, 19], [59, 295, 20], [59, 295, 21], [59, 295, 22], [59, 295, 23], [59, 295, 24], [59, 295, 25], [59, 295, 26], [59, 295, 27], [59, 295, 28], [59, 295, 29], [59, 295, 30], [59, 295, 31], [59, 295, 33], [59, 295, 34], [59, 295, 35], [63, 41, 32], [67, 4, 9], [68, 69, 9], [69, 33, 9], [70, 32, 9], [73, 74, 9], [74, 75, 9], [75, 67, 9], [78, 9, 1], [78, 9, 2], [78, 9, 3], [78, 9, 4], [78, 9, 5], [78, 9, 6], [78, 9, 7], [78, 9, 8], [78, 9, 10], [78, 9, 11], [78, 9, 12], [78, 9, 13], [78, 9, 14], [78, 9, 15], [78, 9, 16], [78, 9, 17], [78, 9, 18], [78, 9, 19], [78, 9, 20], [78, 9, 21], [78, 9, 22], [78, 9, 23], [78, 9, 24], [78, 9, 25], [78, 9, 26], [78, 9, 27], [78, 9, 28], [78, 9, 29], [78, 9, 30], [78, 9, 31], [78, 9, 33], [78, 9, 34], [78, 9, 35], [102, 103, 36], [103, 123, 36], [104, 105, 36], [105, 106, 36], [106, 107, 36], [107, 108, 36], [108, 109, 36], [109, 110, 36], [110, 111, 36], [111, 112, 36], [112, 113, 36], [113, 114, 36], [114, 115, 36], [115, 116, 36], [116, 117, 36], [117, 118, 36], [118, 119, 36], [119, 17, 36], [123, 124, 36], [124, 104, 36], [172, 190, 9], [174, 173, 9], [175, 174, 9], [186, 187, 9], [187, 188, 9], [188, 189, 9], [189, 172, 9], [190, 175, 9], [195, 196, 9], [196, 68, 9], [205, 206, 32], [206, 207, 32], [207, 208, 32], [208, 209, 32], [209, 210, 32], [210, 211, 32], [211, 212, 32], [212, 213, 32], [213, 214, 32], [214, 215, 32], [215, 216, 32], [216, 219, 32], [219, 259, 32], [222, 224, 1], [222, 224, 2], [222, 224, 3], [222, 224, 4], [222, 224, 5], [222, 224, 6], [222, 224, 7], [222, 224, 8], [222, 224, 10], [222, 224, 11], [222, 224, 12], [222, 224, 13], [222, 224, 14], [222, 224, 15], [222, 224, 16], [222, 224, 17], [222, 224, 18], [222, 224, 19], [222, 224, 20], [222, 224, 21], [222, 224, 22], [222, 224, 23], [222, 224, 24], [222, 224, 25], [222, 224, 26], [222, 224, 27], [222, 224, 28], [222, 224, 29], [222, 224, 30], [222, 224, 31], [222, 224, 33], [222, 224, 34], [222, 224, 35], [224, 223, 1], [224, 223, 2], [224, 223, 3], [224, 223, 4], [224, 223, 5], [224, 223, 6], [224, 223, 7], [224, 223, 8], [224, 223, 10], [224, 223, 11], [224, 223, 12], [224, 223, 13], [224, 223, 14], [224, 223, 15], [224, 223, 16], [224, 223, 17], [224, 223, 18], [224, 223, 19], [224, 223, 20], [224, 223, 21], [224, 223, 22], [224, 223, 23], [224, 223, 24], [224, 223, 25], [224, 223, 26], [224, 223, 27], [224, 223, 28], [224, 223, 29], [224, 223, 30], [224, 223, 31], [224, 223, 33], [224, 223, 34], [224, 223, 35], [242, 16, 9], [244, 63, 32], [295, 296, 1], [295, 296, 2], [295, 296, 3], [295, 296, 4], [295, 296, 5], [295, 296, 6], [295, 296, 7], [295, 296, 8], [295, 296, 10], [295, 296, 11], [295, 296, 12], [295, 296, 13], [295, 296, 14], [295, 296, 15], [295, 296, 16], [295, 296, 17], [295, 296, 18], [295, 296, 19], [295, 296, 20], [295, 296, 21], [295, 296, 22], [295, 296, 23], [295, 296, 24], [295, 296, 25], [295, 296, 26], [295, 296, 27], [295, 296, 28], [295, 296, 29], [295, 296, 30], [295, 296, 31], [295, 296, 33], [295, 296, 34], [295, 296, 35], [296, 297, 1], [296, 297, 2], [296, 297, 3], [296, 297, 4], [296, 297, 5], [296, 297, 6], [296, 297, 7], [296, 297, 8], [296, 297, 10], [296, 297, 11], [296, 297, 12], [296, 297, 13], [296, 297, 14], [296, 297, 15], [296, 297, 16], [296, 297, 17], [296, 297, 18], [296, 297, 19], [296, 297, 20], [296, 297, 21], [296, 297, 22], [296, 297, 23], [296, 297, 24], [296, 297, 25], [296, 297, 26], [296, 297, 27], [296, 297, 28], [296, 297, 29], [296, 297, 30], [296, 297, 31], [296, 297, 33], [296, 297, 34], [296, 297, 35], [297, 222, 1], [297, 222, 2], [297, 222, 3], [297, 222, 4], [297, 222, 5], [297, 222, 6], [297, 222, 7], [297, 222, 8], [297, 222, 10], [297, 222, 11], [297, 222, 12], [297, 222, 13], [297, 222, 14], [297, 222, 15], [297, 222, 16], [297, 222, 17], [297, 222, 18], [297, 222, 19], [297, 222, 20], [297, 222, 21], [297, 222, 22], [297, 222, 23], [297, 222, 24], [297, 222, 25], [297, 222, 26], [297, 222, 27], [297, 222, 28], [297, 222, 29], [297, 222, 30], [297, 222, 31], [297, 222, 33], [297, 222, 34], [297, 222, 35]]
List of All Routes is {'Route_1': [17, 47, 5, 48, 6, 49, 7, 50, 8, 78, 9, 51, 14, 52, 53, 54, 13, 55, 56, 57, 58, 59, 295, 296, 297, 222, 224, 223], 'Route_1_1': [223, 224, 222, 297, 296, 295, 59, 58, 57, 56, 55, 13, 54, 53, 52, 14, 51, 9, 78, 8, 50, 7, 49, 6, 48, 5, 47, 17], 'Route_2': [17, 47, 5, 48, 6, 49, 7, 50, 8, 78, 9, 51, 14, 52, 53, 54, 13, 55, 56, 57, 58, 59, 295, 296, 297, 222, 224, 223], 'Route_2_1': [223, 224, 222, 297, 296, 295, 59, 58, 57, 56, 55, 13, 54, 53, 52, 14, 51, 9, 78, 8, 50, 7, 49, 6, 48, 5, 47, 17], 'Route_3': [17, 47, 5, 48, 6, 49, 7, 50, 8, 78, 9, 51, 14, 52, 53, 54, 13, 55, 56, 57, 58, 59, 295, 296, 297, 222, 224, 223], 'Route_3_1': [223, 224, 222, 297, 296, 295, 59, 58, 57, 56, 55, 13, 54, 53, 52, 14, 51, 9, 78, 8, 50, 7, 49, 6, 48, 5, 47, 17], 'Route_4': [17, 47, 5, 48, 6, 49, 7, 50, 8, 78, 9, 51, 14, 52, 53, 54, 13, 55, 56, 57, 58, 59, 295, 296, 297, 222, 224, 223], 'Route_4_1': [223, 224, 222, 297, 296, 295, 59, 58, 57, 56, 55, 13, 54, 53, 52, 14, 51, 9, 78, 8, 50, 7, 49, 6, 48, 5, 47, 17], 'Route_5': [17, 47, 5, 48, 6, 49, 7, 50, 8, 78, 9, 51, 14, 52, 53, 54, 13, 55, 56, 57, 58, 59, 295, 296, 297, 222, 224, 223], 'Route_5_1': [223, 224, 222, 297, 296, 295, 59, 58, 57, 56, 55, 13, 54, 53, 52, 14, 51, 9, 78, 8, 50, 7, 49, 6, 48, 5, 47, 17], 'Route_6': [17, 47, 5, 48, 6, 49, 7, 50, 8, 78, 9, 51, 14, 52, 53, 54, 13, 55, 56, 57, 58, 59, 295, 296, 297, 222, 224, 223], 'Route_6_1': [223, 224, 222, 297, 296, 295, 59, 58, 57, 56, 55, 13, 54, 53, 52, 14, 51, 9, 78, 8, 50, 7, 49, 6, 48, 5, 47, 17], 'Route_7': [17, 47, 5, 48, 6, 49, 7, 50, 8, 78, 9, 51, 14, 52, 53, 54, 13, 55, 56, 57, 58, 59, 295, 296, 297, 222, 224, 223], 'Route_7_1': [223, 224, 222, 297, 296, 295, 59, 58, 57, 56, 55, 13, 54, 53, 52, 14, 51, 9, 78, 8, 50, 7, 49, 6, 48, 5, 47, 17], 'Route_8': [17, 47, 5, 48, 6, 49, 7, 50, 8, 78, 9, 51, 14, 52, 53, 54, 13, 55, 56, 57, 58, 59, 295, 296, 297, 222, 224, 223], 'Route_8_1': [223, 224, 222, 297, 296, 295, 59, 58, 57, 56, 55, 13, 54, 53, 52, 14, 51, 9, 78, 8, 50, 7, 49, 6, 48, 5, 47, 17], 'Route_9': [242, 16, 195, 196, 68, 69, 33, 70, 32, 73, 74, 75, 67, 4, 186, 187, 188, 189, 172, 190, 175, 174, 173], 'Route_9_1': [173, 174, 175, 190, 172, 189, 188, 187, 186, 4, 67, 75, 74, 73, 32, 70, 33, 69, 68, 196, 195, 16, 242], 'Route_10': [17, 47, 5, 48, 6, 49, 7, 50, 8, 78, 9, 51, 14, 52, 53, 54, 13, 55, 56, 57, 58, 59, 295, 296, 297, 222, 224, 223], 'Route_10_1': [223, 224, 222, 297, 296, 295, 59, 58, 57, 56, 55, 13, 54, 53, 52, 14, 51, 9, 78, 8, 50, 7, 49, 6, 48, 5, 47, 17], 'Route_11': [17, 47, 5, 48, 6, 49, 7, 50, 8, 78, 9, 51, 14, 52, 53, 54, 13, 55, 56, 57, 58, 59, 295, 296, 297, 222, 224, 223], 'Route_11_1': [223, 224, 222, 297, 296, 295, 59, 58, 57, 56, 55, 13, 54, 53, 52, 14, 51, 9, 78, 8, 50, 7, 49, 6, 48, 5, 47, 17], 'Route_12': [17, 47, 5, 48, 6, 49, 7, 50, 8, 78, 9, 51, 14, 52, 53, 54, 13, 55, 56, 57, 58, 59, 295, 296, 297, 222, 224, 223], 'Route_12_1': [223, 224, 222, 297, 296, 295, 59, 58, 57, 56, 55, 13, 54, 53, 52, 14, 51, 9, 78, 8, 50, 7, 49, 6, 48, 5, 47, 17], 'Route_13': [17, 47, 5, 48, 6, 49, 7, 50, 8, 78, 9, 51, 14, 52, 53, 54, 13, 55, 56, 57, 58, 59, 295, 296, 297, 222, 224, 223], 'Route_13_1': [223, 224, 222, 297, 296, 295, 59, 58, 57, 56, 55, 13, 54, 53, 52, 14, 51, 9, 78, 8, 50, 7, 49, 6, 48, 5, 47, 17], 'Route_14': [17, 47, 5, 48, 6, 49, 7, 50, 8, 78, 9, 51, 14, 52, 53, 54, 13, 55, 56, 57, 58, 59, 295, 296, 297, 222, 224, 223], 'Route_14_1': [223, 224, 222, 297, 296, 295, 59, 58, 57, 56, 55, 13, 54, 53, 52, 14, 51, 9, 78, 8, 50, 7, 49, 6, 48, 5, 47, 17], 'Route_15': [17, 47, 5, 48, 6, 49, 7, 50, 8, 78, 9, 51, 14, 52, 53, 54, 13, 55, 56, 57, 58, 59, 295, 296, 297, 222, 224, 223], 'Route_15_1': [223, 224, 222, 297, 296, 295, 59, 58, 57, 56, 55, 13, 54, 53, 52, 14, 51, 9, 78, 8, 50, 7, 49, 6, 48, 5, 47, 17], 'Route_16': [17, 47, 5, 48, 6, 49, 7, 50, 8, 78, 9, 51, 14, 52, 53, 54, 13, 55, 56, 57, 58, 59, 295, 296, 297, 222, 224, 223], 'Route_16_1': [223, 224, 222, 297, 296, 295, 59, 58, 57, 56, 55, 13, 54, 53, 52, 14, 51, 9, 78, 8, 50, 7, 49, 6, 48, 5, 47, 17], 'Route_17': [17, 47, 5, 48, 6, 49, 7, 50, 8, 78, 9, 51, 14, 52, 53, 54, 13, 55, 56, 57, 58, 59, 295, 296, 297, 222, 224, 223], 'Route_17_1': [223, 224, 222, 297, 296, 295, 59, 58, 57, 56, 55, 13, 54, 53, 52, 14, 51, 9, 78, 8, 50, 7, 49, 6, 48, 5, 47, 17], 'Route_18': [17, 47, 5, 48, 6, 49, 7, 50, 8, 78, 9, 51, 14, 52, 53, 54, 13, 55, 56, 57, 58, 59, 295, 296, 297, 222, 224, 223], 'Route_18_1': [223, 224, 222, 297, 296, 295, 59, 58, 57, 56, 55, 13, 54, 53, 52, 14, 51, 9, 78, 8, 50, 7, 49, 6, 48, 5, 47, 17], 'Route_19': [17, 47, 5, 48, 6, 49, 7, 50, 8, 78, 9, 51, 14, 52, 53, 54, 13, 55, 56, 57, 58, 59, 295, 296, 297, 222, 224, 223], 'Route_19_1': [223, 224, 222, 297, 296, 295, 59, 58, 57, 56, 55, 13, 54, 53, 52, 14, 51, 9, 78, 8, 50, 7, 49, 6, 48, 5, 47, 17], 'Route_20': [17, 47, 5, 48, 6, 49, 7, 50, 8, 78, 9, 51, 14, 52, 53, 54, 13, 55, 56, 57, 58, 59, 295, 296, 297, 222, 224, 223], 'Route_20_1': [223, 224, 222, 297, 296, 295, 59, 58, 57, 56, 55, 13, 54, 53, 52, 14, 51, 9, 78, 8, 50, 7, 49, 6, 48, 5, 47, 17], 'Route_21': [17, 47, 5, 48, 6, 49, 7, 50, 8, 78, 9, 51, 14, 52, 53, 54, 13, 55, 56, 57, 58, 59, 295, 296, 297, 222, 224, 223], 'Route_21_1': [223, 224, 222, 297, 296, 295, 59, 58, 57, 56, 55, 13, 54, 53, 52, 14, 51, 9, 78, 8, 50, 7, 49, 6, 48, 5, 47, 17], 'Route_22': [17, 47, 5, 48, 6, 49, 7, 50, 8, 78, 9, 51, 14, 52, 53, 54, 13, 55, 56, 57, 58, 59, 295, 296, 297, 222, 224, 223], 'Route_22_1': [223, 224, 222, 297, 296, 295, 59, 58, 57, 56, 55, 13, 54, 53, 52, 14, 51, 9, 78, 8, 50, 7, 49, 6, 48, 5, 47, 17], 'Route_23': [17, 47, 5, 48, 6, 49, 7, 50, 8, 78, 9, 51, 14, 52, 53, 54, 13, 55, 56, 57, 58, 59, 295, 296, 297, 222, 224, 223], 'Route_23_1': [223, 224, 222, 297, 296, 295, 59, 58, 57, 56, 55, 13, 54, 53, 52, 14, 51, 9, 78, 8, 50, 7, 49, 6, 48, 5, 47, 17], 'Route_24': [17, 47, 5, 48, 6, 49, 7, 50, 8, 78, 9, 51, 14, 52, 53, 54, 13, 55, 56, 57, 58, 59, 295, 296, 297, 222, 224, 223], 'Route_24_1': [223, 224, 222, 297, 296, 295, 59, 58, 57, 56, 55, 13, 54, 53, 52, 14, 51, 9, 78, 8, 50, 7, 49, 6, 48, 5, 47, 17], 'Route_25': [17, 47, 5, 48, 6, 49, 7, 50, 8, 78, 9, 51, 14, 52, 53, 54, 13, 55, 56, 57, 58, 59, 295, 296, 297, 222, 224, 223], 'Route_25_1': [223, 224, 222, 297, 296, 295, 59, 58, 57, 56, 55, 13, 54, 53, 52, 14, 51, 9, 78, 8, 50, 7, 49, 6, 48, 5, 47, 17], 'Route_26': [17, 47, 5, 48, 6, 49, 7, 50, 8, 78, 9, 51, 14, 52, 53, 54, 13, 55, 56, 57, 58, 59, 295, 296, 297, 222, 224, 223], 'Route_26_1': [223, 224, 222, 297, 296, 295, 59, 58, 57, 56, 55, 13, 54, 53, 52, 14, 51, 9, 78, 8, 50, 7, 49, 6, 48, 5, 47, 17], 'Route_27': [17, 47, 5, 48, 6, 49, 7, 50, 8, 78, 9, 51, 14, 52, 53, 54, 13, 55, 56, 57, 58, 59, 295, 296, 297, 222, 224, 223], 'Route_27_1': [223, 224, 222, 297, 296, 295, 59, 58, 57, 56, 55, 13, 54, 53, 52, 14, 51, 9, 78, 8, 50, 7, 49, 6, 48, 5, 47, 17], 'Route_28': [17, 47, 5, 48, 6, 49, 7, 50, 8, 78, 9, 51, 14, 52, 53, 54, 13, 55, 56, 57, 58, 59, 295, 296, 297, 222, 224, 223], 'Route_28_1': [223, 224, 222, 297, 296, 295, 59, 58, 57, 56, 55, 13, 54, 53, 52, 14, 51, 9, 78, 8, 50, 7, 49, 6, 48, 5, 47, 17], 'Route_29': [17, 47, 5, 48, 6, 49, 7, 50, 8, 78, 9, 51, 14, 52, 53, 54, 13, 55, 56, 57, 58, 59, 295, 296, 297, 222, 224, 223], 'Route_29_1': [223, 224, 222, 297, 296, 295, 59, 58, 57, 56, 55, 13, 54, 53, 52, 14, 51, 9, 78, 8, 50, 7, 49, 6, 48, 5, 47, 17], 'Route_30': [17, 47, 5, 48, 6, 49, 7, 50, 8, 78, 9, 51, 14, 52, 53, 54, 13, 55, 56, 57, 58, 59, 295, 296, 297, 222, 224, 223], 'Route_30_1': [223, 224, 222, 297, 296, 295, 59, 58, 57, 56, 55, 13, 54, 53, 52, 14, 51, 9, 78, 8, 50, 7, 49, 6, 48, 5, 47, 17], 'Route_31': [17, 47, 5, 48, 6, 49, 7, 50, 8, 78, 9, 51, 14, 52, 53, 54, 13, 55, 56, 57, 58, 59, 295, 296, 297, 222, 224, 223], 'Route_31_1': [223, 224, 222, 297, 296, 295, 59, 58, 57, 56, 55, 13, 54, 53, 52, 14, 51, 9, 78, 8, 50, 7, 49, 6, 48, 5, 47, 17], 'Route_32': [244, 63, 41, 205, 206, 207, 208, 209, 210, 211, 212, 213, 214, 215, 216, 219, 259], 'Route_32_1': [259, 219, 216, 215, 214, 213, 212, 211, 210, 209, 208, 207, 206, 205, 41, 63, 244], 'Route_33': [17, 47, 5, 48, 6, 49, 7, 50, 8, 78, 9, 51, 14, 52, 53, 54, 13, 55, 56, 57, 58, 59, 295, 296, 297, 222, 224, 223], 'Route_33_1': [223, 224, 222, 297, 296, 295, 59, 58, 57, 56, 55, 13, 54, 53, 52, 14, 51, 9, 78, 8, 50, 7, 49, 6, 48, 5, 47, 17], 'Route_34': [17, 47, 5, 48, 6, 49, 7, 50, 8, 78, 9, 51, 14, 52, 53, 54, 13, 55, 56, 57, 58, 59, 295, 296, 297, 222, 224, 223], 'Route_34_1': [223, 224, 222, 297, 296, 295, 59, 58, 57, 56, 55, 13, 54, 53, 52, 14, 51, 9, 78, 8, 50, 7, 49, 6, 48, 5, 47, 17], 'Route_35': [17, 47, 5, 48, 6, 49, 7, 50, 8, 78, 9, 51, 14, 52, 53, 54, 13, 55, 56, 57, 58, 59, 295, 296, 297, 222, 224, 223], 'Route_35_1': [223, 224, 222, 297, 296, 295, 59, 58, 57, 56, 55, 13, 54, 53, 52, 14, 51, 9, 78, 8, 50, 7, 49, 6, 48, 5, 47, 17], 'Route_36': [102, 103, 123, 124, 104, 105, 106, 107, 108, 109, 110, 111, 112, 113, 114, 115, 116, 117, 118, 119, 17], 'Route_36_1': [17, 119, 118, 117, 116, 115, 114, 113, 112, 111, 110, 109, 108, 107, 106, 105, 104, 124, 123, 103, 102]}
