Set parameter WLSAccessID
Set parameter WLSSecret
Set parameter LicenseID to value 2604445
Academic license 2604445 - for non-commercial use only - registered to an___@um.edu.mt
Set parameter Seed to value 23
Set parameter TimeLimit to value 3600
Gurobi Optimizer version 12.0.2 build v12.0.2rc0 (linux64 - "Ubuntu 22.04.5 LTS")

CPU model: Intel(R) Core(TM) i5-10400 CPU @ 2.90GHz, instruction set [SSE2|AVX|AVX2]
Thread count: 6 physical cores, 12 logical processors, using up to 12 threads

Non-default parameters:
TimeLimit  3600
Seed  23

Academic license 2604445 - for non-commercial use only - registered to an___@um.edu.mt
Optimize a model with 2212595 rows, 35854 columns and 4529123 nonzeros
Model fingerprint: 0xbe5565f4
Variable types: 0 continuous, 35854 integer (27779 binary)
Coefficient statistics:
  Matrix range     [1e+00, 6e+01]
  Objective range  [1e-06, 2e-02]
  Bounds range     [1e+00, 3e+02]
  RHS range        [1e+00, 6e+01]
Presolve removed 16379 rows and 12406 columns (presolve time = 5s)...
Presolve removed 16403 rows and 12623 columns (presolve time = 10s)...
Presolve removed 16577 rows and 12628 columns
Presolve time: 13.03s
Presolved: 2196018 rows, 23226 columns, 4466658 nonzeros
Variable types: 0 continuous, 23226 integer (15978 binary)
Deterministic concurrent LP optimizer: primal simplex, dual simplex, and barrier
Showing barrier log only...

Root barrier log...

Ordering time: 0.02s

Barrier statistics:
 Dense cols : 1
 Free vars  : 149
 AA' NZ     : 4.960e+04
 Factor NZ  : 6.781e+04 (roughly 40 MB of memory)
 Factor Ops : 1.194e+07 (less than 1 second per iteration)
 Threads    : 3

                  Objective                Residual
Iter       Primal          Dual         Primal    Dual     Compl     Time
   0  -1.15541629e+06  5.00000000e+00  4.27e+00 7.88e+00  3.20e+01    29s

Barrier performed 0 iterations in 29.29 seconds (21.87 work units)
Barrier solve interrupted - model solved by another algorithm

Concurrent spin time: 0.08s

Solved with dual simplex

Root simplex log...

Iteration    Objective       Primal Inf.    Dual Inf.      Time
     783    6.5195888e-02   0.000000e+00   0.000000e+00     29s

Root simplex log...

Iteration    Objective       Primal Inf.    Dual Inf.      Time
     783    6.5195888e-02   0.000000e+00   0.000000e+00     29s

Use crossover to convert LP symmetric solution to basic solution...

Root crossover log...

      24 DPushes remaining with DInf 2.6336637e-06                31s

    6419 PPushes remaining with PInf 0.0000000e+00                32s
       0 PPushes remaining with PInf 0.0000000e+00                35s

  Push phase complete: Pinf 0.0000000e+00, Dinf 3.4854612e-18     35s


Root simplex log...

Iteration    Objective       Primal Inf.    Dual Inf.      Time
    7205    6.5195787e-02   0.000000e+00   0.000000e+00     35s
    7205    6.5195787e-02   0.000000e+00   0.000000e+00     36s

Root relaxation: objective 6.519579e-02, 7205 iterations, 13.76 seconds (6.75 work units)
Total elapsed time = 44.29s (DegenMoves)
Total elapsed time = 48.60s (DegenMoves)
Total elapsed time = 51.35s (DegenMoves)

    Nodes    |    Current Node    |     Objective Bounds      |     Work
 Expl Unexpl |  Obj  Depth IntInf | Incumbent    BestBd   Gap | It/Node Time

     0     0    0.06520    0  428          -    0.06520      -     -   58s
H    0     0                       5.0009222    0.06520  98.7%     -   89s
     0     0    0.06538    0 1042    5.00092    0.06538  98.7%     -  100s
H    0     0                       4.1804888    0.06538  98.4%     -  103s
H    0     0                       3.9948121    0.06538  98.4%     -  104s
H    0     0                       3.7630146    0.06538  98.3%     -  104s
     0     0    0.06538    0 1008    3.76301    0.06538  98.3%     -  110s
     0     0    0.06539    0 1520    3.76301    0.06539  98.3%     -  128s
H    0     0                       3.5776549    0.06539  98.2%     -  141s
     0     0    0.06539    0 1194    3.57765    0.06539  98.2%     -  143s
     0     0    0.06539    0 1501    3.57765    0.06539  98.2%     -  160s
H    0     0                       3.0209305    0.06539  97.8%     -  185s
H    0     0                       2.6340997    0.06539  97.5%     -  185s
     0     0    0.11181    0 1549    2.63410    0.11181  95.8%     -  188s
     0     0    0.11181    0 1578    2.63410    0.11181  95.8%     -  209s
     0     0    0.11181    0 1182    2.63410    0.11181  95.8%     -  218s
     0     0    0.11182    0 1408    2.63410    0.11182  95.8%     -  238s
H    0     0                       2.5258643    0.11182  95.6%     -  246s
     0     0    0.11182    0 1196    2.52586    0.11182  95.6%     -  251s
     0     0    0.11183    0 1431    2.52586    0.11183  95.6%     -  269s
H    0     0                       2.5258354    0.11183  95.6%     -  281s
     0     0    0.11183    0 1491    2.52584    0.11183  95.6%     -  288s
     0     0    0.14276    0 2026    2.52584    0.14276  94.3%     -  317s
H    0     0                       2.4955429    0.14276  94.3%     -  325s
     0     0    0.14276    0 1535    2.49554    0.14276  94.3%     -  331s
     0     0    0.14277    0 2234    2.49554    0.14277  94.3%     -  358s
H    0     0                       2.4800512    0.14277  94.2%     -  372s
     0     0    0.14277    0 1498    2.48005    0.14277  94.2%     -  377s
     0     0    0.14279    0 2041    2.48005    0.14279  94.2%     -  405s
     0     0    0.14279    0 1572    2.48005    0.14279  94.2%     -  434s
     0     0    0.14280    0 1769    2.48005    0.14280  94.2%     -  456s
H    0     0                       2.4796921    0.14280  94.2%     -  468s
     0     0    0.14280    0 1928    2.47969    0.14280  94.2%     -  481s
     0     0    0.14280    0 1962    2.47969    0.14280  94.2%     -  516s
     0     0    0.14280    0  495    2.47969    0.14280  94.2%     -  556s
     0     2    0.14282    0  481    2.47969    0.14282  94.2%     -  643s
     1     4    0.14282    1  587    2.47969    0.14282  94.2%  5625  659s
     3     8    0.14282    2  789    2.47969    0.14282  94.2%  4768  701s
     7    13    0.15824    3 1146    2.47969    0.14285  94.2%  4387  765s
    13    23    0.15824    4 1401    2.47969    0.14285  94.2%  4624  844s
H   26    35                       2.2940442    0.14285  93.8%  3117  906s
H   32    35                       2.1552758    0.14285  93.4%  2790  906s
    39    48    0.15829    8 1102    2.15528    0.14285  93.4%  2501  966s
    52    60    0.15830    9  970    2.15528    0.14285  93.4%  2272 1012s
    66    65    0.15839   10 1424    2.15528    0.14285  93.4%  1958 1070s
H   67    65                       2.1243838    0.14285  93.3%  1929 1070s
H   68    65                       2.0624997    0.14285  93.1%  1929 1070s
H   70    65                       2.0624145    0.14285  93.1%  1887 1070s
    74    72    0.17384   11 1161    2.06241    0.14285  93.1%  1880 1124s
    84    88    0.17384   12 1159    2.06241    0.14285  93.1%  1725 1170s
H  101    99                       1.9544402    0.14285  92.7%  1503 1218s
   113   109    0.17383   16 1094    1.95444    0.14285  92.7%  1403 1263s
   124   122    0.17382   17 1040    1.95444    0.14285  92.7%  1339 1306s
   139   129    0.17383   19 1682    1.95444    0.14285  92.7%  1255 1352s
H  142   129                       1.9388527    0.14285  92.6%  1261 1352s
H  144   129                       1.9079987    0.14285  92.5%  1249 1352s
H  146   129                       1.8926617    0.14285  92.5%  1234 1352s
   148   138    0.18931   19 1376    1.89266    0.14285  92.5%  1245 1394s
   164   145    0.17383   20 1443    1.89266    0.14285  92.5%  1136 1439s
   176   155    0.17383   21 1350    1.89266    0.14285  92.5%  1105 1483s
H  178   155                       1.8308023    0.14285  92.2%  1096 1483s
   186   166    0.17383   23 1347    1.83080    0.14285  92.2%  1092 1531s
   203   173    0.17383   26 1331    1.83080    0.14285  92.2%  1040 1573s
H  229   183                       1.8155157    0.14285  92.1%   935 1635s
H  232   183                       1.8001692    0.14285  92.1%   924 1635s
H  235   183                       1.7999548    0.14285  92.1%   920 1635s
H  242   183                       1.5058459    0.14285  90.5%   911 1635s
   248   192    0.17395   32 1159    1.50585    0.14285  90.5%   897 1682s
   265   202    0.17387   35  839    1.50585    0.14285  90.5%   862 1738s
   285   215 infeasible   38         1.50585    0.14285  90.5%   813 1792s
H  286   215                       1.4748831    0.14285  90.3%   810 1792s
H  290   215                       1.4747976    0.14285  90.3%   799 1792s
H  297   215                       1.2893211    0.14285  88.9%   803 1792s
   301   224    0.18929   43 1026    1.28932    0.14285  88.9%   808 1845s
   318   231 infeasible   46         1.28932    0.14285  88.9%   808 1907s
   338   234 infeasible   47         1.28932    0.14285  88.9%   781 1966s
H  339   234                       1.2740606    0.14285  88.8%   779 1966s
H  341   234                       1.1657225    0.14285  87.7%   781 1966s
   350   251 infeasible   53         1.16572    0.14285  87.7%   786 2020s
   370   264    0.31336   39 1458    1.16572    0.14285  87.7%   769 2084s
H  384   264                       0.8717906    0.14285  83.6%   751 2084s
   396   276    0.31337   41  621    0.87179    0.14285  83.6%   737 2159s
H  426   296                       0.8717854    0.14285  83.6%   716 2234s
H  426   296                       0.8099951    0.14285  82.4%   716 2234s
H  440   296                       0.8099248    0.14285  82.4%   703 2234s
H  445   296                       0.7484194    0.14285  80.9%   698 2234s
H  445   296                       0.7021566    0.14285  79.7%   698 2234s
   451   313    0.31339   46  624    0.70216    0.14285  79.7%   695 2285s
H  484   331                       0.6713078    0.14285  78.7%   675 2365s
H  514   331                       0.6557161    0.14285  78.2%   648 2365s
   519   350    0.31348   51  846    0.65572    0.14285  78.2%   657 2413s
   555   369    0.31362   53 2194    0.65572    0.14285  78.2%   645 2489s
H  557   369                       0.6555117    0.14285  78.2%   643 2489s
H  572   367                       0.4389670    0.14285  67.5%   637 2489s
H  578   367                       0.3928331    0.14285  63.6%   633 2489s
   584   397    0.31343   53  750    0.39283    0.14285  63.6%   630 2540s
H  627   415                       0.3618746    0.14285  60.5%   613 2642s
H  644   415                       0.3462751    0.14285  58.7%   607 2642s
   656   446    0.31345   60  862    0.34628    0.14285  58.7%   599 2694s
H  716   473                       0.3461429    0.14285  58.7%   561 2770s
H  724   472                       0.3309388    0.14285  56.8%   558 2770s
   767   495    0.31345   72  497    0.33094    0.14285  56.8%   537 2854s
   812   509 infeasible   78         0.33094    0.14285  56.8%   519 2937s
H  813   456                       0.3157260    0.14285  54.8%   518 2937s
H  835   456                       0.3152967    0.14285  54.7%   508 2937s
H  846   456                       0.3151803    0.14285  54.7%   510 2937s
   853   460    0.31378   83  521    0.31518    0.14285  54.7%   507 3028s
H  906   484                       0.3151772    0.14285  54.7%   495 3154s
H  916   484                       0.3151423    0.14285  54.7%   491 3154s
   939   517    0.31403   95  671    0.31514    0.14285  54.7%   497 3228s
H  994   448                       0.3000791    0.14285  52.4%   483 3364s
  1030   466     cutoff  116         0.30008    0.14285  52.4%   474 3454s
  1081   488 infeasible  126         0.30008    0.14285  52.4%   464 3586s
H 1082   488                       0.3000452    0.14285  52.4%   463 3586s
H 1084   488                       0.3000435    0.14285  52.4%   462 3586s
H 1092   488                       0.2999885    0.14285  52.4%   461 3586s
  1107   492    0.17442  107  589    0.29999    0.14285  52.4%   461 3603s

Cutting planes:
  Gomory: 76
  Cover: 779
  Implied bound: 3970
  Clique: 311
  MIR: 2044
  StrongCG: 33
  Zero half: 385
  RLT: 53
  Relax-and-lift: 606

Explored 1122 nodes (630164 simplex iterations) in 3604.36 seconds (2928.43 work units)
Thread count was 12 (of 12 available processors)

Solution count 10: 0.299989 0.300043 0.300045 ... 0.330939

Time limit reached
Best objective 2.999885048326e-01, best bound 1.428500428756e-01, gap 52.3815%
Objective Function at this solution: [[0, 1, 12], [0, 9, 13], [0, 173, 19], [1, 0, 19], [1, 84, 12], [2, 81, 19], [2, 303, 2], [2, 303, 12], [3, 4, 1], [3, 4, 2], [3, 4, 7], [3, 4, 12], [3, 4, 18], [4, 5, 1], [4, 5, 2], [4, 5, 7], [4, 5, 12], [4, 5, 18], [6, 145, 19], [7, 145, 20], [7, 294, 13], [7, 294, 18], [8, 1, 19], [9, 0, 12], [9, 173, 8], [9, 314, 13], [9, 314, 15], [9, 314, 24], [10, 75, 22], [10, 101, 13], [10, 322, 2], [12, 13, 17], [13, 14, 17], [13, 73, 11], [14, 15, 17], [15, 16, 17], [15, 69, 11], [16, 15, 11], [16, 17, 17], [17, 18, 17], [18, 19, 17], [19, 20, 17], [19, 66, 11], [20, 19, 11], [20, 21, 17], [21, 20, 11], [21, 22, 17], [22, 21, 11], [22, 23, 17], [23, 24, 17], [24, 25, 17], [25, 26, 17], [26, 27, 17], [27, 28, 17], [27, 61, 11], [28, 29, 17], [29, 27, 11], [29, 30, 17], [30, 29, 11], [30, 31, 17], [31, 32, 17], [32, 248, 17], [33, 233, 15], [34, 268, 21], [35, 34, 21], [36, 58, 21], [37, 36, 21], [37, 38, 10], [38, 37, 21], [38, 39, 10], [39, 40, 10], [39, 57, 21], [40, 39, 21], [40, 41, 10], [41, 40, 21], [41, 42, 10], [42, 41, 21], [42, 43, 10], [43, 42, 21], [43, 44, 10], [43, 110, 3], [43, 110, 4], [43, 110, 6], [43, 110, 14], [43, 110, 16], [44, 45, 10], [45, 46, 10], [45, 56, 3], [45, 56, 4], [45, 56, 6], [45, 56, 14], [45, 56, 16], [45, 56, 21], [46, 45, 3], [46, 45, 4], [46, 45, 6], [46, 45, 14], [46, 45, 16], [46, 45, 21], [46, 47, 10], [47, 46, 3], [47, 46, 4], [47, 46, 6], [47, 46, 14], [47, 46, 16], [47, 46, 21], [47, 48, 10], [48, 49, 10], [49, 50, 10], [49, 55, 3], [49, 55, 4], [49, 55, 6], [49, 55, 14], [49, 55, 16], [49, 55, 21], [50, 49, 3], [50, 49, 4], [50, 49, 6], [50, 49, 14], [50, 49, 16], [50, 49, 21], [55, 47, 3], [55, 47, 4], [55, 47, 6], [55, 47, 14], [55, 47, 16], [55, 47, 21], [56, 43, 3], [56, 43, 4], [56, 43, 6], [56, 43, 14], [56, 43, 16], [56, 43, 21], [57, 38, 21], [58, 59, 21], [59, 35, 21], [60, 30, 11], [61, 62, 11], [62, 63, 11], [63, 64, 11], [64, 65, 11], [65, 22, 11], [66, 67, 11], [67, 68, 11], [68, 16, 11], [69, 70, 11], [70, 71, 11], [71, 72, 11], [72, 13, 11], [73, 11, 11], [74, 100, 13], [75, 111, 2], [75, 237, 22], [76, 3, 2], [76, 3, 7], [76, 3, 12], [76, 3, 18], [77, 74, 13], [78, 148, 7], [78, 148, 23], [79, 85, 19], [80, 85, 21], [80, 96, 19], [81, 2, 12], [81, 82, 19], [81, 319, 2], [82, 83, 19], [83, 84, 19], [83, 315, 12], [83, 317, 2], [84, 8, 19], [84, 83, 12], [85, 80, 19], [85, 86, 21], [86, 148, 21], [87, 306, 21], [87, 306, 23], [89, 304, 7], [89, 304, 23], [90, 91, 1], [91, 92, 1], [91, 95, 20], [92, 91, 20], [92, 93, 1], [93, 92, 20], [93, 147, 1], [94, 93, 20], [95, 307, 20], [96, 80, 21], [96, 97, 19], [97, 160, 2], [97, 160, 19], [98, 96, 21], [98, 97, 2], [98, 99, 18], [99, 100, 18], [100, 10, 13], [100, 98, 21], [100, 163, 18], [101, 119, 13], [102, 111, 22], [103, 102, 22], [103, 104, 5], [104, 103, 22], [104, 105, 5], [105, 104, 22], [105, 106, 5], [106, 105, 22], [106, 107, 5], [107, 106, 22], [107, 108, 5], [108, 107, 22], [108, 109, 5], [109, 108, 22], [109, 283, 5], [111, 10, 2], [111, 10, 22], [112, 113, 5], [112, 113, 9], [113, 122, 5], [113, 122, 9], [114, 115, 9], [114, 115, 13], [115, 116, 9], [115, 118, 13], [116, 117, 9], [118, 123, 13], [119, 120, 13], [120, 121, 13], [121, 103, 5], [121, 122, 13], [122, 114, 9], [122, 114, 13], [122, 121, 5], [123, 136, 13], [124, 125, 13], [125, 126, 13], [126, 127, 13], [127, 130, 13], [130, 131, 13], [131, 132, 13], [132, 133, 13], [133, 134, 13], [134, 135, 5], [134, 135, 9], [135, 142, 5], [135, 142, 9], [136, 124, 13], [137, 112, 5], [137, 112, 9], [138, 137, 5], [138, 137, 9], [139, 138, 5], [139, 138, 9], [140, 143, 5], [140, 143, 9], [141, 140, 5], [141, 140, 9], [142, 141, 5], [142, 141, 9], [143, 139, 5], [143, 139, 9], [144, 90, 1], [145, 146, 20], [145, 158, 19], [146, 94, 20], [147, 3, 1], [148, 149, 7], [148, 149, 21], [148, 149, 23], [149, 152, 7], [149, 152, 21], [149, 152, 23], [150, 79, 19], [150, 151, 21], [150, 151, 23], [151, 87, 21], [151, 87, 23], [152, 150, 19], [152, 150, 21], [152, 150, 23], [152, 153, 7], [153, 152, 19], [153, 154, 7], [154, 155, 7], [154, 159, 19], [155, 156, 7], [156, 154, 19], [156, 157, 7], [157, 156, 19], [157, 158, 7], [158, 76, 7], [158, 157, 19], [159, 153, 19], [160, 161, 2], [160, 161, 13], [160, 161, 19], [160, 320, 18], [161, 2, 19], [161, 164, 2], [161, 164, 13], [162, 76, 12], [163, 204, 18], [164, 165, 2], [164, 165, 13], [165, 166, 2], [165, 166, 13], [166, 167, 2], [166, 167, 13], [167, 168, 2], [167, 168, 13], [168, 169, 2], [168, 169, 13], [169, 170, 2], [169, 170, 13], [170, 171, 13], [170, 302, 2], [171, 172, 13], [172, 0, 13], [173, 9, 15], [173, 9, 24], [173, 174, 8], [173, 174, 19], [174, 173, 15], [174, 173, 24], [174, 175, 8], [174, 175, 19], [175, 174, 15], [175, 174, 24], [175, 176, 8], [175, 176, 19], [176, 177, 8], [176, 177, 19], [177, 178, 8], [177, 178, 19], [177, 193, 15], [177, 193, 24], [178, 177, 15], [178, 177, 24], [178, 179, 8], [178, 179, 19], [179, 178, 15], [179, 178, 24], [179, 180, 8], [179, 180, 19], [180, 181, 8], [180, 181, 19], [181, 182, 8], [181, 182, 19], [181, 191, 15], [181, 191, 24], [182, 181, 15], [182, 181, 24], [182, 183, 8], [182, 183, 19], [183, 184, 8], [183, 184, 19], [184, 182, 15], [184, 182, 24], [184, 185, 8], [184, 185, 19], [185, 184, 15], [185, 184, 24], [185, 186, 8], [185, 205, 19], [186, 187, 8], [187, 188, 8], [187, 190, 15], [188, 187, 15], [188, 189, 8], [189, 188, 15], [189, 214, 24], [189, 217, 8], [189, 299, 19], [190, 185, 15], [191, 192, 15], [191, 192, 24], [192, 179, 15], [192, 179, 24], [193, 194, 15], [193, 194, 24], [194, 175, 15], [194, 175, 24], [195, 215, 15], [195, 215, 24], [196, 195, 8], [196, 195, 19], [197, 196, 8], [197, 196, 19], [198, 197, 8], [198, 197, 19], [199, 198, 8], [199, 198, 19], [199, 200, 15], [199, 200, 24], [200, 199, 8], [200, 199, 19], [200, 201, 15], [200, 201, 24], [201, 200, 8], [201, 200, 19], [201, 299, 15], [201, 299, 24], [204, 303, 18], [205, 206, 19], [206, 207, 19], [206, 301, 24], [207, 206, 24], [207, 208, 19], [208, 207, 24], [208, 209, 19], [209, 208, 24], [209, 210, 19], [210, 211, 19], [210, 300, 24], [211, 210, 24], [211, 212, 19], [212, 211, 24], [212, 213, 19], [213, 212, 24], [213, 214, 19], [214, 189, 19], [214, 213, 24], [215, 199, 15], [215, 199, 24], [217, 299, 8], [218, 219, 13], [219, 220, 13], [220, 221, 13], [221, 222, 13], [222, 223, 13], [223, 224, 13], [224, 225, 13], [225, 226, 13], [226, 227, 13], [227, 77, 13], [228, 100, 21], [228, 218, 13], [229, 235, 13], [229, 235, 21], [230, 261, 10], [231, 260, 2], [232, 231, 15], [233, 232, 15], [234, 60, 11], [234, 268, 17], [235, 236, 13], [235, 236, 21], [236, 228, 13], [236, 228, 21], [237, 238, 22], [238, 239, 22], [239, 251, 22], [240, 229, 13], [240, 229, 21], [240, 234, 11], [240, 234, 17], [248, 240, 11], [248, 240, 13], [248, 240, 17], [248, 240, 21], [249, 250, 2], [250, 75, 2], [251, 249, 2], [251, 252, 22], [252, 251, 2], [252, 253, 22], [253, 252, 2], [253, 254, 22], [254, 253, 2], [254, 255, 22], [255, 256, 22], [256, 257, 22], [256, 267, 2], [257, 256, 2], [257, 258, 22], [258, 257, 2], [258, 259, 22], [259, 258, 2], [259, 260, 22], [260, 230, 22], [260, 259, 2], [261, 262, 10], [262, 263, 10], [263, 264, 10], [264, 265, 10], [265, 266, 10], [266, 37, 10], [267, 254, 2], [268, 269, 17], [268, 269, 21], [269, 270, 17], [269, 282, 11], [269, 282, 13], [269, 282, 15], [269, 282, 21], [270, 269, 11], [270, 269, 13], [270, 269, 15], [270, 271, 17], [271, 270, 11], [271, 270, 13], [271, 270, 15], [271, 272, 17], [272, 271, 11], [272, 271, 13], [272, 271, 15], [272, 273, 17], [273, 272, 11], [273, 272, 13], [273, 274, 17], [274, 273, 11], [274, 273, 13], [274, 275, 17], [274, 321, 15], [275, 274, 11], [275, 274, 13], [275, 274, 15], [275, 276, 24], [275, 311, 17], [276, 277, 17], [276, 277, 24], [277, 278, 17], [277, 278, 24], [279, 280, 11], [279, 314, 8], [279, 314, 12], [280, 281, 11], [280, 281, 13], [280, 281, 15], [280, 281, 24], [281, 275, 11], [281, 275, 13], [281, 275, 15], [281, 275, 24], [282, 33, 15], [282, 248, 11], [282, 248, 13], [282, 248, 21], [283, 109, 22], [283, 284, 5], [284, 283, 22], [284, 285, 5], [285, 284, 22], [285, 286, 5], [286, 287, 5], [287, 288, 5], [287, 293, 22], [288, 289, 5], [289, 290, 5], [289, 292, 22], [290, 51, 5], [291, 289, 22], [292, 287, 22], [293, 285, 22], [294, 160, 13], [294, 160, 18], [299, 189, 15], [299, 189, 24], [299, 201, 8], [299, 201, 19], [300, 209, 24], [301, 185, 24], [302, 83, 2], [303, 76, 2], [303, 76, 18], [303, 162, 12], [304, 305, 7], [304, 305, 23], [305, 78, 7], [305, 78, 23], [306, 88, 21], [306, 88, 23], [307, 144, 1], [308, 309, 15], [309, 310, 15], [310, 272, 15], [311, 312, 17], [312, 313, 17], [313, 276, 17], [314, 9, 8], [314, 9, 12], [314, 280, 13], [314, 280, 15], [314, 280, 24], [315, 316, 12], [316, 318, 2], [316, 318, 12], [317, 316, 2], [318, 81, 2], [318, 81, 12], [319, 2, 2], [320, 98, 18], [321, 308, 15], [322, 98, 2]]
List of All Routes is {'Route_1': [307, 144, 90, 91, 92, 93, 147, 3, 4, 5], 'Route_1_1': [5, 4, 3, 147, 93, 92, 91, 90, 144, 307], 'Route_2': [231, 260, 259, 258, 257, 256, 267, 254, 253, 252, 251, 249, 250, 75, 111, 10, 322, 98, 97, 160, 161, 164, 165, 166, 167, 168, 169, 170, 302, 83, 317, 316, 318, 81, 319, 2, 303, 76, 3, 4, 5], 'Route_2_1': [5, 4, 3, 76, 303, 2, 319, 81, 318, 316, 317, 83, 302, 170, 169, 168, 167, 166, 165, 164, 161, 160, 97, 98, 322, 10, 111, 75, 250, 249, 251, 252, 253, 254, 267, 256, 257, 258, 259, 260, 231], 'Route_3': [50, 49, 55, 47, 46, 45, 56, 43, 110], 'Route_3_1': [110, 43, 56, 45, 46, 47, 55, 49, 50], 'Route_4': [50, 49, 55, 47, 46, 45, 56, 43, 110], 'Route_4_1': [110, 43, 56, 45, 46, 47, 55, 49, 50], 'Route_5': [134, 135, 142, 141, 140, 143, 139, 138, 137, 112, 113, 122, 121, 103, 104, 105, 106, 107, 108, 109, 283, 284, 285, 286, 287, 288, 289, 290, 51], 'Route_5_1': [51, 290, 289, 288, 287, 286, 285, 284, 283, 109, 108, 107, 106, 105, 104, 103, 121, 122, 113, 112, 137, 138, 139, 143, 140, 141, 142, 135, 134], 'Route_6': [50, 49, 55, 47, 46, 45, 56, 43, 110], 'Route_6_1': [110, 43, 56, 45, 46, 47, 55, 49, 50], 'Route_7': [89, 304, 305, 78, 148, 149, 152, 153, 154, 155, 156, 157, 158, 76, 3, 4, 5], 'Route_7_1': [5, 4, 3, 76, 158, 157, 156, 155, 154, 153, 152, 149, 148, 78, 305, 304, 89], 'Route_8': [279, 314, 9, 173, 174, 175, 176, 177, 178, 179, 180, 181, 182, 183, 184, 185, 186, 187, 188, 189, 217, 299, 201, 200, 199, 198, 197, 196, 195], 'Route_8_1': [195, 196, 197, 198, 199, 200, 201, 299, 217, 189, 188, 187, 186, 185, 184, 183, 182, 181, 180, 179, 178, 177, 176, 175, 174, 173, 9, 314, 279], 'Route_9': [134, 135, 142, 141, 140, 143, 139, 138, 137, 112, 113, 122, 114, 115, 116, 117], 'Route_9_1': [117, 116, 115, 114, 122, 113, 112, 137, 138, 139, 143, 140, 141, 142, 135, 134], 'Route_10': [230, 261, 262, 263, 264, 265, 266, 37, 38, 39, 40, 41, 42, 43, 44, 45, 46, 47, 48, 49, 50], 'Route_10_1': [50, 49, 48, 47, 46, 45, 44, 43, 42, 41, 40, 39, 38, 37, 266, 265, 264, 263, 262, 261, 230], 'Route_11': [279, 280, 281, 275, 274, 273, 272, 271, 270, 269, 282, 248, 240, 234, 60, 30, 29, 27, 61, 62, 63, 64, 65, 22, 21, 20, 19, 66, 67, 68, 16, 15, 69, 70, 71, 72, 13, 73, 11], 'Route_11_1': [11, 73, 13, 72, 71, 70, 69, 15, 16, 68, 67, 66, 19, 20, 21, 22, 65, 64, 63, 62, 61, 27, 29, 30, 60, 234, 240, 248, 282, 269, 270, 271, 272, 273, 274, 275, 281, 280, 279], 'Route_12': [279, 314, 9, 0, 1, 84, 83, 315, 316, 318, 81, 2, 303, 162, 76, 3, 4, 5], 'Route_12_1': [5, 4, 3, 76, 162, 303, 2, 81, 318, 316, 315, 83, 84, 1, 0, 9, 314, 279], 'Route_13': [7, 294, 160, 161, 164, 165, 166, 167, 168, 169, 170, 171, 172, 0, 9, 314, 280, 281, 275, 274, 273, 272, 271, 270, 269, 282, 248, 240, 229, 235, 236, 228, 218, 219, 220, 221, 222, 223, 224, 225, 226, 227, 77, 74, 100, 10, 101, 119, 120, 121, 122, 114, 115, 118, 123, 136, 124, 125, 126, 127, 130, 131, 132, 133, 134], 'Route_13_1': [134, 133, 132, 131, 130, 127, 126, 125, 124, 136, 123, 118, 115, 114, 122, 121, 120, 119, 101, 10, 100, 74, 77, 227, 226, 225, 224, 223, 222, 221, 220, 219, 218, 228, 236, 235, 229, 240, 248, 282, 269, 270, 271, 272, 273, 274, 275, 281, 280, 314, 9, 0, 172, 171, 170, 169, 168, 167, 166, 165, 164, 161, 160, 294, 7], 'Route_14': [50, 49, 55, 47, 46, 45, 56, 43, 110], 'Route_14_1': [110, 43, 56, 45, 46, 47, 55, 49, 50], 'Route_15': [195, 215, 199, 200, 201, 299, 189, 188, 187, 190, 185, 184, 182, 181, 191, 192, 179, 178, 177, 193, 194, 175, 174, 173, 9, 314, 280, 281, 275, 274, 321, 308, 309, 310, 272, 271, 270, 269, 282, 33, 233, 232, 231], 'Route_15_1': [231, 232, 233, 33, 282, 269, 270, 271, 272, 310, 309, 308, 321, 274, 275, 281, 280, 314, 9, 173, 174, 175, 194, 193, 177, 178, 179, 192, 191, 181, 182, 184, 185, 190, 187, 188, 189, 299, 201, 200, 199, 215, 195], 'Route_16': [50, 49, 55, 47, 46, 45, 56, 43, 110], 'Route_16_1': [110, 43, 56, 45, 46, 47, 55, 49, 50], 'Route_17': [12, 13, 14, 15, 16, 17, 18, 19, 20, 21, 22, 23, 24, 25, 26, 27, 28, 29, 30, 31, 32, 248, 240, 234, 268, 269, 270, 271, 272, 273, 274, 275, 311, 312, 313, 276, 277, 278], 'Route_17_1': [278, 277, 276, 313, 312, 311, 275, 274, 273, 272, 271, 270, 269, 268, 234, 240, 248, 32, 31, 30, 29, 28, 27, 26, 25, 24, 23, 22, 21, 20, 19, 18, 17, 16, 15, 14, 13, 12], 'Route_18': [7, 294, 160, 320, 98, 99, 100, 163, 204, 303, 76, 3, 4, 5], 'Route_18_1': [5, 4, 3, 76, 303, 204, 163, 100, 99, 98, 320, 160, 294, 7], 'Route_19': [6, 145, 158, 157, 156, 154, 159, 153, 152, 150, 79, 85, 80, 96, 97, 160, 161, 2, 81, 82, 83, 84, 8, 1, 0, 173, 174, 175, 176, 177, 178, 179, 180, 181, 182, 183, 184, 185, 205, 206, 207, 208, 209, 210, 211, 212, 213, 214, 189, 299, 201, 200, 199, 198, 197, 196, 195], 'Route_19_1': [195, 196, 197, 198, 199, 200, 201, 299, 189, 214, 213, 212, 211, 210, 209, 208, 207, 206, 205, 185, 184, 183, 182, 181, 180, 179, 178, 177, 176, 175, 174, 173, 0, 1, 8, 84, 83, 82, 81, 2, 161, 160, 97, 96, 80, 85, 79, 150, 152, 153, 159, 154, 156, 157, 158, 145, 6], 'Route_20': [7, 145, 146, 94, 93, 92, 91, 95, 307], 'Route_20_1': [307, 95, 91, 92, 93, 94, 146, 145, 7], 'Route_21': [50, 49, 55, 47, 46, 45, 56, 43, 42, 41, 40, 39, 57, 38, 37, 36, 58, 59, 35, 34, 268, 269, 282, 248, 240, 229, 235, 236, 228, 100, 98, 96, 80, 85, 86, 148, 149, 152, 150, 151, 87, 306, 88], 'Route_21_1': [88, 306, 87, 151, 150, 152, 149, 148, 86, 85, 80, 96, 98, 100, 228, 236, 235, 229, 240, 248, 282, 269, 268, 34, 35, 59, 58, 36, 37, 38, 57, 39, 40, 41, 42, 43, 56, 45, 46, 47, 55, 49, 50], 'Route_22': [291, 289, 292, 287, 293, 285, 284, 283, 109, 108, 107, 106, 105, 104, 103, 102, 111, 10, 75, 237, 238, 239, 251, 252, 253, 254, 255, 256, 257, 258, 259, 260, 230], 'Route_22_1': [230, 260, 259, 258, 257, 256, 255, 254, 253, 252, 251, 239, 238, 237, 75, 10, 111, 102, 103, 104, 105, 106, 107, 108, 109, 283, 284, 285, 293, 287, 292, 289, 291], 'Route_23': [89, 304, 305, 78, 148, 149, 152, 150, 151, 87, 306, 88], 'Route_23_1': [88, 306, 87, 151, 150, 152, 149, 148, 78, 305, 304, 89], 'Route_24': [195, 215, 199, 200, 201, 299, 189, 214, 213, 212, 211, 210, 300, 209, 208, 207, 206, 301, 185, 184, 182, 181, 191, 192, 179, 178, 177, 193, 194, 175, 174, 173, 9, 314, 280, 281, 275, 276, 277, 278], 'Route_24_1': [278, 277, 276, 275, 281, 280, 314, 9, 173, 174, 175, 194, 193, 177, 178, 179, 192, 191, 181, 182, 184, 185, 301, 206, 207, 208, 209, 300, 210, 211, 212, 213, 214, 189, 299, 201, 200, 199, 215, 195]}
