Set parameter WLSAccessID
Set parameter WLSSecret
Set parameter LicenseID to value 2604445
Academic license 2604445 - for non-commercial use only - registered to an___@um.edu.mt
Set parameter Seed to value 23
Set parameter TimeLimit to value 3600
Gurobi Optimizer version 12.0.2 build v12.0.2rc0 (linux64 - "Ubuntu 22.04.5 LTS")

CPU model: Intel(R) Core(TM) i5-10400 CPU @ 2.90GHz, instruction set [SSE2|AVX|AVX2]
Thread count: 6 physical cores, 12 logical processors, using up to 12 threads

Non-default parameters:
TimeLimit  3600
Seed  23

Academic license 2604445 - for non-commercial use only - registered to an___@um.edu.mt
Optimize a model with 2676538 rows, 50420 columns and 5507650 nonzeros
Model fingerprint: 0x986eeeeb
Variable types: 0 continuous, 50420 integer (39394 binary)
Coefficient statistics:
  Matrix range     [1e+00, 6e+01]
  Objective range  [6e-08, 2e-02]
  Bounds range     [1e+00, 3e+02]
  RHS range        [1e+00, 6e+01]
Presolve removed 21340 rows and 16526 columns (presolve time = 5s)...
Presolve removed 21345 rows and 16639 columns (presolve time = 10s)...
Presolve removed 21542 rows and 16764 columns (presolve time = 15s)...
Presolve removed 21542 rows and 16764 columns
Presolve time: 16.48s
Presolved: 2654996 rows, 33656 columns, 5424291 nonzeros
Variable types: 0 continuous, 33656 integer (23900 binary)
Deterministic concurrent LP optimizer: primal simplex, dual simplex, and barrier
Showing barrier log only...

Root barrier log...

Ordering time: 0.03s

Barrier statistics:
 Dense cols : 11
 Free vars  : 447
 AA' NZ     : 1.288e+05
 Factor NZ  : 3.481e+05 (roughly 100 MB of memory)
 Factor Ops : 1.051e+08 (less than 1 second per iteration)
 Threads    : 3

                  Objective                Residual
Iter       Primal          Dual         Primal    Dual     Compl     Time
   0  -3.94562676e+06  5.00000000e+00  8.39e+00 7.25e+00  4.54e+01    37s
   1  -1.60233142e+06  2.14506341e+01  7.61e-08 4.33e+01  1.28e+01    37s

Barrier performed 1 iterations in 37.40 seconds (29.66 work units)
Barrier solve interrupted - model solved by another algorithm

Concurrent spin time: 0.24s (can be avoided by choosing Method=3)

Solved with dual simplex

Root simplex log...

Iteration    Objective       Primal Inf.    Dual Inf.      Time
    1885    1.8686596e-02   0.000000e+00   0.000000e+00     38s

Root simplex log...

Iteration    Objective       Primal Inf.    Dual Inf.      Time
    1885    1.8686596e-02   0.000000e+00   0.000000e+00     38s

Use crossover to convert LP symmetric solution to basic solution...

Root crossover log...

      36 DPushes remaining with DInf 3.7364414e-04                40s

    8598 PPushes remaining with PInf 0.0000000e+00                41s
       0 PPushes remaining with PInf 0.0000000e+00                44s

  Push phase complete: Pinf 0.0000000e+00, Dinf 2.0883522e-04     44s


Root simplex log...

Iteration    Objective       Primal Inf.    Dual Inf.      Time
   10486    1.8686596e-02   0.000000e+00   2.088352e-04     45s
   11017    1.8686596e-02   0.000000e+00   0.000000e+00     45s
   11017    1.8686596e-02   0.000000e+00   0.000000e+00     46s

Root relaxation: objective 1.868660e-02, 11017 iterations, 19.01 seconds (6.58 work units)
Total elapsed time = 50.28s (DegenMoves)

    Nodes    |    Current Node    |     Objective Bounds      |     Work
 Expl Unexpl |  Obj  Depth IntInf | Incumbent    BestBd   Gap | It/Node Time

     0     0    0.01869    0 1576          -    0.01869      -     -   60s
     0     0    0.01886    0 2512          -    0.01886      -     -  117s
     0     0    0.01886    0 2435          -    0.01886      -     -  189s
     0     0    0.01886    0 2168          -    0.01886      -     -  199s
     0     0    0.01886    0 2719          -    0.01886      -     -  210s
     0     0    0.01886    0 2532          -    0.01886      -     -  221s
     0     0    0.01886    0 2155          -    0.01886      -     -  228s
     0     0    0.10272    0 2073          -    0.10272      -     -  233s
     0     0    0.10273    0 2353          -    0.10273      -     -  325s
     0     0    0.10273    0 2305          -    0.10273      -     -  341s
     0     0    0.10275    0 2295          -    0.10275      -     -  406s
     0     0    0.10275    0 2013          -    0.10275      -     -  420s
     0     0    0.10278    0 2546          -    0.10278      -     -  483s
     0     0    0.10278    0 2570          -    0.10278      -     -  497s
     0     0    0.10281    0 3157          -    0.10281      -     -  578s
     0     0    0.10281    0 3365          -    0.10281      -     -  605s
     0     0    0.10286    0 4293          -    0.10286      -     -  677s
     0     0    0.10286    0 3335          -    0.10286      -     -  720s
     0     0    0.10288    0 4463          -    0.10288      -     -  817s
     0     0    0.10288    0 3898          -    0.10288      -     -  853s
H    0     0                       5.0065490    0.10288  97.9%     - 1009s
H    0     0                       4.2011798    0.10288  97.6%     - 1009s
H    0     0                       4.2010744    0.10288  97.6%     - 1013s
     0     2    0.10288    0 3601    4.20107    0.10288  97.6%     - 1033s
     1     4    0.10288    1 3109    4.20107    0.10288  97.6%  1740 1046s
     3     7    0.10288    2 3229    4.20107    0.10288  97.6%  1692 1102s
     6     7 infeasible    3         4.20107    0.10288  97.6%  1606 1215s
     8     7    0.10298    4 2636    4.20107    0.10288  97.6%  2240 1341s
    10     8    0.10298    5 2808    4.20107    0.10288  97.6%  2196 1470s
    12    11    0.10297    6 2846    4.20107    0.10288  97.6%  2172 1582s
    15    32    0.10296    7 3556    4.20107    0.10288  97.6%  2405 1788s
    39    37    0.10296   10 2931    4.20107    0.10288  97.6%  1746 1894s
H   41    37                       3.6977315    0.10288  97.2%  1732 1894s
H   41    37                       3.6976999    0.10288  97.2%  1732 1894s
    45    46    0.10296   11 3168    3.69770    0.10288  97.2%  1801 2000s
    59    51 infeasible   14         3.69770    0.10288  97.2%  1562 2094s
    67    55    0.10297   13 3190    3.69770    0.10288  97.2%  1481 2201s
    77    62    0.10297   15 3864    3.69770    0.10288  97.2%  1428 2287s
    86    70    0.10298   15 3943    3.69770    0.10288  97.2%  1415 2395s
    94    74    0.10298   17 3321    3.69770    0.10288  97.2%  1433 2496s
   101    78    0.10297   19 3042    3.69770    0.10288  97.2%  1436 2599s
H  112    83                       3.0432941    0.10288  96.6%  1385 2702s
   121    85    0.10310   22 3036    3.04329    0.10288  96.6%  1359 2808s
   131    93    0.10320   23 3403    3.04329    0.10288  96.6%  1324 2903s
H  148    96                       2.8922033    0.10288  96.4%  1198 2986s
H  151    96                       2.7412688    0.10288  96.2%  1212 2986s
   156   105    0.10319   26 3870    2.74127    0.10288  96.2%  1211 3078s
   166   111    0.22057   28 3363    2.74127    0.10288  96.2%  1204 3174s
   177   121    0.10319   28 3683    2.74127    0.10288  96.2%  1157 3271s
H  187   130                       2.7242799    0.10288  96.2%  1155 3374s
H  187   130                       2.6066995    0.10288  96.1%  1155 3374s
H  193   130                       2.4725123    0.10288  95.8%  1160 3374s
H  193   130                       2.3380363    0.10288  95.6%  1160 3374s
   198   143    0.22046   37 3184    2.33804    0.10288  95.6%  1152 3475s
   212   156    0.10318   32 3603    2.33804    0.10288  95.6%  1113 3589s

Cutting planes:
  Gomory: 121
  Cover: 2343
  Implied bound: 3966
  Clique: 1489
  MIR: 1613
  StrongCG: 71
  Zero half: 2469
  RLT: 245
  Relax-and-lift: 1074

Explored 227 nodes (357491 simplex iterations) in 3607.36 seconds (2833.62 work units)
Thread count was 12 (of 12 available processors)

Solution count 10: 2.33804 2.47251 2.6067 ... 4.20107

Time limit reached
Best objective 2.338036274184e+00, best bound 1.028760771189e-01, gap 95.5999%
Objective Function at this solution: [[0, 1, 11], [1, 2, 11], [2, 3, 11], [3, 177, 11], [4, 186, 6], [4, 186, 8], [4, 186, 17], [4, 186, 20], [5, 48, 2], [5, 48, 3], [5, 48, 4], [5, 48, 5], [5, 48, 7], [5, 48, 10], [5, 48, 12], [5, 48, 13], [5, 48, 14], [5, 48, 15], [5, 48, 18], [5, 48, 19], [5, 48, 21], [5, 48, 23], [5, 48, 24], [5, 48, 26], [5, 48, 27], [5, 48, 28], [5, 48, 29], [5, 48, 30], [5, 48, 31], [5, 48, 32], [5, 48, 34], [6, 49, 2], [6, 49, 3], [6, 49, 4], [6, 49, 5], [6, 49, 7], [6, 49, 10], [6, 49, 12], [6, 49, 13], [6, 49, 14], [6, 49, 15], [6, 49, 18], [6, 49, 19], [6, 49, 21], [6, 49, 23], [6, 49, 24], [6, 49, 26], [6, 49, 27], [6, 49, 28], [6, 49, 29], [6, 49, 30], [6, 49, 31], [6, 49, 32], [6, 49, 34], [7, 50, 2], [7, 50, 3], [7, 50, 4], [7, 50, 5], [7, 50, 7], [7, 50, 10], [7, 50, 12], [7, 50, 13], [7, 50, 14], [7, 50, 15], [7, 50, 18], [7, 50, 19], [7, 50, 21], [7, 50, 23], [7, 50, 24], [7, 50, 26], [7, 50, 27], [7, 50, 28], [7, 50, 29], [7, 50, 30], [7, 50, 31], [7, 50, 32], [7, 50, 34], [8, 78, 2], [8, 78, 3], [8, 78, 4], [8, 78, 5], [8, 78, 7], [8, 78, 10], [8, 78, 12], [8, 78, 13], [8, 78, 14], [8, 78, 15], [8, 78, 18], [8, 78, 19], [8, 78, 21], [8, 78, 23], [8, 78, 24], [8, 78, 26], [8, 78, 27], [8, 78, 28], [8, 78, 29], [8, 78, 30], [8, 78, 31], [8, 78, 32], [8, 78, 34], [9, 51, 2], [9, 51, 3], [9, 51, 4], [9, 51, 5], [9, 51, 7], [9, 51, 10], [9, 51, 12], [9, 51, 13], [9, 51, 14], [9, 51, 15], [9, 51, 18], [9, 51, 19], [9, 51, 21], [9, 51, 23], [9, 51, 24], [9, 51, 26], [9, 51, 27], [9, 51, 28], [9, 51, 29], [9, 51, 30], [9, 51, 31], [9, 51, 32], [9, 51, 34], [11, 68, 11], [13, 55, 2], [13, 55, 3], [13, 55, 4], [13, 55, 5], [13, 55, 7], [13, 55, 10], [13, 55, 12], [13, 55, 13], [13, 55, 14], [13, 55, 15], [13, 55, 18], [13, 55, 19], [13, 55, 21], [13, 55, 23], [13, 55, 24], [13, 55, 26], [13, 55, 27], [13, 55, 28], [13, 55, 29], [13, 55, 30], [13, 55, 31], [13, 55, 32], [13, 55, 34], [14, 52, 2], [14, 52, 3], [14, 52, 4], [14, 52, 5], [14, 52, 7], [14, 52, 10], [14, 52, 12], [14, 52, 13], [14, 52, 14], [14, 52, 15], [14, 52, 18], [14, 52, 19], [14, 52, 21], [14, 52, 23], [14, 52, 24], [14, 52, 26], [14, 52, 27], [14, 52, 28], [14, 52, 29], [14, 52, 30], [14, 52, 31], [14, 52, 32], [14, 52, 34], [15, 264, 1], [15, 264, 9], [16, 195, 6], [16, 195, 17], [17, 47, 2], [17, 47, 3], [17, 47, 4], [17, 47, 5], [17, 47, 7], [17, 47, 10], [17, 47, 12], [17, 47, 13], [17, 47, 14], [17, 47, 15], [17, 47, 18], [17, 47, 19], [17, 47, 21], [17, 47, 23], [17, 47, 24], [17, 47, 26], [17, 47, 27], [17, 47, 28], [17, 47, 29], [17, 47, 30], [17, 47, 31], [17, 47, 32], [17, 47, 34], [32, 73, 17], [33, 70, 6], [34, 35, 11], [35, 11, 11], [40, 63, 22], [41, 205, 16], [41, 205, 22], [41, 205, 33], [41, 205, 35], [47, 5, 2], [47, 5, 3], [47, 5, 4], [47, 5, 5], [47, 5, 7], [47, 5, 10], [47, 5, 12], [47, 5, 13], [47, 5, 14], [47, 5, 15], [47, 5, 18], [47, 5, 19], [47, 5, 21], [47, 5, 23], [47, 5, 24], [47, 5, 26], [47, 5, 27], [47, 5, 28], [47, 5, 29], [47, 5, 30], [47, 5, 31], [47, 5, 32], [47, 5, 34], [48, 6, 2], [48, 6, 3], [48, 6, 4], [48, 6, 5], [48, 6, 7], [48, 6, 10], [48, 6, 12], [48, 6, 13], [48, 6, 14], [48, 6, 15], [48, 6, 18], [48, 6, 19], [48, 6, 21], [48, 6, 23], [48, 6, 24], [48, 6, 26], [48, 6, 27], [48, 6, 28], [48, 6, 29], [48, 6, 30], [48, 6, 31], [48, 6, 32], [48, 6, 34], [49, 7, 2], [49, 7, 3], [49, 7, 4], [49, 7, 5], [49, 7, 7], [49, 7, 10], [49, 7, 12], [49, 7, 13], [49, 7, 14], [49, 7, 15], [49, 7, 18], [49, 7, 19], [49, 7, 21], [49, 7, 23], [49, 7, 24], [49, 7, 26], [49, 7, 27], [49, 7, 28], [49, 7, 29], [49, 7, 30], [49, 7, 31], [49, 7, 32], [49, 7, 34], [50, 8, 2], [50, 8, 3], [50, 8, 4], [50, 8, 5], [50, 8, 7], [50, 8, 10], [50, 8, 12], [50, 8, 13], [50, 8, 14], [50, 8, 15], [50, 8, 18], [50, 8, 19], [50, 8, 21], [50, 8, 23], [50, 8, 24], [50, 8, 26], [50, 8, 27], [50, 8, 28], [50, 8, 29], [50, 8, 30], [50, 8, 31], [50, 8, 32], [50, 8, 34], [51, 14, 2], [51, 14, 3], [51, 14, 4], [51, 14, 5], [51, 14, 7], [51, 14, 10], [51, 14, 12], [51, 14, 13], [51, 14, 14], [51, 14, 15], [51, 14, 18], [51, 14, 19], [51, 14, 21], [51, 14, 23], [51, 14, 24], [51, 14, 26], [51, 14, 27], [51, 14, 28], [51, 14, 29], [51, 14, 30], [51, 14, 31], [51, 14, 32], [51, 14, 34], [52, 53, 2], [52, 53, 3], [52, 53, 4], [52, 53, 5], [52, 53, 7], [52, 53, 10], [52, 53, 12], [52, 53, 13], [52, 53, 14], [52, 53, 15], [52, 53, 18], [52, 53, 19], [52, 53, 21], [52, 53, 23], [52, 53, 24], [52, 53, 26], [52, 53, 27], [52, 53, 28], [52, 53, 29], [52, 53, 30], [52, 53, 31], [52, 53, 32], [52, 53, 34], [53, 54, 2], [53, 54, 3], [53, 54, 4], [53, 54, 5], [53, 54, 7], [53, 54, 10], [53, 54, 12], [53, 54, 13], [53, 54, 14], [53, 54, 15], [53, 54, 18], [53, 54, 19], [53, 54, 21], [53, 54, 23], [53, 54, 24], [53, 54, 26], [53, 54, 27], [53, 54, 28], [53, 54, 29], [53, 54, 30], [53, 54, 31], [53, 54, 32], [53, 54, 34], [54, 13, 2], [54, 13, 3], [54, 13, 4], [54, 13, 5], [54, 13, 7], [54, 13, 10], [54, 13, 12], [54, 13, 13], [54, 13, 14], [54, 13, 15], [54, 13, 18], [54, 13, 19], [54, 13, 21], [54, 13, 23], [54, 13, 24], [54, 13, 26], [54, 13, 27], [54, 13, 28], [54, 13, 29], [54, 13, 30], [54, 13, 31], [54, 13, 32], [54, 13, 34], [55, 56, 2], [55, 56, 3], [55, 56, 4], [55, 56, 5], [55, 56, 7], [55, 56, 10], [55, 56, 12], [55, 56, 13], [55, 56, 14], [55, 56, 15], [55, 56, 18], [55, 56, 19], [55, 56, 21], [55, 56, 23], [55, 56, 24], [55, 56, 26], [55, 56, 27], [55, 56, 28], [55, 56, 29], [55, 56, 30], [55, 56, 31], [55, 56, 32], [55, 56, 34], [56, 57, 2], [56, 57, 3], [56, 57, 4], [56, 57, 5], [56, 57, 7], [56, 57, 10], [56, 57, 12], [56, 57, 13], [56, 57, 14], [56, 57, 15], [56, 57, 18], [56, 57, 19], [56, 57, 21], [56, 57, 23], [56, 57, 24], [56, 57, 26], [56, 57, 27], [56, 57, 28], [56, 57, 29], [56, 57, 30], [56, 57, 31], [56, 57, 32], [56, 57, 34], [57, 58, 2], [57, 58, 3], [57, 58, 4], [57, 58, 5], [57, 58, 7], [57, 58, 10], [57, 58, 12], [57, 58, 13], [57, 58, 14], [57, 58, 15], [57, 58, 18], [57, 58, 19], [57, 58, 21], [57, 58, 23], [57, 58, 24], [57, 58, 26], [57, 58, 27], [57, 58, 28], [57, 58, 29], [57, 58, 30], [57, 58, 31], [57, 58, 32], [57, 58, 34], [58, 59, 2], [58, 59, 3], [58, 59, 4], [58, 59, 5], [58, 59, 7], [58, 59, 10], [58, 59, 12], [58, 59, 13], [58, 59, 14], [58, 59, 15], [58, 59, 18], [58, 59, 19], [58, 59, 21], [58, 59, 23], [58, 59, 24], [58, 59, 26], [58, 59, 27], [58, 59, 28], [58, 59, 29], [58, 59, 30], [58, 59, 31], [58, 59, 32], [58, 59, 34], [59, 295, 2], [59, 295, 3], [59, 295, 4], [59, 295, 5], [59, 295, 7], [59, 295, 10], [59, 295, 12], [59, 295, 13], [59, 295, 14], [59, 295, 15], [59, 295, 18], [59, 295, 19], [59, 295, 21], [59, 295, 23], [59, 295, 24], [59, 295, 26], [59, 295, 27], [59, 295, 28], [59, 295, 29], [59, 295, 30], [59, 295, 31], [59, 295, 32], [59, 295, 34], [63, 41, 16], [63, 41, 22], [63, 41, 33], [63, 41, 35], [64, 65, 8], [64, 65, 20], [65, 66, 8], [65, 66, 20], [66, 67, 8], [66, 67, 20], [67, 4, 6], [67, 4, 8], [67, 4, 17], [67, 4, 20], [67, 197, 11], [68, 69, 6], [68, 69, 17], [68, 129, 11], [69, 33, 6], [69, 70, 17], [70, 32, 17], [70, 73, 6], [73, 74, 6], [73, 74, 17], [74, 75, 6], [74, 75, 11], [74, 75, 17], [75, 67, 6], [75, 67, 11], [75, 67, 17], [78, 9, 2], [78, 9, 3], [78, 9, 4], [78, 9, 5], [78, 9, 7], [78, 9, 10], [78, 9, 12], [78, 9, 13], [78, 9, 14], [78, 9, 15], [78, 9, 18], [78, 9, 19], [78, 9, 21], [78, 9, 23], [78, 9, 24], [78, 9, 26], [78, 9, 27], [78, 9, 28], [78, 9, 29], [78, 9, 30], [78, 9, 31], [78, 9, 32], [78, 9, 34], [85, 99, 1], [85, 99, 9], [86, 85, 1], [86, 85, 9], [87, 86, 1], [87, 86, 9], [88, 87, 1], [88, 87, 9], [89, 88, 1], [89, 88, 9], [90, 89, 1], [90, 89, 9], [91, 90, 1], [91, 90, 9], [92, 91, 1], [92, 91, 9], [93, 92, 1], [93, 92, 9], [94, 93, 1], [94, 93, 9], [97, 98, 1], [97, 98, 9], [98, 94, 1], [98, 94, 9], [99, 15, 1], [99, 15, 9], [101, 64, 8], [101, 64, 20], [102, 103, 25], [102, 103, 36], [103, 104, 25], [103, 123, 36], [104, 105, 25], [104, 105, 36], [105, 106, 25], [105, 106, 36], [106, 107, 25], [106, 107, 36], [107, 108, 25], [107, 108, 36], [108, 109, 25], [108, 109, 36], [109, 110, 25], [109, 110, 36], [110, 111, 25], [110, 111, 36], [111, 112, 25], [111, 112, 36], [112, 113, 25], [112, 113, 36], [113, 114, 25], [113, 114, 36], [114, 115, 25], [114, 115, 36], [115, 116, 25], [115, 116, 36], [116, 117, 25], [116, 117, 36], [117, 118, 25], [117, 118, 36], [118, 119, 25], [118, 119, 36], [119, 17, 25], [119, 17, 36], [123, 124, 36], [124, 104, 36], [128, 101, 20], [129, 74, 11], [150, 34, 11], [151, 150, 11], [152, 151, 11], [153, 152, 11], [157, 158, 11], [158, 153, 11], [170, 191, 20], [171, 170, 20], [172, 190, 6], [172, 190, 8], [172, 190, 17], [174, 173, 6], [174, 173, 8], [174, 173, 17], [175, 174, 6], [175, 174, 8], [175, 174, 17], [177, 292, 11], [179, 180, 35], [180, 181, 35], [181, 182, 35], [185, 101, 8], [186, 187, 6], [186, 187, 8], [186, 187, 17], [186, 187, 20], [187, 188, 6], [187, 188, 8], [187, 188, 17], [187, 188, 20], [188, 189, 6], [188, 189, 8], [188, 189, 17], [188, 189, 20], [189, 171, 20], [189, 172, 6], [189, 172, 8], [189, 172, 17], [190, 175, 6], [190, 175, 8], [190, 175, 17], [191, 192, 20], [192, 193, 20], [193, 293, 20], [195, 196, 6], [195, 196, 17], [196, 68, 6], [196, 68, 17], [197, 0, 11], [202, 203, 35], [203, 179, 35], [204, 289, 35], [205, 206, 16], [205, 206, 22], [205, 206, 33], [205, 206, 35], [206, 207, 16], [206, 207, 22], [206, 207, 33], [206, 207, 35], [207, 208, 16], [207, 208, 22], [207, 208, 33], [207, 208, 35], [208, 209, 16], [208, 209, 22], [208, 209, 33], [208, 209, 35], [209, 210, 16], [209, 210, 22], [209, 210, 33], [209, 210, 35], [210, 211, 16], [210, 211, 22], [210, 211, 33], [210, 211, 35], [211, 212, 16], [211, 212, 22], [211, 212, 33], [211, 212, 35], [212, 213, 16], [212, 213, 22], [212, 213, 33], [212, 213, 35], [213, 214, 16], [213, 214, 22], [213, 214, 33], [213, 214, 35], [214, 215, 16], [214, 215, 22], [214, 215, 33], [214, 215, 35], [215, 216, 16], [215, 216, 22], [215, 216, 33], [215, 216, 35], [216, 217, 35], [216, 219, 16], [216, 219, 22], [216, 219, 33], [217, 218, 35], [218, 204, 35], [219, 259, 16], [219, 259, 22], [219, 259, 33], [222, 224, 2], [222, 224, 3], [222, 224, 4], [222, 224, 5], [222, 224, 7], [222, 224, 10], [222, 224, 12], [222, 224, 13], [222, 224, 14], [222, 224, 15], [222, 224, 18], [222, 224, 19], [222, 224, 21], [222, 224, 23], [222, 224, 24], [222, 224, 26], [222, 224, 27], [222, 224, 28], [222, 224, 29], [222, 224, 30], [222, 224, 31], [222, 224, 32], [222, 224, 34], [224, 223, 2], [224, 223, 3], [224, 223, 4], [224, 223, 5], [224, 223, 7], [224, 223, 10], [224, 223, 12], [224, 223, 13], [224, 223, 14], [224, 223, 15], [224, 223, 18], [224, 223, 19], [224, 223, 21], [224, 223, 23], [224, 223, 24], [224, 223, 26], [224, 223, 27], [224, 223, 28], [224, 223, 29], [224, 223, 30], [224, 223, 31], [224, 223, 32], [224, 223, 34], [229, 63, 16], [241, 242, 1], [241, 242, 9], [242, 16, 6], [242, 16, 17], [244, 63, 33], [244, 63, 35], [264, 265, 1], [264, 265, 9], [265, 241, 1], [265, 241, 9], [266, 284, 1], [266, 284, 9], [269, 283, 1], [269, 283, 9], [270, 269, 1], [270, 269, 9], [271, 270, 1], [271, 270, 9], [272, 271, 1], [272, 271, 9], [278, 279, 1], [278, 279, 9], [279, 280, 1], [279, 280, 9], [280, 281, 1], [280, 281, 9], [281, 282, 1], [281, 282, 9], [282, 272, 1], [282, 272, 9], [283, 266, 1], [283, 266, 9], [284, 97, 1], [284, 97, 9], [289, 202, 35], [292, 237, 11], [293, 17, 20], [295, 296, 2], [295, 296, 3], [295, 296, 4], [295, 296, 5], [295, 296, 7], [295, 296, 10], [295, 296, 12], [295, 296, 13], [295, 296, 14], [295, 296, 15], [295, 296, 18], [295, 296, 19], [295, 296, 21], [295, 296, 23], [295, 296, 24], [295, 296, 26], [295, 296, 27], [295, 296, 28], [295, 296, 29], [295, 296, 30], [295, 296, 31], [295, 296, 32], [295, 296, 34], [296, 297, 2], [296, 297, 3], [296, 297, 4], [296, 297, 5], [296, 297, 7], [296, 297, 10], [296, 297, 12], [296, 297, 13], [296, 297, 14], [296, 297, 15], [296, 297, 18], [296, 297, 19], [296, 297, 21], [296, 297, 23], [296, 297, 24], [296, 297, 26], [296, 297, 27], [296, 297, 28], [296, 297, 29], [296, 297, 30], [296, 297, 31], [296, 297, 32], [296, 297, 34], [297, 222, 2], [297, 222, 3], [297, 222, 4], [297, 222, 5], [297, 222, 7], [297, 222, 10], [297, 222, 12], [297, 222, 13], [297, 222, 14], [297, 222, 15], [297, 222, 18], [297, 222, 19], [297, 222, 21], [297, 222, 23], [297, 222, 24], [297, 222, 26], [297, 222, 27], [297, 222, 28], [297, 222, 29], [297, 222, 30], [297, 222, 31], [297, 222, 32], [297, 222, 34]]
List of All Routes is {'Route_1': [278, 279, 280, 281, 282, 272, 271, 270, 269, 283, 266, 284, 97, 98, 94, 93, 92, 91, 90, 89, 88, 87, 86, 85, 99, 15, 264, 265, 241, 242], 'Route_1_1': [242, 241, 265, 264, 15, 99, 85, 86, 87, 88, 89, 90, 91, 92, 93, 94, 98, 97, 284, 266, 283, 269, 270, 271, 272, 282, 281, 280, 279, 278], 'Route_2': [17, 47, 5, 48, 6, 49, 7, 50, 8, 78, 9, 51, 14, 52, 53, 54, 13, 55, 56, 57, 58, 59, 295, 296, 297, 222, 224, 223], 'Route_2_1': [223, 224, 222, 297, 296, 295, 59, 58, 57, 56, 55, 13, 54, 53, 52, 14, 51, 9, 78, 8, 50, 7, 49, 6, 48, 5, 47, 17], 'Route_3': [17, 47, 5, 48, 6, 49, 7, 50, 8, 78, 9, 51, 14, 52, 53, 54, 13, 55, 56, 57, 58, 59, 295, 296, 297, 222, 224, 223], 'Route_3_1': [223, 224, 222, 297, 296, 295, 59, 58, 57, 56, 55, 13, 54, 53, 52, 14, 51, 9, 78, 8, 50, 7, 49, 6, 48, 5, 47, 17], 'Route_4': [17, 47, 5, 48, 6, 49, 7, 50, 8, 78, 9, 51, 14, 52, 53, 54, 13, 55, 56, 57, 58, 59, 295, 296, 297, 222, 224, 223], 'Route_4_1': [223, 224, 222, 297, 296, 295, 59, 58, 57, 56, 55, 13, 54, 53, 52, 14, 51, 9, 78, 8, 50, 7, 49, 6, 48, 5, 47, 17], 'Route_5': [17, 47, 5, 48, 6, 49, 7, 50, 8, 78, 9, 51, 14, 52, 53, 54, 13, 55, 56, 57, 58, 59, 295, 296, 297, 222, 224, 223], 'Route_5_1': [223, 224, 222, 297, 296, 295, 59, 58, 57, 56, 55, 13, 54, 53, 52, 14, 51, 9, 78, 8, 50, 7, 49, 6, 48, 5, 47, 17], 'Route_6': [242, 16, 195, 196, 68, 69, 33, 70, 73, 74, 75, 67, 4, 186, 187, 188, 189, 172, 190, 175, 174, 173], 'Route_6_1': [173, 174, 175, 190, 172, 189, 188, 187, 186, 4, 67, 75, 74, 73, 70, 33, 69, 68, 196, 195, 16, 242], 'Route_7': [17, 47, 5, 48, 6, 49, 7, 50, 8, 78, 9, 51, 14, 52, 53, 54, 13, 55, 56, 57, 58, 59, 295, 296, 297, 222, 224, 223], 'Route_7_1': [223, 224, 222, 297, 296, 295, 59, 58, 57, 56, 55, 13, 54, 53, 52, 14, 51, 9, 78, 8, 50, 7, 49, 6, 48, 5, 47, 17], 'Route_8': [185, 101, 64, 65, 66, 67, 4, 186, 187, 188, 189, 172, 190, 175, 174, 173], 'Route_8_1': [173, 174, 175, 190, 172, 189, 188, 187, 186, 4, 67, 66, 65, 64, 101, 185], 'Route_9': [278, 279, 280, 281, 282, 272, 271, 270, 269, 283, 266, 284, 97, 98, 94, 93, 92, 91, 90, 89, 88, 87, 86, 85, 99, 15, 264, 265, 241, 242], 'Route_9_1': [242, 241, 265, 264, 15, 99, 85, 86, 87, 88, 89, 90, 91, 92, 93, 94, 98, 97, 284, 266, 283, 269, 270, 271, 272, 282, 281, 280, 279, 278], 'Route_10': [17, 47, 5, 48, 6, 49, 7, 50, 8, 78, 9, 51, 14, 52, 53, 54, 13, 55, 56, 57, 58, 59, 295, 296, 297, 222, 224, 223], 'Route_10_1': [223, 224, 222, 297, 296, 295, 59, 58, 57, 56, 55, 13, 54, 53, 52, 14, 51, 9, 78, 8, 50, 7, 49, 6, 48, 5, 47, 17], 'Route_11': [157, 158, 153, 152, 151, 150, 34, 35, 11, 68, 129, 74, 75, 67, 197, 0, 1, 2, 3, 177, 292, 237], 'Route_11_1': [237, 292, 177, 3, 2, 1, 0, 197, 67, 75, 74, 129, 68, 11, 35, 34, 150, 151, 152, 153, 158, 157], 'Route_12': [17, 47, 5, 48, 6, 49, 7, 50, 8, 78, 9, 51, 14, 52, 53, 54, 13, 55, 56, 57, 58, 59, 295, 296, 297, 222, 224, 223], 'Route_12_1': [223, 224, 222, 297, 296, 295, 59, 58, 57, 56, 55, 13, 54, 53, 52, 14, 51, 9, 78, 8, 50, 7, 49, 6, 48, 5, 47, 17], 'Route_13': [17, 47, 5, 48, 6, 49, 7, 50, 8, 78, 9, 51, 14, 52, 53, 54, 13, 55, 56, 57, 58, 59, 295, 296, 297, 222, 224, 223], 'Route_13_1': [223, 224, 222, 297, 296, 295, 59, 58, 57, 56, 55, 13, 54, 53, 52, 14, 51, 9, 78, 8, 50, 7, 49, 6, 48, 5, 47, 17], 'Route_14': [17, 47, 5, 48, 6, 49, 7, 50, 8, 78, 9, 51, 14, 52, 53, 54, 13, 55, 56, 57, 58, 59, 295, 296, 297, 222, 224, 223], 'Route_14_1': [223, 224, 222, 297, 296, 295, 59, 58, 57, 56, 55, 13, 54, 53, 52, 14, 51, 9, 78, 8, 50, 7, 49, 6, 48, 5, 47, 17], 'Route_15': [17, 47, 5, 48, 6, 49, 7, 50, 8, 78, 9, 51, 14, 52, 53, 54, 13, 55, 56, 57, 58, 59, 295, 296, 297, 222, 224, 223], 'Route_15_1': [223, 224, 222, 297, 296, 295, 59, 58, 57, 56, 55, 13, 54, 53, 52, 14, 51, 9, 78, 8, 50, 7, 49, 6, 48, 5, 47, 17], 'Route_16': [229, 63, 41, 205, 206, 207, 208, 209, 210, 211, 212, 213, 214, 215, 216, 219, 259], 'Route_16_1': [259, 219, 216, 215, 214, 213, 212, 211, 210, 209, 208, 207, 206, 205, 41, 63, 229], 'Route_17': [242, 16, 195, 196, 68, 69, 70, 32, 73, 74, 75, 67, 4, 186, 187, 188, 189, 172, 190, 175, 174, 173], 'Route_17_1': [173, 174, 175, 190, 172, 189, 188, 187, 186, 4, 67, 75, 74, 73, 32, 70, 69, 68, 196, 195, 16, 242], 'Route_18': [17, 47, 5, 48, 6, 49, 7, 50, 8, 78, 9, 51, 14, 52, 53, 54, 13, 55, 56, 57, 58, 59, 295, 296, 297, 222, 224, 223], 'Route_18_1': [223, 224, 222, 297, 296, 295, 59, 58, 57, 56, 55, 13, 54, 53, 52, 14, 51, 9, 78, 8, 50, 7, 49, 6, 48, 5, 47, 17], 'Route_19': [17, 47, 5, 48, 6, 49, 7, 50, 8, 78, 9, 51, 14, 52, 53, 54, 13, 55, 56, 57, 58, 59, 295, 296, 297, 222, 224, 223], 'Route_19_1': [223, 224, 222, 297, 296, 295, 59, 58, 57, 56, 55, 13, 54, 53, 52, 14, 51, 9, 78, 8, 50, 7, 49, 6, 48, 5, 47, 17], 'Route_20': [128, 101, 64, 65, 66, 67, 4, 186, 187, 188, 189, 171, 170, 191, 192, 193, 293, 17], 'Route_20_1': [17, 293, 193, 192, 191, 170, 171, 189, 188, 187, 186, 4, 67, 66, 65, 64, 101, 128], 'Route_21': [17, 47, 5, 48, 6, 49, 7, 50, 8, 78, 9, 51, 14, 52, 53, 54, 13, 55, 56, 57, 58, 59, 295, 296, 297, 222, 224, 223], 'Route_21_1': [223, 224, 222, 297, 296, 295, 59, 58, 57, 56, 55, 13, 54, 53, 52, 14, 51, 9, 78, 8, 50, 7, 49, 6, 48, 5, 47, 17], 'Route_22': [40, 63, 41, 205, 206, 207, 208, 209, 210, 211, 212, 213, 214, 215, 216, 219, 259], 'Route_22_1': [259, 219, 216, 215, 214, 213, 212, 211, 210, 209, 208, 207, 206, 205, 41, 63, 40], 'Route_23': [17, 47, 5, 48, 6, 49, 7, 50, 8, 78, 9, 51, 14, 52, 53, 54, 13, 55, 56, 57, 58, 59, 295, 296, 297, 222, 224, 223], 'Route_23_1': [223, 224, 222, 297, 296, 295, 59, 58, 57, 56, 55, 13, 54, 53, 52, 14, 51, 9, 78, 8, 50, 7, 49, 6, 48, 5, 47, 17], 'Route_24': [17, 47, 5, 48, 6, 49, 7, 50, 8, 78, 9, 51, 14, 52, 53, 54, 13, 55, 56, 57, 58, 59, 295, 296, 297, 222, 224, 223], 'Route_24_1': [223, 224, 222, 297, 296, 295, 59, 58, 57, 56, 55, 13, 54, 53, 52, 14, 51, 9, 78, 8, 50, 7, 49, 6, 48, 5, 47, 17], 'Route_25': [102, 103, 104, 105, 106, 107, 108, 109, 110, 111, 112, 113, 114, 115, 116, 117, 118, 119, 17], 'Route_25_1': [17, 119, 118, 117, 116, 115, 114, 113, 112, 111, 110, 109, 108, 107, 106, 105, 104, 103, 102], 'Route_26': [17, 47, 5, 48, 6, 49, 7, 50, 8, 78, 9, 51, 14, 52, 53, 54, 13, 55, 56, 57, 58, 59, 295, 296, 297, 222, 224, 223], 'Route_26_1': [223, 224, 222, 297, 296, 295, 59, 58, 57, 56, 55, 13, 54, 53, 52, 14, 51, 9, 78, 8, 50, 7, 49, 6, 48, 5, 47, 17], 'Route_27': [17, 47, 5, 48, 6, 49, 7, 50, 8, 78, 9, 51, 14, 52, 53, 54, 13, 55, 56, 57, 58, 59, 295, 296, 297, 222, 224, 223], 'Route_27_1': [223, 224, 222, 297, 296, 295, 59, 58, 57, 56, 55, 13, 54, 53, 52, 14, 51, 9, 78, 8, 50, 7, 49, 6, 48, 5, 47, 17], 'Route_28': [17, 47, 5, 48, 6, 49, 7, 50, 8, 78, 9, 51, 14, 52, 53, 54, 13, 55, 56, 57, 58, 59, 295, 296, 297, 222, 224, 223], 'Route_28_1': [223, 224, 222, 297, 296, 295, 59, 58, 57, 56, 55, 13, 54, 53, 52, 14, 51, 9, 78, 8, 50, 7, 49, 6, 48, 5, 47, 17], 'Route_29': [17, 47, 5, 48, 6, 49, 7, 50, 8, 78, 9, 51, 14, 52, 53, 54, 13, 55, 56, 57, 58, 59, 295, 296, 297, 222, 224, 223], 'Route_29_1': [223, 224, 222, 297, 296, 295, 59, 58, 57, 56, 55, 13, 54, 53, 52, 14, 51, 9, 78, 8, 50, 7, 49, 6, 48, 5, 47, 17], 'Route_30': [17, 47, 5, 48, 6, 49, 7, 50, 8, 78, 9, 51, 14, 52, 53, 54, 13, 55, 56, 57, 58, 59, 295, 296, 297, 222, 224, 223], 'Route_30_1': [223, 224, 222, 297, 296, 295, 59, 58, 57, 56, 55, 13, 54, 53, 52, 14, 51, 9, 78, 8, 50, 7, 49, 6, 48, 5, 47, 17], 'Route_31': [17, 47, 5, 48, 6, 49, 7, 50, 8, 78, 9, 51, 14, 52, 53, 54, 13, 55, 56, 57, 58, 59, 295, 296, 297, 222, 224, 223], 'Route_31_1': [223, 224, 222, 297, 296, 295, 59, 58, 57, 56, 55, 13, 54, 53, 52, 14, 51, 9, 78, 8, 50, 7, 49, 6, 48, 5, 47, 17], 'Route_32': [17, 47, 5, 48, 6, 49, 7, 50, 8, 78, 9, 51, 14, 52, 53, 54, 13, 55, 56, 57, 58, 59, 295, 296, 297, 222, 224, 223], 'Route_32_1': [223, 224, 222, 297, 296, 295, 59, 58, 57, 56, 55, 13, 54, 53, 52, 14, 51, 9, 78, 8, 50, 7, 49, 6, 48, 5, 47, 17], 'Route_33': [244, 63, 41, 205, 206, 207, 208, 209, 210, 211, 212, 213, 214, 215, 216, 219, 259], 'Route_33_1': [259, 219, 216, 215, 214, 213, 212, 211, 210, 209, 208, 207, 206, 205, 41, 63, 244], 'Route_34': [17, 47, 5, 48, 6, 49, 7, 50, 8, 78, 9, 51, 14, 52, 53, 54, 13, 55, 56, 57, 58, 59, 295, 296, 297, 222, 224, 223], 'Route_34_1': [223, 224, 222, 297, 296, 295, 59, 58, 57, 56, 55, 13, 54, 53, 52, 14, 51, 9, 78, 8, 50, 7, 49, 6, 48, 5, 47, 17], 'Route_35': [244, 63, 41, 205, 206, 207, 208, 209, 210, 211, 212, 213, 214, 215, 216, 217, 218, 204, 289, 202, 203, 179, 180, 181, 182], 'Route_35_1': [182, 181, 180, 179, 203, 202, 289, 204, 218, 217, 216, 215, 214, 213, 212, 211, 210, 209, 208, 207, 206, 205, 41, 63, 244], 'Route_36': [102, 103, 123, 124, 104, 105, 106, 107, 108, 109, 110, 111, 112, 113, 114, 115, 116, 117, 118, 119, 17], 'Route_36_1': [17, 119, 118, 117, 116, 115, 114, 113, 112, 111, 110, 109, 108, 107, 106, 105, 104, 124, 123, 103, 102]}
