Set parameter WLSAccessID
Set parameter WLSSecret
Set parameter LicenseID to value 2604445
Academic license 2604445 - for non-commercial use only - registered to an___@um.edu.mt
Set parameter Seed to value 23
Set parameter TimeLimit to value 14400
Gurobi Optimizer version 12.0.2 build v12.0.2rc0 (linux64 - "Ubuntu 22.04.5 LTS")

CPU model: Intel(R) Core(TM) i5-10400 CPU @ 2.90GHz, instruction set [SSE2|AVX|AVX2]
Thread count: 6 physical cores, 12 logical processors, using up to 12 threads

Non-default parameters:
TimeLimit  14400
Seed  23

Academic license 2604445 - for non-commercial use only - registered to an___@um.edu.mt
Optimize a model with 2212595 rows, 35854 columns and 4529123 nonzeros
Model fingerprint: 0x21a85cbf
Variable types: 0 continuous, 35854 integer (27779 binary)
Coefficient statistics:
  Matrix range     [1e+00, 6e+01]
  Objective range  [1e-06, 2e-02]
  Bounds range     [1e+00, 3e+02]
  RHS range        [1e+00, 6e+01]
Presolve removed 16379 rows and 12406 columns (presolve time = 5s)...
Presolve removed 16403 rows and 12623 columns (presolve time = 10s)...
Presolve removed 16577 rows and 12628 columns
Presolve time: 13.10s
Presolved: 2196018 rows, 23226 columns, 4466658 nonzeros
Variable types: 0 continuous, 23226 integer (15978 binary)
Deterministic concurrent LP optimizer: primal simplex, dual simplex, and barrier
Showing barrier log only...

Root barrier log...

Ordering time: 0.01s

Barrier statistics:
 Dense cols : 1
 Free vars  : 149
 AA' NZ     : 4.960e+04
 Factor NZ  : 6.781e+04 (roughly 40 MB of memory)
 Factor Ops : 1.194e+07 (less than 1 second per iteration)
 Threads    : 3

                  Objective                Residual
Iter       Primal          Dual         Primal    Dual     Compl     Time
   0  -1.15541722e+06  5.00000000e+00  4.27e+00 7.88e+00  3.20e+01    29s

Barrier performed 0 iterations in 29.01 seconds (21.88 work units)
Barrier solve interrupted - model solved by another algorithm

Concurrent spin time: 0.09s

Solved with dual simplex

Root simplex log...

Iteration    Objective       Primal Inf.    Dual Inf.      Time
     785    6.4988841e-02   0.000000e+00   0.000000e+00     29s

Root simplex log...

Iteration    Objective       Primal Inf.    Dual Inf.      Time
     785    6.4988841e-02   0.000000e+00   0.000000e+00     29s

Use crossover to convert LP symmetric solution to basic solution...

Root crossover log...

     293 DPushes remaining with DInf 0.0000000e+00                31s
       0 DPushes remaining with DInf 0.0000000e+00                31s

    6439 PPushes remaining with PInf 0.0000000e+00                32s
    1919 PPushes remaining with PInf 0.0000000e+00                35s
       0 PPushes remaining with PInf 0.0000000e+00                36s

  Push phase complete: Pinf 0.0000000e+00, Dinf 4.8763433e-05     36s


Root simplex log...

Iteration    Objective       Primal Inf.    Dual Inf.      Time
    7495    6.4988841e-02   0.000000e+00   4.876343e-05     36s
    7621    6.4988841e-02   0.000000e+00   0.000000e+00     37s
    7621    6.4988841e-02   0.000000e+00   0.000000e+00     38s

Root relaxation: objective 6.498884e-02, 7621 iterations, 15.35 seconds (11.11 work units)
Total elapsed time = 44.05s (DegenMoves)
Total elapsed time = 48.98s (DegenMoves)
Total elapsed time = 53.47s (DegenMoves)
Total elapsed time = 57.35s (DegenMoves)

    Nodes    |    Current Node    |     Objective Bounds      |     Work
 Expl Unexpl |  Obj  Depth IntInf | Incumbent    BestBd   Gap | It/Node Time

     0     0    0.06499    0  374          -    0.06499      -     -   63s
H    0     0                       5.0009250    0.06499  98.7%     -   98s
     0     0    0.06515    0 1220    5.00092    0.06515  98.7%     -  109s
H    0     0                       4.1804915    0.06515  98.4%     -  113s
H    0     0                       4.0412884    0.06515  98.4%     -  114s
     0     0    0.06515    0 1027    4.04129    0.06515  98.4%     -  119s
     0     0    0.06516    0 1449    4.04129    0.06516  98.4%     -  135s
H    0     0                       3.8094533    0.06516  98.3%     -  140s
     0     0    0.06516    0 1219    3.80945    0.06516  98.3%     -  143s
     0     0    0.06517    0 1571    3.80945    0.06517  98.3%     -  165s
H    0     0                       3.4999900    0.06517  98.1%     -  183s
     0     0    0.11159    0 1286    3.49999    0.11159  96.8%     -  188s
     0     0    0.11159    0 1805    3.49999    0.11159  96.8%     -  211s
     0     0    0.11159    0 1533    3.49999    0.11159  96.8%     -  232s
     0     0    0.11159    0 1668    3.49999    0.11159  96.8%     -  254s
H    0     0                       3.3453041    0.11159  96.7%     -  256s
     0     0    0.11159    0 1450    3.34530    0.11159  96.7%     -  259s
     0     0    0.14253    0 1464    3.34530    0.14253  95.7%     -  297s
H    0     0                       3.3453036    0.14253  95.7%     -  320s
     0     0    0.14253    0 1417    3.34530    0.14253  95.7%     -  322s
     0     0    0.14253    0 2300    3.34530    0.14253  95.7%     -  365s
     0     0    0.14253    0 1683    3.34530    0.14253  95.7%     -  387s
     0     0    0.14255    0 2037    3.34530    0.14255  95.7%     -  425s
H    0     0                       2.5412990    0.14255  94.4%     -  441s
H    0     0                       2.5104419    0.14255  94.3%     -  442s
     0     0    0.14255    0 1942    2.51044    0.14255  94.3%     -  451s
     0     0    0.14255    0 3025    2.51044    0.14255  94.3%     -  500s
     0     0    0.14255    0 1956    2.51044    0.14255  94.3%     -  525s
     0     0    0.14255    0 1857    2.51044    0.14255  94.3%     -  578s
     0     0    0.14255    0 1780    2.51044    0.14255  94.3%     -  605s
H    0     0                       2.3247589    0.14255  93.9%     -  623s
H    0     0                       2.3247359    0.14258  93.9%     -  699s
H    0     2                       2.2940785    0.14258  93.8%     -  719s
     0     2    0.14258    0 1485    2.29408    0.14258  93.8%     -  719s
     1     3    0.14258    1 1638    2.29408    0.14258  93.8%  3020  735s
     2     5    0.14258    2 1785    2.29408    0.14258  93.8%  3144  771s
     4    10    0.14258    3 1991    2.29408    0.14258  93.8%  2988  893s
     9    15    0.14258    4 1943    2.29408    0.14258  93.8%  5546  963s
    14    24    0.14258    5 1757    2.29408    0.14258  93.8%  4411 1079s
H   30    34                       2.2631183    0.14258  93.7%  2755 1176s
H   34    34                       1.8918831    0.14258  92.5%  2485 1176s
    43    48    0.31282   12 1778    1.89188    0.14258  92.5%  2263 1338s
    62    57    0.31282   13 2082    1.89188    0.14258  92.5%  1809 1404s
H   76    65                       1.3972772    0.14258  89.8%  1597 1462s
    88    73    0.31282   16 2510    1.39728    0.14258  89.8%  1514 1509s
   100    82    0.31282   17 2067    1.39728    0.14258  89.8%  1416 1551s
H  115    91                       1.2730584    0.14258  88.8%  1279 1611s
H  122    91                       1.2580156    0.14258  88.7%  1232 1611s
   126    94 infeasible   20         1.25802    0.14258  88.7%  1199 1661s
   138   104    0.14278   17 1655    1.25802    0.14258  88.7%  1136 1701s
   151   108    0.14279   19 1704    1.25802    0.14258  88.7%  1098 1747s
H  152   108                       1.2578949    0.14258  88.7%  1091 1747s
H  153   108                       1.1339831    0.14258  87.4%  1100 1747s
   159   117    0.14774   20 1868    1.13398    0.14258  87.4%  1094 1798s
   175   125    0.14316   21 2085    1.13398    0.14258  87.4%  1053 1848s
H  190   131                       1.1186049    0.14258  87.3%  1001 1904s
H  191   131                       1.1185037    0.14258  87.3%   996 1904s
H  192   131                       1.1185033    0.14258  87.3%   991 1904s
H  192   131                       1.0719984    0.14258  86.7%   991 1904s
   196   138    0.14321   24 1803    1.07200    0.14258  86.7%  1000 1958s
   215   145    0.49890   27 1695    1.07200    0.14258  86.7%   946 2000s
   235   155    0.32950   29 1556    1.07200    0.14258  86.7%   889 2065s
H  236   155                       0.9949588    0.14258  85.7%   886 2065s
H  255   155                       0.9947197    0.14258  85.7%   828 2065s
   258   171    0.48434   29 1520    0.99472    0.14258  85.7%   826 2111s
   279   177    0.32949   33 1155    0.99472    0.14258  85.7%   791 2170s
H  290   177                       0.9172762    0.14258  84.5%   772 2170s
   297   189    0.34474   35 1141    0.91728    0.14258  84.5%   764 2245s
H  310   189                       0.7008303    0.14258  79.7%   755 2245s
   319   195 infeasible   35         0.70083    0.14258  79.7%   744 2317s
H  320   195                       0.7008148    0.14258  79.7%   742 2317s
H  330   195                       0.6856306    0.14258  79.2%   729 2317s
H  339   195                       0.6390269    0.14258  77.7%   722 2317s
   346   205    0.39058   41  896    0.63903    0.14258  77.7%   707 2385s
H  350   205                       0.6236848    0.14258  77.1%   700 2386s
H  353   205                       0.6081448    0.14258  76.6%   698 2386s
   364   209    0.18935   56 1200    0.60814    0.14258  76.6%   703 2463s
H  376   209                       0.5929459    0.14258  76.0%   681 2463s
   390   213    0.18935   62 1369    0.59295    0.14258  76.0%   679 2547s
H  404   213                       0.5779226    0.14258  75.3%   667 2547s
H  408   213                       0.5624558    0.14258  74.7%   664 2547s
   415   230    0.18937   64 1053    0.56246    0.14258  74.7%   661 2625s
H  421   230                       0.5624554    0.14258  74.7%   653 2625s
H  422   230                       0.5312841    0.14258  73.2%   658 2625s
H  434   230                       0.5158090    0.14258  72.4%   644 2625s
H  444   239                       0.5157087    0.14258  72.4%   636 2714s
H  459   239                       0.4540696    0.14258  68.6%   625 2714s
H  463   250                       0.4540383    0.14258  68.6%   621 2802s
H  468   250                       0.4231723    0.14258  66.3%   618 2802s
H  492   263                       0.4230724    0.14258  66.3%   600 2916s
H  513   263                       0.4076940    0.14258  65.0%   587 2916s
H  518   285                       0.4076935    0.14258  65.0%   583 3010s
H  522   285                       0.4076560    0.14258  65.0%   583 3010s
H  527   285                       0.4076536    0.14258  65.0%   586 3010s
H  533   285                       0.3921838    0.14258  63.6%   580 3010s
   554   289    0.18953   78 1428    0.39218    0.14258  63.6%   569 3111s
H  568   289                       0.3920836    0.14258  63.6%   555 3111s
H  584   289                       0.3920777    0.14258  63.6%   547 3111s
   592   297 infeasible   84         0.39208    0.14258  63.6%   546 3226s
H  593   297                       0.3920574    0.14258  63.6%   545 3226s
   622   313 infeasible   91         0.39206    0.14258  63.6%   525 3329s
H  626   313                       0.3920352    0.14258  63.6%   525 3329s
H  668   338                       0.3919956    0.14258  63.6%   500 3441s
H  685   338                       0.3919285    0.14258  63.6%   505 3441s
   704   338    0.22046  106 1612    0.39193    0.14258  63.6%   494 3612s
H  736   338                       0.3918918    0.14258  63.6%   477 3612s
   741   328 infeasible    6         0.39189    0.14258  63.6%   475 3701s
H  742   328                       0.3918913    0.14258  63.6%   474 3701s
   793   326 infeasible   17         0.39189    0.14258  63.6%   451 3800s
H  795   326                       0.3457308    0.14258  58.8%   449 3800s
   833   312 infeasible   23         0.34573    0.14258  58.8%   441 3933s
   853   320    0.19003   26 1665    0.34573    0.14258  58.8%   446 4054s
H  855   320                       0.3455670    0.14258  58.7%   446 4054s
   868   346    0.23566   28 1576    0.34557    0.14258  58.7%   455 4161s
H  911   359                       0.3455625    0.14258  58.7%   454 4314s
H  911   352                       0.3301499    0.14258  56.8%   454 4314s
H  944   352                       0.3301442    0.14258  56.8%   445 4314s
   951   359    0.29762   40 2023    0.33014    0.14258  56.8%   447 4463s
   989   356    0.29766   45 1643    0.33014    0.14258  56.8%   441 4627s
H  994   350                       0.3301071    0.14258  56.8%   440 4800s
  1008   348 infeasible   42         0.33011    0.14258  56.8%   439 4989s
  1020   348 infeasible   43         0.33011    0.14258  56.8%   441 5174s
  1030   345 infeasible   44         0.33011    0.14258  56.8%   445 5355s
  1045   351 infeasible   46         0.33011    0.14258  56.8%   446 5534s
  1057   356 infeasible   46         0.33011    0.14258  56.8%   457 5779s
H 1062   356                       0.3300930    0.14258  56.8%   466 5779s
  1079   376    0.29829   75  842    0.33009    0.14258  56.8%   469 5967s
H 1093   376                       0.3300559    0.14258  56.8%   466 5967s
H 1128   387                       0.3298887    0.14258  56.8%   469 6282s
H 1141   373                       0.3147168    0.14258  54.7%   476 6282s
H 1144   392                       0.3146837    0.14258  54.7%   477 6486s
H 1158   392                       0.3146833    0.14258  54.7%   472 6486s
H 1171   392                       0.3146615    0.14258  54.7%   477 6486s
H 1188   400                       0.3146610    0.14258  54.7%   478 6778s
  1197   404 infeasible   44         0.31466    0.14258  54.7%   480 7002s
  1221   409    0.31315   21 2499    0.31466    0.14258  54.7%   483 7216s
  1234   414    0.31362   20 2152    0.31466    0.14258  54.7%   503 7449s
H 1251   414                       0.3146508    0.14258  54.7%   509 7449s
  1253   432    0.31361   21 2146    0.31465    0.14258  54.7%   510 7749s
  1277   440    0.31360   23 2369    0.31465    0.14258  54.7%   513 8026s
H 1295   440                       0.3146416    0.14258  54.7%   515 8026s
  1307   439    0.31353   26 1106    0.31464    0.14258  54.7%   516 8316s
  1320   442    0.31352   28 1106    0.31464    0.14258  54.7%   518 8594s
  1338   449    0.31369   30  911    0.31464    0.14258  54.7%   514 8878s
  1365   441    0.31368   31  903    0.31464    0.14258  54.7%   516 9206s
  1375   447    0.31362   32  872    0.31464    0.14258  54.7%   515 9515s
  1396   449    0.31365   37 1240    0.31464    0.14258  54.7%   516 9838s
H 1409   449                       0.3145742    0.14258  54.7%   515 9838s
  1425   444    0.31370   48  895    0.31457    0.14258  54.7%   518 10189s
  1431   440    0.31370   49  891    0.31457    0.14258  54.7%   516 10516s
  1437   435    0.31370   50  856    0.31457    0.14258  54.7%   515 10859s
  1452   429 infeasible   27         0.31457    0.14258  54.7%   512 11261s
  1458   423 infeasible   40         0.31457    0.14258  54.7%   510 11621s
  1464   417 infeasible   22         0.31457    0.14258  54.7%   509 11986s
  1470   411 infeasible   26         0.31457    0.14258  54.7%   507 12354s
H 1473   411                       0.3145546    0.14258  54.7%   506 12354s
  1478   405 infeasible   30         0.31455    0.14258  54.7%   507 12767s
  1488   399    0.31313   12 2594    0.31455    0.14258  54.7%   511 13129s
  1496   393 infeasible   20         0.31455    0.14258  54.7%   508 13561s
  1502   388 infeasible   32         0.31455    0.14258  54.7%   506 13955s
H 1505   388                       0.3145335    0.14258  54.7%   507 13955s
  1515   382 infeasible   32         0.31453    0.14258  54.7%   506 14341s
  1524   381 infeasible   40         0.31453    0.14258  54.7%   515 14400s

Cutting planes:
  Gomory: 95
  Cover: 817
  Implied bound: 5773
  Clique: 723
  MIR: 1904
  StrongCG: 42
  Inf proof: 3
  Zero half: 502
  RLT: 55
  Relax-and-lift: 901

Explored 1531 nodes (891785 simplex iterations) in 14401.30 seconds (9461.40 work units)
Thread count was 12 (of 12 available processors)

Solution count 10: 0.314533 0.314555 0.314574 ... 0.314717

Time limit reached
Best objective 3.145334662658e-01, best bound 1.425750331639e-01, gap 54.6709%
Objective Function at this solution: [[0, 1, 13], [0, 9, 5], [0, 172, 14], [0, 173, 1], [1, 0, 1], [1, 84, 13], [2, 81, 1], [2, 303, 13], [2, 303, 14], [3, 4, 4], [3, 4, 9], [3, 4, 13], [3, 4, 14], [3, 4, 22], [4, 5, 4], [4, 5, 9], [4, 5, 13], [4, 5, 14], [4, 5, 22], [6, 145, 16], [7, 145, 8], [7, 294, 1], [7, 294, 5], [8, 1, 1], [9, 0, 13], [9, 314, 5], [9, 314, 24], [10, 75, 18], [10, 101, 17], [10, 163, 9], [10, 322, 4], [10, 322, 19], [12, 13, 4], [13, 14, 4], [13, 73, 19], [14, 15, 4], [15, 16, 4], [15, 69, 19], [16, 15, 19], [16, 17, 4], [17, 18, 4], [18, 19, 4], [19, 20, 4], [19, 66, 19], [20, 19, 19], [20, 21, 4], [21, 20, 19], [21, 22, 4], [22, 21, 19], [22, 23, 4], [23, 24, 4], [24, 25, 4], [25, 26, 4], [26, 27, 4], [27, 28, 4], [27, 61, 19], [28, 29, 4], [29, 27, 19], [29, 30, 4], [30, 29, 19], [30, 31, 4], [31, 32, 4], [32, 248, 4], [33, 233, 24], [34, 268, 11], [35, 34, 11], [36, 58, 11], [37, 36, 11], [37, 38, 2], [38, 37, 11], [38, 39, 2], [39, 40, 2], [39, 57, 11], [40, 39, 11], [40, 41, 2], [41, 40, 11], [41, 42, 2], [42, 41, 11], [42, 43, 2], [43, 42, 11], [43, 44, 2], [43, 110, 3], [43, 110, 6], [43, 110, 7], [43, 110, 10], [43, 110, 15], [43, 110, 23], [44, 45, 2], [45, 46, 2], [45, 56, 3], [45, 56, 6], [45, 56, 7], [45, 56, 10], [45, 56, 11], [45, 56, 15], [45, 56, 23], [46, 45, 3], [46, 45, 6], [46, 45, 7], [46, 45, 10], [46, 45, 11], [46, 45, 15], [46, 45, 23], [46, 47, 2], [47, 46, 3], [47, 46, 6], [47, 46, 7], [47, 46, 10], [47, 46, 11], [47, 46, 15], [47, 46, 23], [47, 48, 2], [48, 49, 2], [49, 50, 2], [49, 55, 3], [49, 55, 6], [49, 55, 7], [49, 55, 10], [49, 55, 11], [49, 55, 15], [49, 55, 23], [50, 49, 3], [50, 49, 6], [50, 49, 7], [50, 49, 10], [50, 49, 11], [50, 49, 15], [50, 49, 23], [55, 47, 3], [55, 47, 6], [55, 47, 7], [55, 47, 10], [55, 47, 11], [55, 47, 15], [55, 47, 23], [56, 43, 3], [56, 43, 6], [56, 43, 7], [56, 43, 10], [56, 43, 11], [56, 43, 15], [56, 43, 23], [57, 38, 11], [58, 59, 11], [59, 35, 11], [60, 30, 19], [61, 62, 19], [62, 63, 19], [63, 64, 19], [64, 65, 19], [65, 22, 19], [66, 67, 19], [67, 68, 19], [68, 16, 19], [69, 70, 19], [70, 71, 19], [71, 72, 19], [72, 13, 19], [73, 11, 19], [74, 228, 19], [75, 111, 9], [75, 237, 18], [76, 3, 4], [76, 3, 9], [76, 3, 13], [76, 3, 14], [77, 74, 19], [78, 148, 17], [79, 85, 17], [80, 85, 4], [80, 96, 17], [81, 2, 13], [81, 2, 14], [81, 82, 1], [82, 83, 1], [83, 84, 1], [83, 315, 14], [83, 317, 13], [84, 8, 1], [84, 83, 13], [85, 80, 17], [85, 86, 4], [86, 148, 4], [87, 306, 16], [89, 304, 17], [90, 91, 22], [91, 92, 22], [91, 95, 8], [92, 91, 8], [92, 93, 22], [93, 92, 8], [93, 147, 22], [94, 93, 8], [95, 307, 8], [96, 80, 4], [96, 97, 17], [97, 98, 17], [98, 96, 4], [98, 99, 17], [98, 99, 19], [99, 100, 17], [99, 100, 19], [100, 10, 4], [100, 10, 17], [100, 218, 19], [101, 119, 17], [102, 111, 18], [102, 111, 19], [103, 102, 18], [103, 102, 19], [103, 104, 12], [104, 103, 18], [104, 105, 12], [105, 104, 18], [105, 106, 12], [106, 105, 18], [106, 107, 12], [107, 106, 18], [107, 108, 12], [108, 107, 18], [108, 109, 12], [109, 108, 18], [109, 283, 12], [111, 10, 9], [111, 10, 18], [111, 10, 19], [112, 113, 12], [112, 113, 19], [112, 113, 20], [113, 122, 12], [113, 122, 19], [113, 122, 20], [114, 115, 17], [114, 115, 20], [115, 116, 20], [115, 118, 17], [116, 117, 20], [118, 123, 17], [119, 120, 17], [120, 121, 17], [121, 103, 12], [121, 103, 19], [121, 122, 17], [122, 114, 17], [122, 114, 20], [122, 121, 12], [122, 121, 19], [123, 136, 17], [124, 125, 17], [125, 126, 17], [126, 127, 17], [127, 130, 17], [130, 131, 17], [131, 132, 17], [132, 133, 17], [133, 134, 17], [134, 135, 12], [134, 135, 19], [134, 135, 20], [135, 142, 12], [135, 142, 19], [135, 142, 20], [136, 124, 17], [137, 112, 12], [137, 112, 19], [137, 112, 20], [138, 137, 12], [138, 137, 19], [138, 137, 20], [139, 138, 12], [139, 138, 19], [139, 138, 20], [140, 143, 12], [140, 143, 19], [140, 143, 20], [141, 140, 12], [141, 140, 19], [141, 140, 20], [142, 141, 12], [142, 141, 19], [142, 141, 20], [143, 139, 12], [143, 139, 19], [143, 139, 20], [144, 90, 22], [145, 146, 8], [145, 158, 16], [146, 94, 8], [147, 3, 22], [148, 149, 4], [148, 149, 17], [149, 152, 4], [149, 152, 17], [150, 79, 17], [150, 151, 16], [151, 87, 16], [152, 150, 16], [152, 150, 17], [152, 153, 4], [153, 152, 16], [153, 154, 4], [154, 155, 4], [154, 159, 16], [155, 156, 4], [156, 154, 16], [156, 157, 4], [157, 156, 16], [157, 158, 4], [158, 76, 4], [158, 157, 16], [159, 153, 16], [160, 161, 5], [160, 320, 1], [161, 164, 5], [162, 76, 9], [163, 204, 9], [164, 165, 5], [165, 166, 5], [166, 167, 5], [167, 168, 5], [168, 169, 5], [169, 170, 5], [170, 171, 5], [170, 302, 14], [171, 172, 5], [172, 0, 5], [172, 170, 14], [173, 0, 14], [173, 9, 24], [173, 174, 1], [174, 173, 14], [174, 173, 24], [174, 175, 1], [175, 174, 14], [175, 174, 24], [175, 176, 1], [176, 177, 1], [177, 178, 1], [177, 193, 14], [177, 193, 24], [178, 177, 14], [178, 177, 24], [178, 179, 1], [179, 178, 14], [179, 178, 24], [179, 180, 1], [180, 181, 1], [181, 182, 1], [181, 191, 14], [181, 191, 24], [182, 181, 14], [182, 181, 24], [182, 183, 1], [183, 184, 1], [184, 182, 14], [184, 182, 24], [184, 185, 1], [185, 184, 14], [185, 184, 24], [185, 186, 1], [186, 187, 1], [187, 188, 1], [187, 190, 14], [188, 187, 14], [188, 189, 1], [189, 188, 14], [189, 214, 24], [189, 299, 1], [190, 185, 14], [191, 192, 14], [191, 192, 24], [192, 179, 14], [192, 179, 24], [193, 194, 14], [193, 194, 24], [194, 175, 14], [194, 175, 24], [195, 215, 14], [195, 215, 24], [196, 195, 1], [197, 196, 1], [198, 197, 1], [199, 198, 1], [199, 200, 14], [199, 200, 24], [200, 199, 1], [200, 201, 14], [200, 201, 24], [201, 200, 1], [201, 299, 14], [201, 299, 24], [204, 303, 9], [206, 301, 24], [207, 206, 24], [208, 207, 24], [209, 208, 24], [210, 300, 24], [211, 210, 24], [212, 211, 24], [213, 212, 24], [214, 213, 24], [215, 199, 14], [215, 199, 24], [217, 189, 24], [218, 219, 19], [219, 220, 19], [220, 221, 19], [221, 222, 19], [222, 223, 19], [223, 224, 19], [224, 225, 19], [225, 226, 19], [226, 227, 19], [227, 77, 19], [228, 100, 4], [228, 229, 19], [229, 235, 4], [229, 240, 19], [230, 261, 2], [231, 260, 9], [232, 231, 24], [233, 232, 24], [234, 60, 19], [235, 236, 4], [236, 228, 4], [237, 238, 18], [238, 239, 18], [239, 251, 18], [240, 229, 4], [240, 234, 19], [248, 240, 4], [249, 250, 9], [250, 75, 9], [251, 249, 9], [251, 252, 18], [252, 251, 9], [252, 253, 18], [253, 252, 9], [253, 254, 18], [254, 253, 9], [254, 255, 18], [255, 256, 18], [256, 257, 18], [256, 267, 9], [257, 256, 9], [257, 258, 18], [258, 257, 9], [258, 259, 18], [259, 258, 9], [259, 260, 18], [260, 230, 18], [260, 259, 9], [261, 262, 2], [262, 263, 2], [263, 264, 2], [264, 265, 2], [265, 266, 2], [266, 37, 2], [267, 254, 9], [268, 269, 11], [269, 270, 11], [269, 282, 24], [270, 269, 24], [270, 271, 11], [271, 270, 24], [271, 272, 11], [272, 271, 24], [272, 273, 11], [273, 274, 11], [274, 275, 11], [274, 321, 24], [275, 274, 24], [275, 276, 5], [275, 276, 11], [276, 277, 5], [276, 277, 11], [276, 277, 21], [277, 278, 5], [277, 278, 11], [277, 278, 21], [279, 280, 21], [279, 314, 13], [280, 281, 5], [280, 281, 21], [280, 281, 24], [281, 275, 5], [281, 275, 24], [281, 311, 21], [282, 33, 24], [283, 109, 18], [283, 284, 12], [284, 283, 18], [284, 285, 12], [285, 284, 18], [285, 286, 12], [286, 287, 12], [287, 288, 12], [287, 293, 18], [288, 289, 12], [289, 290, 12], [289, 292, 18], [290, 51, 12], [291, 289, 18], [292, 287, 18], [293, 285, 18], [294, 160, 1], [294, 160, 5], [299, 189, 14], [299, 201, 1], [299, 217, 24], [300, 209, 24], [301, 185, 24], [302, 83, 14], [303, 76, 13], [303, 76, 14], [303, 162, 9], [304, 305, 17], [305, 78, 17], [306, 88, 16], [307, 144, 22], [308, 309, 24], [309, 310, 24], [310, 272, 24], [311, 312, 21], [312, 313, 21], [313, 276, 21], [314, 9, 13], [314, 280, 5], [314, 280, 24], [315, 316, 14], [316, 318, 13], [316, 318, 14], [317, 316, 13], [318, 81, 13], [318, 81, 14], [319, 2, 1], [320, 319, 1], [321, 308, 24], [322, 98, 4], [322, 98, 19]]
List of All Routes is {'Route_1': [7, 294, 160, 320, 319, 2, 81, 82, 83, 84, 8, 1, 0, 173, 174, 175, 176, 177, 178, 179, 180, 181, 182, 183, 184, 185, 186, 187, 188, 189, 299, 201, 200, 199, 198, 197, 196, 195], 'Route_1_1': [195, 196, 197, 198, 199, 200, 201, 299, 189, 188, 187, 186, 185, 184, 183, 182, 181, 180, 179, 178, 177, 176, 175, 174, 173, 0, 1, 8, 84, 83, 82, 81, 2, 319, 320, 160, 294, 7], 'Route_2': [230, 261, 262, 263, 264, 265, 266, 37, 38, 39, 40, 41, 42, 43, 44, 45, 46, 47, 48, 49, 50], 'Route_2_1': [50, 49, 48, 47, 46, 45, 44, 43, 42, 41, 40, 39, 38, 37, 266, 265, 264, 263, 262, 261, 230], 'Route_3': [50, 49, 55, 47, 46, 45, 56, 43, 110], 'Route_3_1': [110, 43, 56, 45, 46, 47, 55, 49, 50], 'Route_4': [12, 13, 14, 15, 16, 17, 18, 19, 20, 21, 22, 23, 24, 25, 26, 27, 28, 29, 30, 31, 32, 248, 240, 229, 235, 236, 228, 100, 10, 322, 98, 96, 80, 85, 86, 148, 149, 152, 153, 154, 155, 156, 157, 158, 76, 3, 4, 5], 'Route_4_1': [5, 4, 3, 76, 158, 157, 156, 155, 154, 153, 152, 149, 148, 86, 85, 80, 96, 98, 322, 10, 100, 228, 236, 235, 229, 240, 248, 32, 31, 30, 29, 28, 27, 26, 25, 24, 23, 22, 21, 20, 19, 18, 17, 16, 15, 14, 13, 12], 'Route_5': [7, 294, 160, 161, 164, 165, 166, 167, 168, 169, 170, 171, 172, 0, 9, 314, 280, 281, 275, 276, 277, 278], 'Route_5_1': [278, 277, 276, 275, 281, 280, 314, 9, 0, 172, 171, 170, 169, 168, 167, 166, 165, 164, 161, 160, 294, 7], 'Route_6': [50, 49, 55, 47, 46, 45, 56, 43, 110], 'Route_6_1': [110, 43, 56, 45, 46, 47, 55, 49, 50], 'Route_7': [50, 49, 55, 47, 46, 45, 56, 43, 110], 'Route_7_1': [110, 43, 56, 45, 46, 47, 55, 49, 50], 'Route_8': [7, 145, 146, 94, 93, 92, 91, 95, 307], 'Route_8_1': [307, 95, 91, 92, 93, 94, 146, 145, 7], 'Route_9': [231, 260, 259, 258, 257, 256, 267, 254, 253, 252, 251, 249, 250, 75, 111, 10, 163, 204, 303, 162, 76, 3, 4, 5], 'Route_9_1': [5, 4, 3, 76, 162, 303, 204, 163, 10, 111, 75, 250, 249, 251, 252, 253, 254, 267, 256, 257, 258, 259, 260, 231], 'Route_10': [50, 49, 55, 47, 46, 45, 56, 43, 110], 'Route_10_1': [110, 43, 56, 45, 46, 47, 55, 49, 50], 'Route_11': [50, 49, 55, 47, 46, 45, 56, 43, 42, 41, 40, 39, 57, 38, 37, 36, 58, 59, 35, 34, 268, 269, 270, 271, 272, 273, 274, 275, 276, 277, 278], 'Route_11_1': [278, 277, 276, 275, 274, 273, 272, 271, 270, 269, 268, 34, 35, 59, 58, 36, 37, 38, 57, 39, 40, 41, 42, 43, 56, 45, 46, 47, 55, 49, 50], 'Route_12': [134, 135, 142, 141, 140, 143, 139, 138, 137, 112, 113, 122, 121, 103, 104, 105, 106, 107, 108, 109, 283, 284, 285, 286, 287, 288, 289, 290, 51], 'Route_12_1': [51, 290, 289, 288, 287, 286, 285, 284, 283, 109, 108, 107, 106, 105, 104, 103, 121, 122, 113, 112, 137, 138, 139, 143, 140, 141, 142, 135, 134], 'Route_13': [279, 314, 9, 0, 1, 84, 83, 317, 316, 318, 81, 2, 303, 76, 3, 4, 5], 'Route_13_1': [5, 4, 3, 76, 303, 2, 81, 318, 316, 317, 83, 84, 1, 0, 9, 314, 279], 'Route_14': [195, 215, 199, 200, 201, 299, 189, 188, 187, 190, 185, 184, 182, 181, 191, 192, 179, 178, 177, 193, 194, 175, 174, 173, 0, 172, 170, 302, 83, 315, 316, 318, 81, 2, 303, 76, 3, 4, 5], 'Route_14_1': [5, 4, 3, 76, 303, 2, 81, 318, 316, 315, 83, 302, 170, 172, 0, 173, 174, 175, 194, 193, 177, 178, 179, 192, 191, 181, 182, 184, 185, 190, 187, 188, 189, 299, 201, 200, 199, 215, 195], 'Route_15': [50, 49, 55, 47, 46, 45, 56, 43, 110], 'Route_15_1': [110, 43, 56, 45, 46, 47, 55, 49, 50], 'Route_16': [6, 145, 158, 157, 156, 154, 159, 153, 152, 150, 151, 87, 306, 88], 'Route_16_1': [88, 306, 87, 151, 150, 152, 153, 159, 154, 156, 157, 158, 145, 6], 'Route_17': [89, 304, 305, 78, 148, 149, 152, 150, 79, 85, 80, 96, 97, 98, 99, 100, 10, 101, 119, 120, 121, 122, 114, 115, 118, 123, 136, 124, 125, 126, 127, 130, 131, 132, 133, 134], 'Route_17_1': [134, 133, 132, 131, 130, 127, 126, 125, 124, 136, 123, 118, 115, 114, 122, 121, 120, 119, 101, 10, 100, 99, 98, 97, 96, 80, 85, 79, 150, 152, 149, 148, 78, 305, 304, 89], 'Route_18': [291, 289, 292, 287, 293, 285, 284, 283, 109, 108, 107, 106, 105, 104, 103, 102, 111, 10, 75, 237, 238, 239, 251, 252, 253, 254, 255, 256, 257, 258, 259, 260, 230], 'Route_18_1': [230, 260, 259, 258, 257, 256, 255, 254, 253, 252, 251, 239, 238, 237, 75, 10, 111, 102, 103, 104, 105, 106, 107, 108, 109, 283, 284, 285, 293, 287, 292, 289, 291], 'Route_19': [134, 135, 142, 141, 140, 143, 139, 138, 137, 112, 113, 122, 121, 103, 102, 111, 10, 322, 98, 99, 100, 218, 219, 220, 221, 222, 223, 224, 225, 226, 227, 77, 74, 228, 229, 240, 234, 60, 30, 29, 27, 61, 62, 63, 64, 65, 22, 21, 20, 19, 66, 67, 68, 16, 15, 69, 70, 71, 72, 13, 73, 11], 'Route_19_1': [11, 73, 13, 72, 71, 70, 69, 15, 16, 68, 67, 66, 19, 20, 21, 22, 65, 64, 63, 62, 61, 27, 29, 30, 60, 234, 240, 229, 228, 74, 77, 227, 226, 225, 224, 223, 222, 221, 220, 219, 218, 100, 99, 98, 322, 10, 111, 102, 103, 121, 122, 113, 112, 137, 138, 139, 143, 140, 141, 142, 135, 134], 'Route_20': [134, 135, 142, 141, 140, 143, 139, 138, 137, 112, 113, 122, 114, 115, 116, 117], 'Route_20_1': [117, 116, 115, 114, 122, 113, 112, 137, 138, 139, 143, 140, 141, 142, 135, 134], 'Route_21': [279, 280, 281, 311, 312, 313, 276, 277, 278], 'Route_21_1': [278, 277, 276, 313, 312, 311, 281, 280, 279], 'Route_22': [307, 144, 90, 91, 92, 93, 147, 3, 4, 5], 'Route_22_1': [5, 4, 3, 147, 93, 92, 91, 90, 144, 307], 'Route_23': [50, 49, 55, 47, 46, 45, 56, 43, 110], 'Route_23_1': [110, 43, 56, 45, 46, 47, 55, 49, 50], 'Route_24': [195, 215, 199, 200, 201, 299, 217, 189, 214, 213, 212, 211, 210, 300, 209, 208, 207, 206, 301, 185, 184, 182, 181, 191, 192, 179, 178, 177, 193, 194, 175, 174, 173, 9, 314, 280, 281, 275, 274, 321, 308, 309, 310, 272, 271, 270, 269, 282, 33, 233, 232, 231], 'Route_24_1': [231, 232, 233, 33, 282, 269, 270, 271, 272, 310, 309, 308, 321, 274, 275, 281, 280, 314, 9, 173, 174, 175, 194, 193, 177, 178, 179, 192, 191, 181, 182, 184, 185, 301, 206, 207, 208, 209, 300, 210, 211, 212, 213, 214, 189, 217, 299, 201, 200, 199, 215, 195]}
