Set parameter WLSAccessID
Set parameter WLSSecret
Set parameter LicenseID to value 2604445
Academic license 2604445 - for non-commercial use only - registered to an___@um.edu.mt
Set parameter Seed to value 23
Set parameter TimeLimit to value 14400
Gurobi Optimizer version 12.0.2 build v12.0.2rc0 (linux64 - "Ubuntu 22.04.5 LTS")

CPU model: Intel(R) Core(TM) i5-10400 CPU @ 2.90GHz, instruction set [SSE2|AVX|AVX2]
Thread count: 6 physical cores, 12 logical processors, using up to 12 threads

Non-default parameters:
TimeLimit  14400
Seed  23

Academic license 2604445 - for non-commercial use only - registered to an___@um.edu.mt
Optimize a model with 502089 rows, 11637 columns and 1036524 nonzeros
Model fingerprint: 0xa9184444
Variable types: 0 continuous, 11637 integer (8937 binary)
Coefficient statistics:
  Matrix range     [1e+00, 6e+01]
  Objective range  [1e-06, 2e-02]
  Bounds range     [1e+00, 2e+02]
  RHS range        [1e+00, 6e+01]
Presolve removed 5044 rows and 4092 columns
Presolve time: 1.66s
Presolved: 497045 rows, 7545 columns, 1018016 nonzeros
Variable types: 0 continuous, 7545 integer (5213 binary)

Use crossover to convert LP symmetric solution to basic solution...

Root relaxation: objective 3.568749e-03, 2410 iterations, 1.37 seconds (0.87 work units)
Total elapsed time = 5.85s (DegenMoves)

    Nodes    |    Current Node    |     Objective Bounds      |     Work
 Expl Unexpl |  Obj  Depth IntInf | Incumbent    BestBd   Gap | It/Node Time

     0     0    0.00357    0  225          -    0.00357      -     -    8s
H    0     0                       5.0065296    0.00357   100%     -   11s
     0     0    0.00396    0  691    5.00653    0.00396   100%     -   13s
H    0     0                       4.5176407    0.00396   100%     -   14s
     0     0    0.00400    0  611    4.51764    0.00400   100%     -   15s
     0     0    0.00401    0  788    4.51764    0.00401   100%     -   17s
     0     0    0.00401    0  611    4.51764    0.00401   100%     -   19s
     0     0    0.00402    0 1004    4.51764    0.00402   100%     -   23s
     0     0    0.00402    0  749    4.51764    0.00402   100%     -   26s
     0     0    0.00403    0  953    4.51764    0.00403   100%     -   30s
     0     0    0.00403    0  675    4.51764    0.00403   100%     -   32s
     0     0    0.00403    0  831    4.51764    0.00403   100%     -   36s
     0     0    0.00403    0  754    4.51764    0.00403   100%     -   38s
     0     0    0.00403    0  498    4.51764    0.00403   100%     -   47s
     0     0    0.00404    0  554    4.51764    0.00404   100%     -   52s
     0     0    0.00411    0  613    4.51764    0.00411   100%     -   60s
H    0     0                       4.1395631    0.00413   100%     -   62s
     0     0    0.00413    0  674    4.13956    0.00413   100%     -   63s
     0     0    0.00416    0 1080    4.13956    0.00416   100%     -   67s
     0     0    0.00416    0 1098    4.13956    0.00416   100%     -   70s
     0     0    0.00424    0 1683    4.13956    0.00424   100%     -   80s
H    0     0                       3.7171584    0.00424   100%     -   81s
     0     0    0.00426    0 1038    3.71716    0.00426   100%     -   83s
     0     0    0.00426    0 2536    3.71716    0.00426   100%     -  110s
     0     0    0.00426    0 1694    3.71716    0.00426   100%     -  123s
     0     0    0.00433    0 2102    3.71716    0.00433   100%     -  163s
     0     0    0.00433    0 1865    3.71716    0.00433   100%     -  182s
     0     0    0.00435    0 2641    3.71716    0.00435   100%     -  229s
     0     0    0.00437    0 1874    3.71716    0.00437   100%     -  248s
     0     0    0.00437    0 2459    3.71716    0.00437   100%     -  307s
     0     0    0.00438    0 1571    3.71716    0.00438   100%     -  324s
     0     0    0.00438    0 2841    3.71716    0.00438   100%     -  373s
     0     0    0.00438    0 2729    3.71716    0.00438   100%     -  403s
     0     0    0.00438    0 2202    3.71716    0.00438   100%     -  461s
     0     0    0.00438    0 2210    3.71716    0.00438   100%     -  483s
     0     0    0.00438    0 2721    3.71716    0.00438   100%     -  555s
     0     0    0.00441    0 2931    3.71716    0.00441   100%     -  590s
     0     0    0.00444    0 2925    3.71716    0.00444   100%     -  667s
     0     0    0.00446    0 3299    3.71716    0.00446   100%     -  711s
     0     0    0.00451    0 3262    3.71716    0.00451   100%     -  794s
     0     0    0.00451    0 2686    3.71716    0.00451   100%     -  829s
     0     0    0.00451    0 3328    3.71716    0.00451   100%     -  903s
H    0     0                       3.7169760    0.00451   100%     -  906s
     0     0    0.00452    0 2288    3.71698    0.00452   100%     -  936s
     0     0    0.00452    0 2801    3.71698    0.00452   100%     - 1009s
H    0     0                       2.6277989    0.00452   100%     - 1017s
H    0     0                       2.4500841    0.00452   100%     - 1019s
H    0     0                       2.4499262    0.00452   100%     - 1019s
H    0     0                       2.0058741    0.00452   100%     - 1020s
H    0     0                       2.0055859    0.00452   100%     - 1020s
H    0     0                       2.0055583    0.00452   100%     - 1020s
     0     0    0.00454    0 2976    2.00556    0.00454   100%     - 1046s
     0     0    0.00456    0 3117    2.00556    0.00456   100%     - 1125s
     0     0    0.00456    0 2718    2.00556    0.00456   100%     - 1159s
     0     0    0.00468    0 2206    2.00556    0.00468   100%     - 1233s
H    0     0                       1.9612011    0.00468   100%     - 1237s
     0     0    0.00474    0 2563    1.96120    0.00474   100%     - 1275s
     0     0    0.00478    0 1708    1.96120    0.00478   100%     - 1332s
     0     0    0.00480    0 2669    1.96120    0.00480   100%     - 1361s
     0     0    0.00482    0 2416    1.96120    0.00482   100%     - 1424s
H    0     0                       1.8944311    0.00483   100%     - 1429s
     0     0    0.00485    0 2031    1.89443    0.00485   100%     - 1452s
     0     0    0.00504    0 1830    1.89443    0.00504   100%     - 1526s
H    0     0                       1.8942893    0.00504   100%     - 1528s
     0     0    0.00504    0 2320    1.89429    0.00504   100%     - 1549s
     0     0    0.00508    0 2398    1.89429    0.00508   100%     - 1615s
     0     0    0.00511    0 2990    1.89429    0.00511   100%     - 1647s
     0     0    0.00515    0 2667    1.89429    0.00515   100%     - 1710s
     0     0    0.00516    0 3136    1.89429    0.00516   100%     - 1733s
     0     0    0.00516    0 2004    1.89429    0.00516   100%     - 1797s
     0     0    0.00517    0 2540    1.89429    0.00517   100%     - 1817s
     0     0    0.00517    0 3062    1.89429    0.00517   100%     - 1863s
     0     0    0.00517    0 2803    1.89429    0.00517   100%     - 1880s
     0     0    0.00517    0 2311    1.89429    0.00517   100%     - 1934s
     0     0    0.00517    0 3237    1.89429    0.00517   100%     - 1964s
     0     0    0.00519    0 2629    1.89429    0.00519   100%     - 2007s
H    0     0                       0.6945531    0.00519  99.3%     - 2010s
     0     0    0.00521    0 3334    0.69455    0.00521  99.2%     - 2027s
     0     0    0.00521    0 2169    0.69455    0.00521  99.2%     - 2061s
H    0     0                       0.6945285    0.00521  99.2%     - 2067s
H    0     0                       0.6277921    0.00521  99.2%     - 2075s
H    0     0                       0.6055699    0.00521  99.1%     - 2075s
H    0     0                       0.2951667    0.00521  98.2%     - 2082s
H    0     0                       0.2950605    0.00521  98.2%     - 2083s
H    0     0                       0.2949702    0.00521  98.2%     - 2083s
H    0     0                       0.2948529    0.00521  98.2%     - 2083s
H    0     0                       0.2947467    0.00521  98.2%     - 2084s
H    0     0                       0.2281065    0.00521  97.7%     - 2086s
H    0     0                       0.2280950    0.00521  97.7%     - 2086s
H    0     0                       0.2062037    0.00521  97.5%     - 2090s
H    0     0                       0.2061772    0.00521  97.5%     - 2091s
     0     0    0.00521    0 3467    0.20618    0.00521  97.5%     - 2116s
     0     0    0.00521    0 2897    0.20618    0.00521  97.5%     - 2149s
     0     0    0.00521    0 2600    0.20618    0.00521  97.5%     - 2166s
     0     0    0.00521    0 1865    0.20618    0.00521  97.5%     - 2215s
H    0     0                       0.2058263    0.00521  97.5%     - 2232s
H    0     0                       0.2058027    0.00521  97.5%     - 2232s
H    0     0                       0.2058002    0.00521  97.5%     - 2235s
H    0     0                       0.2057997    0.00521  97.5%     - 2236s
     0     0    0.00521    0 2654    0.20580    0.00521  97.5%     - 2265s
     0     0    0.00522    0 2223    0.20580    0.00522  97.5%     - 2317s
     0     0    0.00522    0 2411    0.20580    0.00522  97.5%     - 2345s
     0     0    0.00522    0 2855    0.20580    0.00522  97.5%     - 2377s
     0     0    0.00522    0 2301    0.20580    0.00522  97.5%     - 2405s
     0     0    0.00522    0 2904    0.20580    0.00522  97.5%     - 2436s
     0     0    0.00522    0 2894    0.20580    0.00522  97.5%     - 2454s
     0     2    0.00526    0 2708    0.20580    0.00526  97.4%     - 2482s
     1     2 infeasible    1         0.20580    0.00526  97.4%  98.0 2487s
     3     1 infeasible    2         0.20580    0.00526  97.4%   559 2495s
     4     2    0.00526    2 1632    0.20580    0.00526  97.4%  3165 2526s
     5     4    0.07144    3  839    0.20580    0.00526  97.4%  3660 2541s
     7     5 infeasible    4         0.20580    0.00526  97.4%  3423 2562s
    11     7    0.00526    5  957    0.20580    0.00526  97.4%  3780 2601s
    16    11    0.00526    6 1220    0.20580    0.00526  97.4%  4246 2641s
    21    16    0.02201    7  694    0.20580    0.00526  97.4%  4012 2685s
    37    20    0.04695    9  632    0.20580    0.00526  97.4%  2953 2716s
H   44    24                       0.2056103    0.00526  97.4%  2638 2747s
    50    37    0.04970   11  603    0.20561    0.00526  97.4%  2483 2773s
    70    53 infeasible   13         0.20561    0.00526  97.4%  1941 2791s
H   71    53                       0.2055987    0.00526  97.4%  1913 2791s
    95    68    0.04981   15  617    0.20560    0.00526  97.4%  1576 2801s
   121    78    0.04980   15  348    0.20560    0.00526  97.4%  1293 2813s
   138    80    0.07200   17  338    0.20560    0.00526  97.4%  1161 2820s
   162    83 infeasible   18         0.20560    0.00526  97.4%  1014 2830s
   169    96    0.04979   19  316    0.20560    0.00526  97.4%   976 2838s
   197    98    0.07172   22  229    0.20560    0.00526  97.4%   846 2848s
   205   110    0.07171   23  225    0.20560    0.00526  97.4%   815 2858s
   229   120    0.07173   27  237    0.20560    0.00526  97.4%   740 2870s
   247   126    0.07173   29  254    0.20560    0.00526  97.4%   688 2885s
   263   132    0.07253   31  197    0.20560    0.00526  97.4%   652 2894s
   300   127    0.07258   35  201    0.20560    0.00526  97.4%   580 2904s
   315   131    0.10585   36  206    0.20560    0.00526  97.4%   558 2925s
   322   134 infeasible   36         0.20560    0.00526  97.4%   547 2939s
   338   140    0.10585   38  202    0.20560    0.00526  97.4%   523 2954s
   350   143    0.10585   39  200    0.20560    0.00526  97.4%   505 2968s
   361   164    0.10585   40  199    0.20560    0.00526  97.4%   492 2979s
   386   169    0.10585   41  198    0.20560    0.00526  97.4%   463 2996s
   392   174    0.10585   42  196    0.20560    0.00526  97.4%   456 3012s
   398   182 infeasible   42         0.20560    0.00526  97.4%   451 3025s
   421   178    0.13911   45  173    0.20560    0.00526  97.4%   428 3045s
   436   200 infeasible   45         0.20560    0.00526  97.4%   415 3060s
   481   201    0.18403   52  138    0.20560    0.00526  97.4%   381 3081s
   491   217 infeasible   50         0.20560    0.00526  97.4%   374 3117s
   519   224    0.18403   64   98    0.20560    0.00526  97.4%   356 3138s
   526   243    0.18403   66   98    0.20560    0.00526  97.4%   352 3176s
   558   238 infeasible   80         0.20560    0.00526  97.4%   333 3200s
   575   245    0.00601   64  267    0.20560    0.00526  97.4%   324 3253s
   585   265    0.05089   65  193    0.20560    0.00526  97.4%   320 3273s
   620   270    0.05090   66  184    0.20560    0.00526  97.4%   304 3309s
   627   274    0.05095   67  182    0.20560    0.00526  97.4%   301 3339s
   656   279    0.05095   68  280    0.20560    0.00526  97.4%   289 3367s
   663   289    0.05095   69  279    0.20560    0.00526  97.4%   286 3405s
   679   295    0.05095   70  175    0.20560    0.00526  97.4%   280 3436s
   695   307    0.05096   71  169    0.20560    0.00526  97.4%   274 3460s
   715   331    0.05099   72  172    0.20560    0.00526  97.4%   269 3482s
   746   349    0.05102   73  172    0.20560    0.00526  97.4%   259 3506s
   778   374    0.05024   14  223    0.20560    0.00526  97.4%   251 3531s
   844   395    0.07218   21  237    0.20560    0.00526  97.4%   241 3555s
   950   483    0.07216   32  397    0.20560    0.00526  97.4%   221 3574s
  1104   538    0.11710   54  113    0.20560    0.00526  97.4%   199 3595s
  1267   588    0.18367   87   86    0.20560    0.00526  97.4%   181 3617s
  1405   669    0.02777   46  211    0.20560    0.00527  97.4%   171 3638s
  1536   737    0.09451   60  207    0.20560    0.00527  97.4%   163 3660s
  1646   805    0.11702   74   74    0.20560    0.00527  97.4%   158 3683s
  1757   884    0.00592   19  157    0.20560    0.00566  97.2%   156 3706s
  1904   885    0.07245   38 2894    0.20560    0.00566  97.2%   149 3746s
  1906   886    0.09490   11  214    0.20560    0.00566  97.2%   149 3764s
  1907   887    0.02766   35  295    0.20560    0.00566  97.2%   149 3799s
  1908   888    0.02771   75  751    0.20560    0.00566  97.2%   149 3810s
  1909   888    0.08398   90  432    0.20560    0.00566  97.2%   149 3837s
  1910   889    0.18272   37  763    0.20560    0.00566  97.2%   149 3857s
  1911   890    0.05063   15 1146    0.20560    0.00566  97.2%   149 3926s
  1912   890    0.07234   75 2948    0.20560    0.00566  97.2%   149 4025s
  1913   891    0.18276   60 3202    0.20560    0.00566  97.2%   149 4176s
  1914   892    0.09508  100 2274    0.20560    0.00566  97.2%   148 4263s
  1915   892    0.05023   70 2551    0.20560    0.00566  97.2%   148 4384s
  1916   893    0.07257   63 1755    0.20560    0.00566  97.2%   148 4459s
  1917   894    0.07416   71 1055    0.20560    0.00566  97.2%   148 4538s
  1918   894    0.13934   84 2452    0.20560    0.00566  97.2%   148 4611s
  1919   895    0.18323   88 2797    0.20560    0.00566  97.2%   148 4700s
  1920   896    0.02793   13 3029    0.20560    0.00566  97.2%   148 4758s
  1921   896    0.20531   29 2093    0.20560    0.00566  97.2%   148 4825s
  1922   897    0.00582   35 1800    0.20560    0.00566  97.2%   148 4897s
  1923   898    0.07229   55 1242    0.20560    0.00566  97.2%   148 4969s
  1924   898    0.16187   54 2386    0.20560    0.00566  97.2%   148 5045s
  1925   899    0.07238   54 2719    0.20560    0.00566  97.2%   148 5135s
  1926   900    0.07255   64 3292    0.20560    0.00566  97.2%   148 5222s
  1927   900    0.00583   42 2441    0.20560    0.00566  97.2%   147 5291s
  1928   901    0.07238   54 2284    0.20560    0.00566  97.2%   147 5326s
  1929   902    0.10477   88  882    0.20560    0.00566  97.2%   147 5451s
  1930   902    0.13965   18 1667    0.20560    0.00566  97.2%   147 5479s
  1931   903    0.05029   93 2449    0.20560    0.00566  97.2%   147 5553s
  1932   904    0.02802   44 2524    0.20560    0.00566  97.2%   147 5614s
  1933   904    0.18403   64 2012    0.20560    0.00566  97.2%   147 5686s
  1934   905    0.16185   31 2007    0.20560    0.00566  97.2%   147 5693s
  1935   906    0.02761   30 2007    0.20560    0.00566  97.2%   147 5714s
  1936   909    0.00566   11 2291    0.20560    0.00566  97.2%   294 5755s
  1938   913    0.00566   12 1509    0.20560    0.00566  97.2%   299 5808s
  1942   916    0.00732   13 2388    0.20560    0.00566  97.2%   306 5890s
  1948   920    0.00734   14 3152    0.20560    0.00566  97.2%   320 6002s
  1957   928    0.02927   15 3062    0.20560    0.00566  97.2%   337 6104s
  1969   937    0.01641   16 1813    0.20560    0.00566  97.2%   349 6202s
  1984   945    0.01641   16 2442    0.20560    0.00566  97.2%   365 6305s
  2001   953    0.02803   17 1566    0.20560    0.00566  97.2%   375 6379s
  2019   958    0.07210   18 2140    0.20560    0.00566  97.2%   381 6473s
  2032   966    0.02803   18 1318    0.20560    0.00566  97.2%   386 6527s
  2047   975    0.02841   19  902    0.20560    0.00566  97.2%   390 6656s
  2067   978 infeasible   21         0.20560    0.00566  97.2%   393 6695s
  2091   981    0.04979   22  956    0.20560    0.00566  97.2%   392 6733s
  2115   983    0.04979   24  644    0.20560    0.00566  97.2%   391 6769s
  2143   987    0.07981   25  709    0.20560    0.00566  97.2%   388 6803s
  2181   983    0.07487   28  602    0.20560    0.00566  97.2%   386 6833s
  2204   986    0.05101   29  531    0.20560    0.00566  97.2%   383 6860s
  2248   986    0.08328   30  529    0.20560    0.00566  97.2%   379 6887s
  2288   990    0.09434   32  485    0.20560    0.00566  97.2%   375 6912s
  2347   986    0.13902   35  199    0.20560    0.00566  97.2%   369 6933s
  2411   969    0.09437   42  300    0.20560    0.00566  97.2%   362 6954s
  2488   945 infeasible   50         0.20560    0.00566  97.2%   352 6979s
  2501   957    0.09437   52  107    0.20560    0.00566  97.2%   351 7000s
  2611   930    0.09441   62   42    0.20560    0.00566  97.2%   338 7025s
  2640   924    0.09443   63   40    0.20560    0.00566  97.2%   335 7057s
  2717   898 infeasible   63         0.20560    0.00566  97.2%   326 7104s
  2725   898    0.09444   65   45    0.20560    0.00566  97.2%   325 7140s
  2766   887 infeasible   65         0.20560    0.00566  97.2%   321 7193s
  2773   887    0.09448   67   48    0.20560    0.00566  97.2%   320 7233s
  2779   900 infeasible   67         0.20560    0.00566  97.2%   320 7267s
  2846   874 infeasible   68         0.20560    0.00566  97.2%   313 7346s
  2869   863    0.00566   14 1214    0.20560    0.00566  97.2%   313 7405s
  2881   862    0.00566   15 1737    0.20560    0.00566  97.2%   314 7477s
  2886   867    0.00574   16 1364    0.20560    0.00566  97.2%   317 7545s
  2896   871    0.00573   17  904    0.20560    0.00566  97.2%   319 7607s
  2904   879    0.02793   18  696    0.20560    0.00566  97.2%   321 7654s
  2918   877 infeasible   19         0.20560    0.00566  97.2%   322 7715s
  2926   876    0.02793   20 1318    0.20560    0.00566  97.2%   322 7755s
  2934   881    0.05006   21  464    0.20560    0.00566  97.2%   323 7792s
  2945   887    0.07232   22  360    0.20560    0.00566  97.2%   322 7836s
  2958   890    0.08327   23  543    0.20560    0.00566  97.2%   322 7888s
  2989   874    0.09424   24  518    0.20560    0.00566  97.2%   320 7953s
  3001   870    0.12779   25  434    0.20560    0.00566  97.2%   321 7996s
  3008   868    0.15001   26  433    0.20560    0.00566  97.2%   321 8054s
  3015   870    0.18309   27  426    0.20560    0.00566  97.2%   324 8100s
  3021   881    0.18309   28  415    0.20560    0.00566  97.2%   323 8152s
  3054   866    0.18309   32  367    0.20560    0.00566  97.2%   325 8224s
  3080   860    0.04958   19 1078    0.20560    0.00566  97.2%   325 8291s
  3095   856    0.04997   20 1199    0.20560    0.00566  97.2%   325 8358s
  3110   854    0.04997   24  779    0.20560    0.00566  97.2%   326 8457s
  3152   843 infeasible   32         0.20560    0.00566  97.2%   327 8546s
  3193   822    0.00916   22  432    0.20560    0.00566  97.2%   327 8636s
  3233   804    0.01693   25  356    0.20560    0.00566  97.2%   330 8718s
  3252   785    0.06084   26  307    0.20560    0.00566  97.2%   334 8829s
  3279   770    0.07172   28  108    0.20560    0.00566  97.2%   336 8918s
  3313   747    0.07212   36   57    0.20560    0.00566  97.2%   345 9003s
  3353   726    0.02766   18  922    0.20560    0.00566  97.2%   348 9127s
  3382   723    0.02768   20  459    0.20560    0.00566  97.2%   357 9230s
  3402   719    0.06119   27  376    0.20560    0.00566  97.2%   366 9317s
  3410   720    0.06119   28  376    0.20560    0.00566  97.2%   369 9415s
  3447   715    0.09514   37  214    0.20560    0.00739  96.4%   371 9492s
  3464   727 infeasible   43         0.20560    0.00739  96.4%   371 9585s
  3498   777    0.06321   20 1172    0.20560    0.00739  96.4%   374 9671s
  3605   769 infeasible   41         0.20560    0.00779  96.2%   371 9790s
  3687   764    0.16507   36  487    0.20560    0.01115  94.6%   375 9901s
  3768   785    0.04966   16 1673    0.20560    0.01120  94.6%   380 9995s
  3851   807 infeasible   20         0.20560    0.01120  94.6%   383 10100s
  3954   806    0.11607   31  237    0.20560    0.01120  94.6%   382 10223s
  4077   798    0.02772   20 1204    0.20560    0.01120  94.6%   381 10351s
  4177   798    0.08088   28  309    0.20560    0.01681  91.8%   385 10497s
  4274   808    0.20545   25  231    0.20560    0.01681  91.8%   388 10635s
  4366   830 infeasible   27         0.20560    0.01681  91.8%   391 10782s
  4506   869    0.05004   25  615    0.20560    0.02768  86.5%   388 10925s
  4680   878     cutoff   20         0.20560    0.02769  86.5%   384 11072s
  4841   948    0.16259   28  156    0.20560    0.02773  86.5%   381 11218s
  5059  1040     cutoff   23         0.20560    0.02791  86.4%   373 11365s
  5294  1100    0.19432   31  276    0.20560    0.02806  86.4%   367 11579s
  5467  1163 infeasible   24         0.20560    0.02809  86.3%   367 11747s
  5657  1219 infeasible   32         0.20560    0.02846  86.2%   366 11943s
  5837  1256 infeasible   27         0.20560    0.02846  86.2%   365 12141s
  6019  1300    0.11639   31  983    0.20560    0.03386  83.5%   366 12330s
  6197  1369    0.16046   29  402    0.20560    0.03843  81.3%   369 12542s
  6463  1422    0.07233   31  586    0.20560    0.03899  81.0%   366 12751s
  6719  1441 infeasible   37         0.20560    0.04524  78.0%   365 13004s
  6826  1503    0.09375   23  933    0.20560    0.04940  76.0%   371 13286s
  6999  1539    0.09484   25  945    0.20560    0.04940  76.0%   376 13536s
  7139  1576    0.14920   23 1025    0.20560    0.04940  76.0%   383 13801s
  7274  1650 infeasible   25         0.20560    0.04967  75.8%   388 14078s
  7478  1689    0.16035   23  460    0.20560    0.04967  75.8%   395 14336s
  7724  1711 infeasible   36         0.20560    0.04982  75.8%   398 14400s

Cutting planes:
  Gomory: 675
  Lift-and-project: 38
  Cover: 578
  Implied bound: 2087
  Projected implied bound: 7
  Clique: 2929
  MIR: 1559
  Mixing: 8
  StrongCG: 198
  Flow cover: 6688
  GUB cover: 19
  Inf proof: 2
  Zero half: 963
  RLT: 192
  Relax-and-lift: 1438

Explored 7784 nodes (3611143 simplex iterations) in 14400.44 seconds (15031.84 work units)
Thread count was 12 (of 12 available processors)

Solution count 10: 0.205599 0.20561 0.2058 ... 0.228107

Time limit reached
Best objective 2.055987279828e-01, best bound 4.981873974057e-02, gap 75.7689%
Objective Function at this solution: [[0, 1, 2], [0, 1, 3], [0, 199, 4], [1, 2, 2], [1, 2, 3], [1, 29, 10], [2, 3, 3], [2, 29, 1], [2, 104, 2], [3, 4, 3], [3, 28, 1], [4, 3, 1], [4, 30, 10], [4, 108, 2], [4, 129, 3], [5, 6, 2], [5, 6, 10], [5, 6, 11], [6, 7, 2], [6, 7, 10], [6, 7, 11], [7, 8, 2], [7, 8, 11], [7, 27, 10], [8, 9, 2], [8, 9, 11], [9, 10, 6], [10, 11, 6], [11, 12, 6], [11, 25, 10], [12, 11, 10], [12, 13, 6], [13, 12, 10], [13, 14, 6], [14, 13, 10], [14, 15, 6], [15, 14, 10], [15, 16, 6], [16, 15, 10], [16, 17, 6], [17, 16, 10], [17, 18, 6], [18, 17, 10], [18, 19, 6], [19, 18, 10], [19, 20, 6], [20, 19, 10], [20, 21, 6], [21, 20, 10], [21, 22, 6], [22, 21, 10], [22, 23, 6], [24, 22, 10], [25, 26, 10], [26, 5, 10], [26, 5, 11], [27, 4, 10], [28, 2, 1], [30, 4, 2], [30, 107, 10], [31, 32, 8], [32, 33, 8], [33, 29, 9], [33, 34, 8], [34, 33, 9], [34, 35, 8], [35, 34, 9], [35, 36, 8], [36, 37, 8], [37, 35, 9], [37, 38, 8], [38, 37, 9], [38, 39, 8], [39, 38, 9], [39, 40, 8], [40, 41, 8], [41, 42, 8], [41, 103, 9], [42, 43, 8], [43, 44, 8], [43, 99, 9], [44, 43, 9], [44, 45, 8], [45, 46, 8], [46, 47, 8], [47, 48, 8], [47, 96, 9], [48, 47, 9], [48, 49, 8], [49, 48, 9], [49, 50, 8], [50, 49, 9], [50, 51, 8], [51, 52, 8], [52, 53, 8], [53, 54, 8], [54, 55, 8], [55, 56, 8], [55, 90, 9], [56, 57, 8], [57, 55, 9], [57, 58, 8], [58, 57, 9], [58, 59, 8], [59, 60, 8], [60, 61, 8], [61, 62, 8], [62, 63, 8], [62, 89, 9], [63, 62, 9], [63, 64, 8], [64, 65, 8], [65, 66, 8], [65, 87, 9], [66, 65, 9], [66, 67, 8], [67, 66, 9], [67, 68, 8], [68, 69, 8], [68, 86, 9], [69, 68, 9], [69, 70, 8], [70, 69, 9], [70, 71, 8], [71, 70, 9], [71, 72, 8], [72, 71, 9], [72, 73, 8], [73, 74, 8], [74, 75, 8], [74, 85, 9], [75, 74, 9], [75, 76, 8], [76, 75, 9], [76, 77, 8], [77, 78, 8], [78, 79, 8], [78, 84, 9], [79, 78, 9], [84, 76, 9], [85, 72, 9], [86, 67, 9], [87, 88, 9], [88, 63, 9], [89, 58, 9], [90, 91, 9], [91, 92, 9], [92, 93, 9], [93, 94, 9], [94, 95, 9], [95, 50, 9], [96, 97, 9], [97, 98, 9], [98, 44, 9], [99, 100, 9], [100, 101, 9], [101, 102, 9], [102, 41, 9], [103, 39, 9], [104, 1, 10], [104, 105, 2], [105, 104, 10], [105, 106, 2], [106, 107, 2], [106, 128, 10], [107, 30, 2], [107, 106, 10], [108, 5, 2], [109, 110, 11], [110, 111, 11], [111, 112, 11], [112, 113, 11], [113, 114, 11], [114, 115, 11], [115, 116, 11], [116, 117, 11], [117, 118, 11], [118, 119, 11], [119, 120, 11], [120, 121, 11], [121, 122, 11], [122, 123, 11], [123, 124, 11], [124, 125, 11], [125, 126, 11], [126, 127, 11], [127, 26, 11], [128, 105, 10], [129, 4, 1], [129, 130, 3], [130, 129, 1], [130, 131, 3], [131, 130, 1], [131, 132, 3], [132, 131, 1], [132, 133, 3], [133, 132, 1], [133, 134, 3], [134, 135, 3], [135, 136, 3], [135, 167, 1], [136, 135, 1], [136, 137, 3], [137, 136, 1], [137, 138, 3], [138, 139, 3], [139, 140, 3], [139, 166, 1], [140, 141, 3], [146, 147, 7], [147, 148, 7], [148, 149, 7], [149, 150, 7], [150, 151, 7], [151, 152, 7], [152, 153, 7], [153, 154, 7], [155, 156, 7], [156, 157, 7], [157, 158, 7], [158, 159, 7], [159, 160, 7], [160, 161, 7], [161, 162, 7], [162, 146, 7], [164, 165, 1], [164, 169, 5], [165, 139, 1], [166, 137, 1], [167, 133, 1], [168, 141, 4], [168, 170, 5], [169, 168, 5], [170, 171, 5], [171, 168, 4], [171, 172, 5], [172, 171, 4], [172, 173, 5], [173, 172, 4], [173, 174, 5], [174, 175, 5], [175, 173, 4], [175, 176, 5], [176, 175, 4], [176, 177, 5], [177, 176, 4], [177, 178, 5], [178, 177, 4], [178, 179, 5], [179, 178, 4], [179, 180, 5], [180, 179, 4], [180, 181, 5], [181, 180, 4], [181, 183, 5], [182, 183, 4], [182, 185, 5], [183, 181, 4], [183, 182, 5], [184, 185, 4], [184, 214, 5], [185, 182, 4], [185, 184, 5], [186, 187, 5], [187, 188, 5], [188, 189, 5], [189, 190, 5], [190, 209, 5], [191, 192, 4], [192, 193, 4], [193, 219, 4], [194, 195, 5], [195, 196, 5], [196, 197, 5], [197, 198, 5], [198, 186, 5], [199, 29, 5], [199, 200, 4], [200, 199, 5], [200, 223, 4], [201, 202, 4], [201, 221, 5], [202, 201, 5], [202, 207, 4], [203, 208, 5], [203, 220, 4], [204, 205, 5], [204, 208, 4], [205, 204, 4], [205, 206, 5], [206, 205, 4], [206, 207, 5], [207, 202, 5], [207, 206, 4], [208, 203, 4], [208, 204, 5], [209, 191, 4], [209, 210, 5], [210, 209, 4], [210, 211, 5], [211, 210, 4], [211, 212, 5], [212, 211, 4], [212, 213, 5], [213, 212, 4], [213, 220, 5], [214, 184, 4], [214, 215, 5], [215, 216, 5], [216, 217, 5], [216, 224, 4], [217, 216, 4], [217, 218, 5], [218, 217, 4], [218, 219, 5], [219, 194, 5], [219, 218, 4], [220, 203, 5], [220, 213, 4], [221, 201, 4], [221, 222, 5], [222, 221, 4], [222, 223, 5], [223, 200, 5], [223, 222, 4], [224, 214, 4]]
List of All Routes is {'Route_1': [164, 165, 139, 166, 137, 136, 135, 167, 133, 132, 131, 130, 129, 4, 3, 28, 2, 29], 'Route_1_1': [29, 2, 28, 3, 4, 129, 130, 131, 132, 133, 167, 135, 136, 137, 166, 139, 165, 164], 'Route_2': [0, 1, 2, 104, 105, 106, 107, 30, 4, 108, 5, 6, 7, 8, 9], 'Route_2_1': [9, 8, 7, 6, 5, 108, 4, 30, 107, 106, 105, 104, 2, 1, 0], 'Route_3': [0, 1, 2, 3, 4, 129, 130, 131, 132, 133, 134, 135, 136, 137, 138, 139, 140, 141], 'Route_3_1': [141, 140, 139, 138, 137, 136, 135, 134, 133, 132, 131, 130, 129, 4, 3, 2, 1, 0], 'Route_4': [0, 199, 200, 223, 222, 221, 201, 202, 207, 206, 205, 204, 208, 203, 220, 213, 212, 211, 210, 209, 191, 192, 193, 219, 218, 217, 216, 224, 214, 184, 185, 182, 183, 181, 180, 179, 178, 177, 176, 175, 173, 172, 171, 168, 141], 'Route_4_1': [141, 168, 171, 172, 173, 175, 176, 177, 178, 179, 180, 181, 183, 182, 185, 184, 214, 224, 216, 217, 218, 219, 193, 192, 191, 209, 210, 211, 212, 213, 220, 203, 208, 204, 205, 206, 207, 202, 201, 221, 222, 223, 200, 199, 0], 'Route_5': [164, 169, 168, 170, 171, 172, 173, 174, 175, 176, 177, 178, 179, 180, 181, 183, 182, 185, 184, 214, 215, 216, 217, 218, 219, 194, 195, 196, 197, 198, 186, 187, 188, 189, 190, 209, 210, 211, 212, 213, 220, 203, 208, 204, 205, 206, 207, 202, 201, 221, 222, 223, 200, 199, 29], 'Route_5_1': [29, 199, 200, 223, 222, 221, 201, 202, 207, 206, 205, 204, 208, 203, 220, 213, 212, 211, 210, 209, 190, 189, 188, 187, 186, 198, 197, 196, 195, 194, 219, 218, 217, 216, 215, 214, 184, 185, 182, 183, 181, 180, 179, 178, 177, 176, 175, 174, 173, 172, 171, 170, 168, 169, 164], 'Route_6': [9, 10, 11, 12, 13, 14, 15, 16, 17, 18, 19, 20, 21, 22, 23], 'Route_6_1': [23, 22, 21, 20, 19, 18, 17, 16, 15, 14, 13, 12, 11, 10, 9], 'Route_7': [155, 156, 157, 158, 159, 160, 161, 162, 146, 147, 148, 149, 150, 151, 152, 153, 154], 'Route_7_1': [154, 153, 152, 151, 150, 149, 148, 147, 146, 162, 161, 160, 159, 158, 157, 156, 155], 'Route_8': [31, 32, 33, 34, 35, 36, 37, 38, 39, 40, 41, 42, 43, 44, 45, 46, 47, 48, 49, 50, 51, 52, 53, 54, 55, 56, 57, 58, 59, 60, 61, 62, 63, 64, 65, 66, 67, 68, 69, 70, 71, 72, 73, 74, 75, 76, 77, 78, 79], 'Route_8_1': [79, 78, 77, 76, 75, 74, 73, 72, 71, 70, 69, 68, 67, 66, 65, 64, 63, 62, 61, 60, 59, 58, 57, 56, 55, 54, 53, 52, 51, 50, 49, 48, 47, 46, 45, 44, 43, 42, 41, 40, 39, 38, 37, 36, 35, 34, 33, 32, 31], 'Route_9': [79, 78, 84, 76, 75, 74, 85, 72, 71, 70, 69, 68, 86, 67, 66, 65, 87, 88, 63, 62, 89, 58, 57, 55, 90, 91, 92, 93, 94, 95, 50, 49, 48, 47, 96, 97, 98, 44, 43, 99, 100, 101, 102, 41, 103, 39, 38, 37, 35, 34, 33, 29], 'Route_9_1': [29, 33, 34, 35, 37, 38, 39, 103, 41, 102, 101, 100, 99, 43, 44, 98, 97, 96, 47, 48, 49, 50, 95, 94, 93, 92, 91, 90, 55, 57, 58, 89, 62, 63, 88, 87, 65, 66, 67, 86, 68, 69, 70, 71, 72, 85, 74, 75, 76, 84, 78, 79], 'Route_10': [24, 22, 21, 20, 19, 18, 17, 16, 15, 14, 13, 12, 11, 25, 26, 5, 6, 7, 27, 4, 30, 107, 106, 128, 105, 104, 1, 29], 'Route_10_1': [29, 1, 104, 105, 128, 106, 107, 30, 4, 27, 7, 6, 5, 26, 25, 11, 12, 13, 14, 15, 16, 17, 18, 19, 20, 21, 22, 24], 'Route_11': [109, 110, 111, 112, 113, 114, 115, 116, 117, 118, 119, 120, 121, 122, 123, 124, 125, 126, 127, 26, 5, 6, 7, 8, 9], 'Route_11_1': [9, 8, 7, 6, 5, 26, 127, 126, 125, 124, 123, 122, 121, 120, 119, 118, 117, 116, 115, 114, 113, 112, 111, 110, 109]}
