Set parameter WLSAccessID
Set parameter WLSSecret
Set parameter LicenseID to value 2604445
Academic license 2604445 - for non-commercial use only - registered to an___@um.edu.mt
Set parameter Seed to value 23
Set parameter TimeLimit to value 14400
Gurobi Optimizer version 12.0.2 build v12.0.2rc0 (linux64 - "Ubuntu 22.04.5 LTS")

CPU model: Intel(R) Core(TM) i5-10400 CPU @ 2.90GHz, instruction set [SSE2|AVX|AVX2]
Thread count: 6 physical cores, 12 logical processors, using up to 12 threads

Non-default parameters:
TimeLimit  14400
Seed  23

Academic license 2604445 - for non-commercial use only - registered to an___@um.edu.mt
Optimize a model with 1086704 rows, 19712 columns and 2225568 nonzeros
Model fingerprint: 0xd5f415d8
Variable types: 0 continuous, 19712 integer (15088 binary)
Coefficient statistics:
  Matrix range     [1e+00, 6e+01]
  Objective range  [7e-07, 2e-02]
  Bounds range     [1e+00, 3e+02]
  RHS range        [1e+00, 6e+01]
Presolve removed 9979 rows and 7517 columns
Presolve time: 4.39s
Presolved: 1076725 rows, 12195 columns, 2189295 nonzeros
Variable types: 0 continuous, 12195 integer (8051 binary)
Deterministic concurrent LP optimizer: primal and dual simplex
Showing primal log only...


Root simplex log...

Iteration    Objective       Primal Inf.    Dual Inf.      Time
       0    5.3157191e-03   0.000000e+00   2.178101e+06     12s
Concurrent spin time: 0.01s

Solved with dual simplex

Root simplex log...

Iteration    Objective       Primal Inf.    Dual Inf.      Time
    1788    4.0201609e-02   0.000000e+00   0.000000e+00     12s

Root simplex log...

Iteration    Objective       Primal Inf.    Dual Inf.      Time
    1788    4.0201609e-02   0.000000e+00   0.000000e+00     12s

Use crossover to convert LP symmetric solution to basic solution...

Root crossover log...

      16 DPushes remaining with DInf 0.0000000e+00                12s

     592 PPushes remaining with PInf 0.0000000e+00                12s
       0 PPushes remaining with PInf 0.0000000e+00                13s

  Push phase complete: Pinf 0.0000000e+00, Dinf 5.8667656e-06     13s


Root simplex log...

Iteration    Objective       Primal Inf.    Dual Inf.      Time
    2383    4.0201361e-02   0.000000e+00   5.866766e-06     13s
    2410    4.0201361e-02   0.000000e+00   0.000000e+00     13s
    2410    4.0201361e-02   0.000000e+00   0.000000e+00     13s

Root relaxation: objective 4.020136e-02, 2410 iterations, 4.86 seconds (2.62 work units)
Total elapsed time = 15.70s (DegenMoves)

    Nodes    |    Current Node    |     Objective Bounds      |     Work
 Expl Unexpl |  Obj  Depth IntInf | Incumbent    BestBd   Gap | It/Node Time

     0     0    0.04020    0  790          -    0.04020      -     -   21s
     0     0    0.04039    0 1654          -    0.04039      -     -   52s
     0     0    0.04039    0 1568          -    0.04039      -     -   55s
     0     0    0.04039    0 1522          -    0.04039      -     -   56s
     0     0    0.04039    0 1468          -    0.04039      -     -   58s
     0     0    0.04039    0 1244          -    0.04039      -     -   59s
     0     0    0.04039    0 1259          -    0.04039      -     -   62s
     0     0    0.04039    0 1255          -    0.04039      -     -   64s
     0     0    0.04039    0 1223          -    0.04039      -     -   65s
     0     0    0.13226    0 1263          -    0.13226      -     -   67s
     0     0    0.13228    0 1452          -    0.13228      -     -   76s
     0     0    0.13230    0 1146          -    0.13230      -     -  102s
     0     0    0.13231    0 1177          -    0.13231      -     -  112s
     0     0    0.13256    0 2224          -    0.13256      -     -  141s
     0     0    0.13256    0 2258          -    0.13256      -     -  152s
     0     0    0.13287    0 2748          -    0.13287      -     -  200s
     0     0    0.13289    0 2934          -    0.13289      -     -  213s
     0     0    0.13301    0 2821          -    0.13301      -     -  270s
     0     0    0.13301    0 2375          -    0.13301      -     -  284s
     0     0    0.13304    0 3130          -    0.13304      -     -  324s
     0     0    0.13304    0 2549          -    0.13304      -     -  343s
     0     0    0.13307    0 3164          -    0.13307      -     -  385s
     0     0    0.13307    0 3126          -    0.13307      -     -  419s
     0     0    0.13310    0 2934          -    0.13310      -     -  464s
     0     0    0.13310    0 3040          -    0.13310      -     -  487s
     0     0    0.13310    0 4402          -    0.13310      -     -  555s
     0     0    0.13310    0 3795          -    0.13310      -     -  579s
     0     0    0.13312    0 3264          -    0.13312      -     -  637s
     0     0    0.13312    0 3195          -    0.13312      -     -  660s
H    0     0                       5.0079231    0.13312  97.3%     -  733s
H    0     0                       3.0042466    0.13312  95.6%     -  733s
     0     2    0.13312    0 3191    3.00425    0.13312  95.6%     -  744s
     1     4  postponed    1         3.00425    0.13312  95.6%  3981  759s
     3     7    0.13313    2 2265    3.00425    0.13312  95.6%  3382  803s
     6    11    0.13312    3 1903    3.00425    0.13312  95.6%  5382  871s
    10    16    0.13312    4 2343    3.00425    0.13312  95.6%  4705  941s
    15    22    0.13316    5 2244    3.00425    0.13312  95.6%  4362 1032s
    21    33    0.13315    6 3072    3.00425    0.13312  95.6%  4296 1123s
    34    45    0.13314    7 3176    3.00425    0.13312  95.6%  3353 1201s
    49    57    0.13314    8 3173    3.00425    0.13312  95.6%  2690 1267s
    66    66    0.13314   10 3248    3.00425    0.13312  95.6%  2239 1324s
    85    72    0.13315   12 3178    3.00425    0.13312  95.6%  1875 1370s
H   95    72                       2.9858686    0.13312  95.5%  1734 1370s
   101    83    0.13315   16 3380    2.98587    0.13312  95.5%  1672 1411s
   120    96    0.13316   19 3773    2.98587    0.13312  95.5%  1481 1459s
H  138   106                       2.9858586    0.13312  95.5%  1316 1501s
H  139   106                       2.6366598    0.13312  95.0%  1309 1501s
   152   119    0.13330   23 2871    2.63666    0.13312  95.0%  1225 1539s
   165   130    0.13350   26 3629    2.63666    0.13312  95.0%  1194 1581s
H  179   139                       2.1402053    0.13312  93.8%  1154 1632s
   188   145    0.13350   29 2250    2.14021    0.13312  93.8%  1145 1680s
   196   156    0.13350   30 2267    2.14021    0.13312  93.8%  1128 1721s
   211   171    0.13359   33 1239    2.14021    0.13312  93.8%  1118 1757s
H  224   171                       1.7172114    0.13312  92.2%  1075 1757s
   233   196    0.13360   38 1332    1.71721    0.13312  92.2%  1053 1806s
   260   215    0.13359   45 1108    1.71721    0.13312  92.2%   996 1850s
H  265   215                       1.7172086    0.13312  92.2%   985 1850s
H  278   215                       1.7171247    0.13312  92.2%   972 1850s
   283   230    0.13359   49 1157    1.71712    0.13312  92.2%   963 1899s
   303   242 infeasible   52         1.71712    0.13312  92.2%   927 1942s
H  305   242                       1.7169606    0.13312  92.2%   921 1942s
H  316   242                       1.4415255    0.13312  90.8%   907 1942s
   332   263 infeasible   58         1.44153    0.13312  90.8%   892 1984s
   362   282 infeasible   60         1.44153    0.13312  90.8%   858 2031s
H  363   282                       1.4229490    0.13312  90.6%   856 2031s
H  384   282                       1.3863312    0.13312  90.4%   819 2031s
H  384   282                       1.3863247    0.13312  90.4%   819 2031s
   404   305    0.13375   64 1034    1.38632    0.13312  90.4%   792 2078s
   445   327    0.13377   68 1023    1.38632    0.13312  90.4%   746 2123s
H  452   327                       1.3677482    0.13312  90.3%   739 2123s
   481   348    0.13392   72 1010    1.36775    0.13312  90.3%   719 2174s
H  528   374                       1.1104440    0.13312  88.0%   676 2231s
   565   407    0.13404   85  920    1.11044    0.13312  88.0%   647 2274s
H  634   448                       1.1104397    0.13312  88.0%   595 2308s
   703   485    0.13390   76 1530    1.11044    0.13312  88.0%   553 2347s
   766   515    0.13391   81 1236    1.11044    0.13312  88.0%   524 2382s
H  784   515                       1.1102879    0.13312  88.0%   515 2382s
H  789   515                       0.7979853    0.13312  83.3%   513 2382s
   817   567    0.13391   88 1455    0.79799    0.13312  83.3%   504 2416s
   903   574 infeasible   95         0.79799    0.13312  83.3%   473 2467s
H  909   574                       0.7977542    0.13312  83.3%   471 2467s
   918   642    0.13391   95 1144    0.79775    0.13312  83.3%   467 2501s
  1030   655    0.13393  110  964    0.79775    0.13312  83.3%   424 2552s
H 1035   655                       0.7976072    0.13312  83.3%   422 2552s
  1047   725 infeasible  110         0.79761    0.13312  83.3%   419 2593s
H 1061   725                       0.7975987    0.13312  83.3%   414 2593s
  1161   733 infeasible  120         0.79760    0.13312  83.3%   385 2646s
H 1164   733                       0.7974470    0.13312  83.3%   384 2646s
  1175   790    0.13394  121 1096    0.79745    0.13312  83.3%   382 2684s
H 1248   790                       0.7974026    0.13312  83.3%   362 2684s
  1305   790 infeasible  136         0.79740    0.13312  83.3%   348 2737s
H 1309   790                       0.7973983    0.13312  83.3%   347 2737s
H 1314   838                       0.7973093    0.13312  83.3%   346 2785s
  1431   839 infeasible  154         0.79731    0.13312  83.3%   321 2928s
H 1432   839                       0.7973033    0.13312  83.3%   321 2928s
H 1437   839                       0.7972794    0.13312  83.3%   320 2928s
H 1438   839                       0.7242381    0.13312  81.6%   319 2928s
  1439   875    0.13399  154 1081    0.72424    0.13312  81.6%   319 2983s
H 1507   875                       0.7242223    0.13312  81.6%   306 2983s
  1540   879    0.13399  167 1086    0.72422    0.13312  81.6%   301 3100s
  1547   884    0.13399  168 1121    0.72422    0.13312  81.6%   304 3181s
H 1548   884                       0.7241832    0.13312  81.6%   304 3181s
  1553   914 infeasible  166         0.72418    0.13312  81.6%   307 3246s
  1635   962    0.13621  181 1031    0.72418    0.13312  81.6%   298 3308s
H 1654   962                       0.7241830    0.13312  81.6%   296 3308s
H 1675   962                       0.7240113    0.13312  81.6%   293 3308s
H 1701   962                       0.7240072    0.13312  81.6%   294 3308s
  1724  1002    0.13626  190 1264    0.72401    0.13312  81.6%   291 3374s
  1819  1048 infeasible   46         0.72401    0.13312  81.6%   283 3447s
  1911  1053    0.13371  101 1896    0.72401    0.13312  81.6%   277 3548s
H 1913  1053                       0.7239913    0.13312  81.6%   276 3549s
H 1917  1053                       0.7239091    0.13312  81.6%   277 3636s
H 1917  1053                       0.7238383    0.13312  81.6%   277 3637s
  1918  1054    0.13335   41 3195    0.72384    0.13312  81.6%   276 3704s
  1920  1055    0.13351   41  809    0.72384    0.13312  81.6%   276 3753s
  1921  1056    0.13416  144 1184    0.72384    0.13312  81.6%   276 3793s
  1922  1057    0.52004  268 1288    0.72384    0.13312  81.6%   276 3830s
  1923  1057    0.13349   63 1484    0.72384    0.13312  81.6%   276 3911s
  1924  1058    0.13395  205 2164    0.72384    0.13312  81.6%   276 3994s
  1925  1059    0.24415  147 2709    0.72384    0.13312  81.6%   275 4146s
  1926  1059    0.13383  157 4031    0.72384    0.13312  81.6%   275 4330s
  1927  1060    0.13393  108 3110    0.72384    0.13315  81.6%   275 4570s
  1928  1061    0.24415  128 4370    0.72384    0.13322  81.6%   275 4718s
  1929  1061    0.13387  153 4694    0.72384    0.13325  81.6%   275 5080s
  1930  1062    0.13333   32 4227    0.72384    0.13326  81.6%   275 5284s
  1931  1063    0.13329   28 5679    0.72384    0.13329  81.6%   275 5652s
  1932  1063    0.13392   73 5433    0.72384    0.13330  81.6%   274 5958s
  1933  1064    0.46496  302 4827    0.72384    0.13331  81.6%   274 6184s
  1934  1065    0.13348   73 4305    0.72384    0.13331  81.6%   274 6471s
  1935  1065    0.13408   73 4843    0.72384    0.13333  81.6%   274 6828s
  1936  1066    0.13384  183 5116    0.72384    0.13333  81.6%   274 7129s
  1937  1067    0.24424   94 5028    0.72384    0.13334  81.6%   274 7365s
  1938  1067    0.13656  175 4956    0.72384    0.13334  81.6%   274 7581s
  1939  1068    0.13342   59 4890    0.72384    0.13338  81.6%   273 7847s
  1940  1069    0.13377   65 5446    0.72384    0.13341  81.6%   273 8171s
  1941  1069    0.13380  117 4442    0.72384    0.13345  81.6%   273 8469s
  1942  1070    0.13381   78 6052    0.72384    0.13347  81.6%   273 8794s
H 1942  1016                       0.7237483    0.13347  81.6%   273 9219s
H 1942   964                       0.7237479    0.13347  81.6%   273 9219s
H 1942   916                       0.7237439    0.13347  81.6%   273 9219s
  1943   917    0.13347   18 5484    0.72374    0.13347  81.6%   273 9230s
H 1943   870                       0.7236842    0.13348  81.6%   273 9525s
H 1943   827                       0.7236558    0.13348  81.6%   273 9525s
H 1943   785                       0.7236046    0.13348  81.6%   273 9525s
H 1944   745                       0.7235534    0.13349  81.6%   273 9933s
  1945   746    0.13743  178 5836    0.72355    0.13349  81.6%   273 9942s
  1946   747    0.13387  130 5866    0.72355    0.13349  81.6%   272 10289s
  1947   747    0.13391   98 4774    0.72355    0.13349  81.6%   272 10703s
H 1947   709                       0.7235490    0.13350  81.5%   272 11196s
  1948   710    0.13378   36 5304    0.72355    0.13350  81.5%   272 11224s
  1949   711    0.13350   11 5340    0.72355    0.13350  81.5%   272 11508s
  1950   711    0.13379  131 5167    0.72355    0.13350  81.5%   272 11960s
  1951   712    0.13379   71 4493    0.72355    0.13351  81.5%   272 12268s
  1952   713    0.46494  289 6086    0.72355    0.13352  81.5%   272 12662s
  1953   713    0.13352    7 5791    0.72355    0.13352  81.5%   271 13022s
  1954   714    0.46496  301 5546    0.72355    0.13352  81.5%   271 13398s
H 1954   678                       0.7235448    0.13352  81.5%   271 13654s
H 1954   643                       0.7235361    0.13352  81.5%   271 13654s
H 1954   611                       0.7234782    0.13352  81.5%   271 13672s
  1956   612    0.13352   44 5295    0.72348    0.13352  81.5%   271 13904s
  1957   613    0.13384  178 5692    0.72348    0.13352  81.5%   271 14205s

Cutting planes:
  Learned: 1
  Gomory: 1807
  Lift-and-project: 2
  Cover: 860
  Implied bound: 646
  Projected implied bound: 6
  Clique: 2100
  MIR: 569
  Mixing: 4
  StrongCG: 116
  Flow cover: 2368
  GUB cover: 16
  Inf proof: 8
  Zero half: 2057
  RLT: 460
  Relax-and-lift: 1590

Explored 1957 nodes (1271411 simplex iterations) in 14400.16 seconds (12391.85 work units)
Thread count was 12 (of 12 available processors)

Solution count 10: 0.723478 0.723536 0.723545 ... 0.723748

Time limit reached
Best objective 7.234782046693e-01, best bound 1.335194780824e-01, gap 81.5448%
Objective Function at this solution: [[0, 1, 4], [0, 1, 7], [0, 1, 8], [0, 1, 12], [0, 1, 14], [0, 1, 15], [1, 2, 4], [1, 2, 7], [1, 2, 8], [1, 2, 12], [1, 2, 14], [1, 2, 15], [3, 81, 4], [3, 81, 6], [3, 81, 13], [3, 269, 10], [3, 269, 12], [3, 269, 16], [4, 55, 2], [5, 0, 4], [5, 0, 7], [5, 0, 12], [5, 0, 15], [6, 7, 2], [6, 63, 11], [7, 6, 11], [7, 8, 2], [8, 7, 11], [8, 9, 2], [9, 8, 11], [9, 10, 2], [10, 9, 11], [10, 11, 2], [11, 10, 11], [11, 12, 2], [12, 11, 11], [12, 13, 2], [13, 12, 11], [13, 14, 2], [14, 13, 11], [14, 15, 2], [15, 16, 2], [16, 17, 2], [17, 18, 2], [18, 19, 2], [19, 20, 2], [19, 57, 11], [20, 19, 11], [20, 21, 2], [21, 20, 11], [21, 58, 2], [22, 5, 4], [22, 5, 12], [22, 23, 16], [23, 22, 4], [23, 22, 12], [23, 24, 16], [24, 23, 4], [24, 23, 12], [24, 25, 16], [25, 24, 4], [25, 24, 12], [25, 26, 16], [26, 25, 4], [26, 25, 12], [26, 27, 16], [27, 28, 2], [27, 28, 16], [27, 116, 12], [27, 116, 13], [28, 29, 2], [28, 29, 16], [28, 54, 4], [28, 54, 7], [28, 54, 11], [28, 116, 8], [28, 116, 14], [29, 28, 4], [29, 28, 7], [29, 28, 11], [29, 28, 14], [29, 30, 1], [29, 30, 5], [29, 30, 6], [29, 30, 16], [29, 199, 2], [29, 199, 3], [29, 199, 9], [30, 29, 9], [30, 29, 11], [30, 140, 1], [30, 140, 5], [30, 140, 6], [30, 140, 16], [31, 141, 1], [31, 141, 5], [31, 141, 6], [31, 141, 16], [32, 33, 1], [32, 33, 5], [32, 33, 6], [32, 33, 16], [32, 141, 9], [32, 141, 11], [33, 142, 1], [33, 142, 5], [33, 142, 6], [33, 142, 16], [34, 147, 6], [34, 149, 11], [35, 97, 3], [35, 98, 13], [36, 37, 13], [37, 38, 13], [38, 39, 13], [39, 40, 13], [40, 41, 13], [41, 42, 13], [42, 43, 13], [44, 45, 3], [45, 46, 3], [46, 47, 3], [47, 48, 3], [48, 49, 3], [49, 50, 3], [50, 102, 3], [51, 150, 11], [52, 32, 11], [53, 151, 9], [53, 151, 11], [54, 26, 4], [54, 26, 12], [54, 115, 11], [54, 134, 7], [55, 6, 2], [56, 62, 11], [56, 110, 2], [56, 110, 13], [57, 61, 11], [58, 21, 11], [58, 59, 2], [59, 60, 2], [60, 83, 2], [61, 14, 11], [62, 58, 11], [71, 73, 2], [73, 74, 2], [74, 4, 2], [75, 0, 8], [75, 0, 14], [75, 76, 4], [75, 76, 6], [76, 75, 8], [76, 75, 14], [76, 77, 4], [76, 77, 6], [77, 78, 14], [77, 79, 4], [77, 79, 6], [77, 79, 8], [78, 79, 14], [79, 80, 4], [79, 80, 6], [79, 80, 8], [79, 80, 14], [80, 84, 8], [80, 84, 14], [80, 85, 4], [80, 85, 6], [81, 75, 4], [81, 75, 6], [81, 82, 13], [82, 56, 13], [83, 56, 2], [83, 56, 11], [84, 76, 8], [84, 76, 14], [85, 86, 4], [85, 86, 6], [86, 77, 8], [86, 77, 14], [86, 87, 4], [86, 87, 6], [87, 86, 8], [87, 86, 14], [87, 88, 4], [87, 88, 6], [88, 87, 8], [88, 87, 14], [88, 119, 3], [88, 119, 4], [88, 119, 6], [89, 90, 13], [90, 91, 13], [91, 92, 13], [92, 93, 13], [93, 94, 13], [94, 95, 13], [95, 96, 13], [95, 105, 3], [96, 97, 13], [97, 35, 13], [97, 104, 3], [98, 35, 3], [98, 99, 13], [99, 98, 3], [99, 100, 13], [100, 99, 3], [100, 101, 13], [101, 100, 3], [101, 102, 13], [102, 36, 13], [102, 101, 3], [103, 44, 3], [104, 95, 3], [105, 106, 3], [106, 107, 3], [107, 108, 3], [108, 109, 3], [109, 271, 3], [110, 83, 11], [110, 111, 2], [110, 111, 13], [111, 110, 11], [111, 112, 2], [111, 112, 13], [112, 111, 11], [112, 113, 2], [112, 113, 13], [113, 112, 11], [113, 114, 2], [113, 114, 13], [114, 113, 11], [114, 115, 2], [114, 115, 13], [115, 27, 2], [115, 27, 13], [115, 114, 11], [116, 117, 8], [116, 117, 13], [116, 117, 14], [116, 122, 12], [117, 118, 8], [117, 118, 13], [117, 118, 14], [118, 88, 3], [118, 88, 8], [118, 88, 14], [118, 120, 13], [119, 194, 3], [119, 194, 4], [119, 194, 6], [120, 118, 3], [120, 121, 13], [121, 89, 13], [121, 120, 3], [122, 54, 12], [123, 124, 12], [123, 136, 7], [123, 136, 15], [123, 224, 10], [124, 125, 12], [125, 123, 7], [125, 126, 12], [126, 125, 7], [126, 127, 12], [127, 128, 12], [128, 126, 7], [128, 129, 12], [129, 128, 7], [129, 130, 12], [130, 129, 7], [130, 131, 12], [131, 132, 12], [132, 133, 12], [132, 135, 7], [133, 132, 7], [133, 134, 12], [134, 27, 12], [134, 133, 7], [135, 130, 7], [136, 123, 10], [136, 123, 12], [136, 137, 7], [136, 137, 15], [137, 136, 10], [137, 136, 12], [137, 138, 7], [137, 138, 15], [138, 137, 10], [138, 137, 12], [138, 139, 7], [138, 139, 15], [139, 5, 7], [139, 5, 15], [139, 138, 10], [139, 138, 12], [140, 31, 1], [140, 31, 5], [140, 31, 6], [140, 31, 16], [141, 32, 1], [141, 32, 5], [141, 32, 6], [141, 32, 16], [141, 53, 9], [141, 53, 11], [142, 52, 11], [142, 143, 1], [142, 143, 5], [142, 143, 6], [142, 143, 16], [142, 270, 9], [143, 142, 9], [143, 142, 11], [143, 144, 1], [143, 144, 5], [143, 144, 6], [143, 144, 16], [144, 143, 9], [144, 143, 11], [144, 145, 6], [144, 152, 1], [144, 152, 5], [144, 152, 16], [145, 146, 6], [146, 34, 6], [147, 148, 6], [147, 148, 11], [148, 34, 11], [148, 158, 6], [149, 51, 11], [150, 144, 11], [151, 30, 9], [151, 30, 11], [152, 153, 1], [152, 153, 5], [152, 153, 16], [153, 144, 9], [153, 154, 1], [153, 154, 5], [153, 154, 16], [154, 153, 9], [154, 155, 1], [154, 155, 5], [154, 155, 16], [155, 154, 9], [155, 186, 1], [155, 186, 5], [155, 186, 16], [156, 169, 1], [156, 169, 5], [156, 169, 16], [158, 147, 11], [169, 170, 1], [169, 170, 5], [169, 170, 16], [170, 171, 1], [170, 171, 5], [170, 171, 16], [171, 172, 1], [171, 172, 5], [171, 172, 16], [172, 173, 1], [172, 173, 5], [172, 173, 16], [173, 174, 1], [173, 174, 5], [173, 174, 16], [184, 216, 9], [185, 219, 9], [186, 187, 1], [186, 187, 5], [186, 187, 9], [186, 187, 16], [187, 188, 1], [187, 188, 5], [187, 188, 9], [187, 188, 16], [188, 155, 9], [188, 156, 1], [188, 156, 5], [188, 156, 16], [193, 215, 8], [194, 195, 3], [194, 195, 4], [194, 195, 6], [195, 196, 3], [195, 196, 4], [195, 196, 6], [196, 197, 1], [196, 197, 3], [196, 197, 4], [196, 197, 5], [196, 197, 6], [196, 197, 7], [196, 197, 8], [196, 197, 14], [197, 198, 1], [197, 198, 3], [197, 198, 4], [197, 198, 5], [197, 198, 6], [197, 198, 7], [197, 198, 14], [197, 214, 8], [198, 29, 1], [198, 29, 3], [198, 29, 4], [198, 29, 5], [198, 29, 6], [198, 29, 7], [198, 29, 14], [199, 200, 2], [199, 200, 3], [199, 200, 9], [200, 201, 2], [200, 201, 3], [200, 201, 9], [200, 212, 1], [200, 212, 5], [200, 212, 7], [200, 212, 8], [200, 212, 14], [201, 200, 1], [201, 200, 5], [201, 200, 7], [201, 200, 8], [201, 200, 14], [201, 202, 2], [201, 202, 3], [201, 202, 9], [208, 209, 1], [208, 209, 5], [208, 209, 7], [208, 209, 8], [208, 209, 14], [209, 210, 1], [209, 210, 5], [209, 210, 7], [209, 210, 8], [209, 210, 14], [210, 211, 1], [210, 211, 5], [210, 211, 7], [210, 211, 8], [210, 211, 14], [211, 201, 1], [211, 201, 5], [211, 201, 7], [211, 201, 8], [211, 201, 14], [212, 213, 1], [212, 213, 5], [212, 213, 7], [212, 213, 8], [212, 213, 14], [213, 196, 1], [213, 196, 5], [213, 196, 7], [213, 196, 8], [213, 196, 14], [214, 193, 8], [215, 28, 8], [216, 217, 9], [217, 218, 9], [218, 185, 9], [219, 220, 9], [220, 221, 9], [221, 222, 9], [222, 223, 9], [223, 186, 9], [224, 123, 15], [224, 225, 10], [225, 226, 10], [225, 247, 15], [226, 227, 10], [227, 228, 10], [228, 229, 10], [228, 268, 15], [229, 228, 15], [229, 230, 10], [230, 231, 10], [231, 232, 10], [232, 233, 10], [232, 243, 15], [233, 234, 10], [234, 235, 10], [235, 236, 10], [235, 242, 15], [236, 235, 15], [236, 237, 10], [237, 236, 15], [237, 239, 10], [238, 237, 15], [238, 248, 10], [239, 238, 10], [239, 238, 15], [242, 232, 15], [243, 244, 15], [244, 245, 15], [245, 229, 15], [246, 225, 15], [247, 224, 15], [248, 249, 10], [249, 250, 10], [249, 266, 15], [250, 251, 10], [251, 252, 10], [252, 253, 10], [253, 254, 10], [254, 255, 10], [255, 256, 15], [256, 257, 15], [257, 258, 15], [258, 259, 15], [259, 260, 15], [260, 261, 15], [261, 262, 15], [262, 263, 15], [263, 264, 15], [264, 265, 15], [265, 249, 15], [266, 267, 15], [267, 239, 15], [268, 246, 15], [269, 22, 16], [269, 139, 10], [269, 139, 12], [270, 32, 9], [271, 121, 3]]
List of All Routes is {'Route_1': [208, 209, 210, 211, 201, 200, 212, 213, 196, 197, 198, 29, 30, 140, 31, 141, 32, 33, 142, 143, 144, 152, 153, 154, 155, 186, 187, 188, 156, 169, 170, 171, 172, 173, 174], 'Route_1_1': [174, 173, 172, 171, 170, 169, 156, 188, 187, 186, 155, 154, 153, 152, 144, 143, 142, 33, 32, 141, 31, 140, 30, 29, 198, 197, 196, 213, 212, 200, 201, 211, 210, 209, 208], 'Route_2': [71, 73, 74, 4, 55, 6, 7, 8, 9, 10, 11, 12, 13, 14, 15, 16, 17, 18, 19, 20, 21, 58, 59, 60, 83, 56, 110, 111, 112, 113, 114, 115, 27, 28, 29, 199, 200, 201, 202], 'Route_2_1': [202, 201, 200, 199, 29, 28, 27, 115, 114, 113, 112, 111, 110, 56, 83, 60, 59, 58, 21, 20, 19, 18, 17, 16, 15, 14, 13, 12, 11, 10, 9, 8, 7, 6, 55, 4, 74, 73, 71], 'Route_3': [103, 44, 45, 46, 47, 48, 49, 50, 102, 101, 100, 99, 98, 35, 97, 104, 95, 105, 106, 107, 108, 109, 271, 121, 120, 118, 88, 119, 194, 195, 196, 197, 198, 29, 199, 200, 201, 202], 'Route_3_1': [202, 201, 200, 199, 29, 198, 197, 196, 195, 194, 119, 88, 118, 120, 121, 271, 109, 108, 107, 106, 105, 95, 104, 97, 35, 98, 99, 100, 101, 102, 50, 49, 48, 47, 46, 45, 44, 103], 'Route_4': [3, 81, 75, 76, 77, 79, 80, 85, 86, 87, 88, 119, 194, 195, 196, 197, 198, 29, 28, 54, 26, 25, 24, 23, 22, 5, 0, 1, 2], 'Route_4_1': [2, 1, 0, 5, 22, 23, 24, 25, 26, 54, 28, 29, 198, 197, 196, 195, 194, 119, 88, 87, 86, 85, 80, 79, 77, 76, 75, 81, 3], 'Route_5': [208, 209, 210, 211, 201, 200, 212, 213, 196, 197, 198, 29, 30, 140, 31, 141, 32, 33, 142, 143, 144, 152, 153, 154, 155, 186, 187, 188, 156, 169, 170, 171, 172, 173, 174], 'Route_5_1': [174, 173, 172, 171, 170, 169, 156, 188, 187, 186, 155, 154, 153, 152, 144, 143, 142, 33, 32, 141, 31, 140, 30, 29, 198, 197, 196, 213, 212, 200, 201, 211, 210, 209, 208], 'Route_6': [3, 81, 75, 76, 77, 79, 80, 85, 86, 87, 88, 119, 194, 195, 196, 197, 198, 29, 30, 140, 31, 141, 32, 33, 142, 143, 144, 145, 146, 34, 147, 148, 158], 'Route_6_1': [158, 148, 147, 34, 146, 145, 144, 143, 142, 33, 32, 141, 31, 140, 30, 29, 198, 197, 196, 195, 194, 119, 88, 87, 86, 85, 80, 79, 77, 76, 75, 81, 3], 'Route_7': [208, 209, 210, 211, 201, 200, 212, 213, 196, 197, 198, 29, 28, 54, 134, 133, 132, 135, 130, 129, 128, 126, 125, 123, 136, 137, 138, 139, 5, 0, 1, 2], 'Route_7_1': [2, 1, 0, 5, 139, 138, 137, 136, 123, 125, 126, 128, 129, 130, 135, 132, 133, 134, 54, 28, 29, 198, 197, 196, 213, 212, 200, 201, 211, 210, 209, 208], 'Route_8': [208, 209, 210, 211, 201, 200, 212, 213, 196, 197, 214, 193, 215, 28, 116, 117, 118, 88, 87, 86, 77, 79, 80, 84, 76, 75, 0, 1, 2], 'Route_8_1': [2, 1, 0, 75, 76, 84, 80, 79, 77, 86, 87, 88, 118, 117, 116, 28, 215, 193, 214, 197, 196, 213, 212, 200, 201, 211, 210, 209, 208], 'Route_9': [184, 216, 217, 218, 185, 219, 220, 221, 222, 223, 186, 187, 188, 155, 154, 153, 144, 143, 142, 270, 32, 141, 53, 151, 30, 29, 199, 200, 201, 202], 'Route_9_1': [202, 201, 200, 199, 29, 30, 151, 53, 141, 32, 270, 142, 143, 144, 153, 154, 155, 188, 187, 186, 223, 222, 221, 220, 219, 185, 218, 217, 216, 184], 'Route_10': [3, 269, 139, 138, 137, 136, 123, 224, 225, 226, 227, 228, 229, 230, 231, 232, 233, 234, 235, 236, 237, 239, 238, 248, 249, 250, 251, 252, 253, 254, 255], 'Route_10_1': [255, 254, 253, 252, 251, 250, 249, 248, 238, 239, 237, 236, 235, 234, 233, 232, 231, 230, 229, 228, 227, 226, 225, 224, 123, 136, 137, 138, 139, 269, 3], 'Route_11': [158, 147, 148, 34, 149, 51, 150, 144, 143, 142, 52, 32, 141, 53, 151, 30, 29, 28, 54, 115, 114, 113, 112, 111, 110, 83, 56, 62, 58, 21, 20, 19, 57, 61, 14, 13, 12, 11, 10, 9, 8, 7, 6, 63], 'Route_11_1': [63, 6, 7, 8, 9, 10, 11, 12, 13, 14, 61, 57, 19, 20, 21, 58, 62, 56, 83, 110, 111, 112, 113, 114, 115, 54, 28, 29, 30, 151, 53, 141, 32, 52, 142, 143, 144, 150, 51, 149, 34, 148, 147, 158], 'Route_12': [3, 269, 139, 138, 137, 136, 123, 124, 125, 126, 127, 128, 129, 130, 131, 132, 133, 134, 27, 116, 122, 54, 26, 25, 24, 23, 22, 5, 0, 1, 2], 'Route_12_1': [2, 1, 0, 5, 22, 23, 24, 25, 26, 54, 122, 116, 27, 134, 133, 132, 131, 130, 129, 128, 127, 126, 125, 124, 123, 136, 137, 138, 139, 269, 3], 'Route_13': [3, 81, 82, 56, 110, 111, 112, 113, 114, 115, 27, 116, 117, 118, 120, 121, 89, 90, 91, 92, 93, 94, 95, 96, 97, 35, 98, 99, 100, 101, 102, 36, 37, 38, 39, 40, 41, 42, 43], 'Route_13_1': [43, 42, 41, 40, 39, 38, 37, 36, 102, 101, 100, 99, 98, 35, 97, 96, 95, 94, 93, 92, 91, 90, 89, 121, 120, 118, 117, 116, 27, 115, 114, 113, 112, 111, 110, 56, 82, 81, 3], 'Route_14': [208, 209, 210, 211, 201, 200, 212, 213, 196, 197, 198, 29, 28, 116, 117, 118, 88, 87, 86, 77, 78, 79, 80, 84, 76, 75, 0, 1, 2], 'Route_14_1': [2, 1, 0, 75, 76, 84, 80, 79, 78, 77, 86, 87, 88, 118, 117, 116, 28, 29, 198, 197, 196, 213, 212, 200, 201, 211, 210, 209, 208], 'Route_15': [255, 256, 257, 258, 259, 260, 261, 262, 263, 264, 265, 249, 266, 267, 239, 238, 237, 236, 235, 242, 232, 243, 244, 245, 229, 228, 268, 246, 225, 247, 224, 123, 136, 137, 138, 139, 5, 0, 1, 2], 'Route_15_1': [2, 1, 0, 5, 139, 138, 137, 136, 123, 224, 247, 225, 246, 268, 228, 229, 245, 244, 243, 232, 242, 235, 236, 237, 238, 239, 267, 266, 249, 265, 264, 263, 262, 261, 260, 259, 258, 257, 256, 255], 'Route_16': [3, 269, 22, 23, 24, 25, 26, 27, 28, 29, 30, 140, 31, 141, 32, 33, 142, 143, 144, 152, 153, 154, 155, 186, 187, 188, 156, 169, 170, 171, 172, 173, 174], 'Route_16_1': [174, 173, 172, 171, 170, 169, 156, 188, 187, 186, 155, 154, 153, 152, 144, 143, 142, 33, 32, 141, 31, 140, 30, 29, 28, 27, 26, 25, 24, 23, 22, 269, 3]}
