Set parameter WLSAccessID
Set parameter WLSSecret
Set parameter LicenseID to value 2604445
Academic license 2604445 - for non-commercial use only - registered to an___@um.edu.mt
Set parameter Seed to value 23
Set parameter TimeLimit to value 14400
Gurobi Optimizer version 12.0.2 build v12.0.2rc0 (linux64 - "Ubuntu 22.04.5 LTS")

CPU model: Intel(R) Core(TM) i5-10400 CPU @ 2.90GHz, instruction set [SSE2|AVX|AVX2]
Thread count: 6 physical cores, 12 logical processors, using up to 12 threads

Non-default parameters:
TimeLimit  14400
Seed  23

Academic license 2604445 - for non-commercial use only - registered to an___@um.edu.mt
Optimize a model with 1407029 rows, 30186 columns and 2904733 nonzeros
Model fingerprint: 0x07fd46bc
Variable types: 0 continuous, 30186 integer (23517 binary)
Coefficient statistics:
  Matrix range     [1e+00, 4e+01]
  Objective range  [2e-06, 2e-02]
  Bounds range     [1e+00, 2e+02]
  RHS range        [1e+00, 4e+01]
Presolve removed 14182 rows and 11127 columns (presolve time = 5s)...
Presolve removed 14182 rows and 11127 columns
Presolve time: 5.98s
Presolved: 1392847 rows, 19059 columns, 2847443 nonzeros
Variable types: 0 continuous, 19059 integer (13053 binary)
Deterministic concurrent LP optimizer: primal and dual simplex
Showing primal log only...


Root simplex log...

Iteration    Objective       Primal Inf.    Dual Inf.      Time
       0    1.2859656e-01   0.000000e+00   6.371383e+05     14s
Concurrent spin time: 0.00s

Solved with dual simplex

Root simplex log...

Iteration    Objective       Primal Inf.    Dual Inf.      Time
     611    2.0558066e-01   0.000000e+00   0.000000e+00     14s

Root simplex log...

Iteration    Objective       Primal Inf.    Dual Inf.      Time
     611    2.0558066e-01   0.000000e+00   0.000000e+00     14s

Use crossover to convert LP symmetric solution to basic solution...

Root crossover log...

       0 DPushes remaining with DInf 0.0000000e+00                15s

    7138 PPushes remaining with PInf 0.0000000e+00                15s
       0 PPushes remaining with PInf 0.0000000e+00                16s

  Push phase complete: Pinf 0.0000000e+00, Dinf 2.4032491e-05     16s


Root simplex log...

Iteration    Objective       Primal Inf.    Dual Inf.      Time
    8015    2.0558066e-01   0.000000e+00   2.403249e-05     16s
    8016    2.0558066e-01   0.000000e+00   0.000000e+00     16s
    8016    2.0558066e-01   0.000000e+00   0.000000e+00     17s

Root relaxation: objective 2.055807e-01, 8016 iterations, 5.75 seconds (4.12 work units)
Total elapsed time = 21.19s (DegenMoves)

    Nodes    |    Current Node    |     Objective Bounds      |     Work
 Expl Unexpl |  Obj  Depth IntInf | Incumbent    BestBd   Gap | It/Node Time

     0     0    0.20558    0  703          -    0.20558      -     -   27s
     0     0    0.20558    0  731          -    0.20558      -     -   31s
     0     0    0.20558    0  656          -    0.20558      -     -   34s
     0     0    0.20558    0  815          -    0.20558      -     -   39s
     0     0    0.20558    0  762          -    0.20558      -     -   43s
     0     0    0.20558    0  888          -    0.20558      -     -   46s
     0     0    0.20558    0  863          -    0.20558      -     -   49s
     0     0    0.20558    0  833          -    0.20558      -     -   53s
     0     0    0.20558    0  853          -    0.20558      -     -   58s
     0     0    0.20558    0  820          -    0.20558      -     -   61s
     0     0    0.20558    0  781          -    0.20558      -     -   62s
     0     0    0.20592    0 1012          -    0.20592      -     -  110s
     0     0    0.20592    0  807          -    0.20592      -     -  114s
     0     0    0.41202    0  879          -    0.41202      -     -  118s
     0     0    0.65094    0  775          -    0.65094      -     -  120s
     0     0    0.87350    0  945          -    0.87350      -     -  123s
     0     0    0.87352    0  894          -    0.87352      -     -  134s
     0     0    0.87352    0 1067          -    0.87352      -     -  153s
     0     0    0.87352    0 1024          -    0.87352      -     -  160s
     0     0    0.87353    0 1168          -    0.87353      -     -  170s
     0     0    0.87353    0 1139          -    0.87353      -     -  179s
     0     0    0.87353    0 1356          -    0.87353      -     -  194s
     0     0    0.87353    0 1333          -    0.87353      -     -  199s
     0     0    0.87353    0 1581          -    0.87353      -     -  220s
     0     0    0.87353    0 1453          -    0.87353      -     -  230s
     0     0    0.87353    0 1333          -    0.87353      -     -  250s
     0     0    0.87353    0 1332          -    0.87353      -     -  261s
     0     2    0.87355    0 1327          -    0.87355      -     -  363s
     1     4    1.13654    1 1129          -    0.87355      -  1247  368s
     3     8    1.21736    2 1106          -    0.87355      -  1343  378s
     7    11    0.87355    3 1403          -    0.87355      -  1333  419s
    11    15    0.87355    4 1065          -    0.87355      -  1659  440s
    17    23    0.87355    5 1433          -    0.87355      -  1649  473s
    27    27 infeasible    6               -    0.87355      -  1508  507s
    37    33    1.07585    8 1103          -    0.87355      -  1502  534s
    47    39    1.07587    9 1204          -    0.87355      -  1453  564s
    55    45 infeasible   10               -    0.87355      -  1453  590s
    69    54    1.07585   11 1013          -    0.87355      -  1380  611s
    82    62    1.07585   12  928          -    0.87355      -  1280  637s
    91    68    1.07585   13  815          -    0.87355      -  1290  661s
   103    75    1.07591   14  811          -    0.87355      -  1271  682s
   119    80    1.01514   12 1074          -    0.87355      -  1169  707s
   129    89    1.07592   16 1022          -    0.87355      -  1152  726s
   139   102    1.07592   17  909          -    0.87355      -  1129  745s
   152   109    1.07592   19  937          -    0.87355      -  1099  770s
   164   116    1.07592   21  774          -    0.87355      -  1084  788s
   173   123    1.07600   21 1112          -    0.87355      -  1094  808s
   187   137    1.07592   22  964          -    0.87355      -  1071  831s
   201   150    1.07592   23  747          -    0.87355      -  1045  855s
   215   162    1.07595   24 1001          -    0.87355      -  1056  879s
   231   176    1.07603   25 1134          -    0.87355      -  1034  904s
   252   190    1.07627   28 1183          -    0.87355      -   994  930s
   270   200    1.07603   29 1136          -    0.87355      -   968  956s
   288   214    1.07614   31  871          -    0.87355      -   954  980s
   308   232    1.07603   32  935          -    0.87355      -   921 1007s
   328   246    1.07603   34  808          -    0.87355      -   900 1036s
   353   263    1.07603   38  761          -    0.87355      -   871 1063s
   375   280    1.07605   40  967          -    0.87355      -   851 1092s
   401   303    1.07605   41  976          -    0.87355      -   822 1123s
   430   319    1.07607   44  834          -    0.87355      -   793 1154s
   465   350    1.07607   47  788          -    0.87355      -   751 1181s
   504   365    1.07620   51  645          -    0.87355      -   717 1211s
   561   394    1.07607   55 1125          -    0.87355      -   666 1239s
   605   418    1.07608   61  740          -    0.87355      -   635 1265s
   659   449 infeasible   66               -    0.87355      -   600 1296s
   709   475    1.07613   72  834          -    0.87355      -   578 1327s
   764   508    1.07620   76  761          -    0.87355      -   550 1360s
   818   546    1.07621   81  852          -    0.87355      -   527 1392s
   879   575    1.07629   89  824          -    0.87355      -   506 1430s
   932   617    1.07624   95  782          -    0.87355      -   491 1469s
   982   653    1.07625  103  838          -    0.87360      -   484 1506s
  1039   687    1.07643  110  643          -    0.87360      -   477 1544s
  1091   731    1.07644  120  638          -    0.87360      -   472 1581s
  1150   768    1.07670  138  736          -    0.87360      -   463 1625s
  1217   801    1.07678  146  544          -    0.87360      -   455 1672s
  1281   843    1.07691  155  411          -    0.87360      -   452 1716s
  1350   894    1.07695  166  463          -    0.87360      -   447 1761s
  1422   929 infeasible  180               -    0.87360      -   437 1810s
  1495   970    0.87368   13  888          -    0.87360      -   435 1858s
  1561  1017    0.87364   18  944          -    0.87360      -   432 1912s
  1633  1074    0.87370   19  687          -    0.87360      -   432 1965s
  1714  1075    1.11692   77 1332          -    0.87360      -   425 1989s
  1715  1076    1.05567   42 1332          -    0.87360      -   425 1992s
H 1715  1022                       5.0077907    0.87360  82.6%   425 2070s
H 1716   971                       3.8741875    0.87360  77.5%   424 2127s
  1717   972    1.11661   47  954    3.87419    0.87360  77.5%   424 2141s
  1718   973    0.87405   59 1010    3.87419    0.87360  77.5%   424 2160s
H 1718   924                       3.8740829    0.87360  77.5%   424 2221s
  1720   925    1.07607   44 1212    3.87408    0.87360  77.5%   423 2252s
H 1720   878                       3.3882629    0.87360  74.2%   423 2317s
  1722   879    1.03595  104 1376    3.38826    0.87360  74.2%   423 2347s
  1723   880    0.87393   14  830    3.38826    0.87360  74.2%   423 2444s
  1724   881    1.07618   65 1617    3.38826    0.87360  74.2%   422 2495s
H 1724   837                       3.3882593    0.87360  74.2%   422 2568s
  1726   838    1.01607  131 1759    3.38826    0.87360  74.2%   422 2623s
  1727   839    1.07580    6 1142    3.38826    0.87360  74.2%   422 2727s
  1728   839    1.01607  132 2086    3.38826    0.87360  74.2%   421 2815s
H 1728   797                       3.2869999    0.87360  73.4%   421 2925s
H 1728   757                       2.9226888    0.87360  70.1%   421 2925s
  1730   759    0.87404   53 2089    2.92269    0.87360  70.1%   421 2995s
H 1730   721                       2.9018930    0.87360  69.9%   421 3111s
  1732   722    0.87381   24 2090    2.90189    0.87360  69.9%   420 3215s
H 1732   685                       2.8815077    0.87360  69.7%   420 3391s
  1734   686    1.05568   26 2344    2.88151    0.87360  69.7%   420 3467s
H 1734   652                       2.8408552    0.87360  69.2%   420 3605s
  1736   654    0.87407   57 2891    2.84086    0.87360  69.2%   419 3681s
  1737   654    1.07656  135 2532    2.84086    0.87360  69.2%   419 3808s
  1738   655    1.07699  167 3025    2.84086    0.87360  69.2%   419 3879s
H 1738   621                       2.8408239    0.87361  69.2%   419 3999s
  1740   622    0.91443   22 3264    2.84082    0.87363  69.2%   418 4073s
  1741   623    1.35967   56 1952    2.84082    0.87365  69.2%   418 4185s
  1742   624    1.48118  127 2387    2.84082    0.87367  69.2%   418 4253s
H 1742   593                       2.7596585    0.87367  68.3%   418 4373s
  1744   594    1.35969   62 3401    2.75966    0.87368  68.3%   417 4514s
  1745   595    1.07622   90 2818    2.75966    0.87368  68.3%   417 4655s
  1746   595    1.11674   57 3267    2.75966    0.87369  68.3%   417 4759s
H 1746   564                       2.7595752    0.87370  68.3%   417 4933s
  1748   566    0.87400   36 2711    2.75958    0.87370  68.3%   417 5008s
  1749   566    1.11666   65 2796    2.75958    0.87371  68.3%   416 5156s
  1750   567    0.87375   12 2707    2.75958    0.87371  68.3%   416 5283s
H 1750   538                       2.6784648    0.87372  67.4%   416 5425s
H 1750   511                       2.4556867    0.87372  64.4%   416 5425s
  1752   512    0.87432   78 2840    2.45569    0.87372  64.4%   416 5534s
  1753   513    1.01609  123 3643    2.45569    0.87373  64.4%   415 5646s
  1754   514    1.05565   28 3376    2.45569    0.87373  64.4%   415 5721s
H 1754   487                       2.4151798    0.87373  63.8%   415 5835s
  1756   488    1.07656  135 2198    2.41518    0.87373  63.8%   415 5907s
  1757   489    0.87382   23 2399    2.41518    0.87373  63.8%   414 6051s
  1758   489    1.33877    7 3030    2.41518    0.87377  63.8%   414 6121s
H 1758   464                       2.4150824    0.87377  63.8%   414 6265s
H 1758   440                       2.2935654    0.87377  61.9%   414 6265s
H 1758   417                       2.2733227    0.87377  61.6%   414 6265s
  1760   419    0.87407   43 2983    2.27332    0.87378  61.6%   414 6341s
  1761   419    1.07669  113 4956    2.27332    0.87378  61.6%   413 6574s
  1762   420    1.05569   44 4261    2.27332    0.87380  61.6%   413 6701s
H 1762   399                       2.2729406    0.87380  61.6%   413 6903s
H 1762   378                       2.1110558    0.87380  58.6%   413 6903s
H 1762   358                       2.1109103    0.87380  58.6%   413 6903s
H 1762   339                       2.1108129    0.87380  58.6%   413 6903s
H 1762   322                       2.1108127    0.87380  58.6%   413 6904s
H 1762   305                       2.0905972    0.87380  58.2%   413 6904s
H 1762   289                       1.9488390    0.87380  55.2%   413 6904s
H 1762   273                       1.9488373    0.87380  55.2%   413 6905s
H 1762   259                       1.9285388    0.87380  54.7%   413 6905s
H 1762   245                       1.9084623    0.87380  54.2%   413 6905s
  1764   246    1.05562   16 3184    1.90846    0.87380  54.2%   413 7038s
  1765   247    1.01602  118 4021    1.90846    0.87381  54.2%   413 7219s
  1766   248    1.11661   21 3929    1.90846    0.87381  54.2%   412 7348s
H 1766   235                       1.8273213    0.87381  52.2%   412 7528s
H 1766   222                       1.8272626    0.87381  52.2%   412 7528s
  1768   223    0.87381   32 3454    1.82726    0.87381  52.2%   412 7635s
H 1768   211                       1.8069748    0.87382  51.6%   412 7793s
  1770   212    1.11664   48 3742    1.80697    0.87382  51.6%   411 7911s
H 1770   201                       1.8069538    0.87382  51.6%   411 8037s
  1772   203    1.35932   44 3691    1.80695    0.87382  51.6%   411 8151s
H 1772   191                       1.8068011    0.87382  51.6%   411 8314s
  1774   192    0.87382   18 3585    1.80680    0.87382  51.6%   410 8464s
  1775   193    0.87389   36 4451    1.80680    0.87382  51.6%   410 8618s
  1776   193    1.07646  130 4450    1.80680    0.87382  51.6%   410 8628s
H 1776   183                       1.8067216    0.87382  51.6%   410 8651s
H 1776   172                       1.8066242    0.87382  51.6%   410 8682s
H 1776   163                       1.8066239    0.87382  51.6%   410 8682s
H 1776   154                       1.5030690    0.87382  41.9%   410 8683s
H 1776   145                       1.5030619    0.87382  41.9%   410 8683s
H 1776   137                       1.4425242    0.87382  39.4%   410 8684s
H 1776   129                       1.3819469    0.87382  36.8%   410 8684s
H 1776   121                       1.3818212    0.87382  36.8%   410 8684s
H 1776   114                       1.3616901    0.87382  35.8%   410 8685s
H 1776   107                       1.3615793    0.87382  35.8%   410 8685s
H 1776   101                       1.3615547    0.87382  35.8%   410 8685s
H 1776    95                       1.3615098    0.87382  35.8%   410 8686s
H 1777    92                       1.3410302    0.87382  34.8%   794 8701s
  1778    93    0.87384   12 3203    1.34103    0.87382  34.8%   796 8777s
  1779    95    0.87384   13 2917    1.34103    0.87382  34.8%   797 8950s
  1782   100    0.87384   14 2529    1.34103    0.87384  34.8%   816 9184s
  1788   103    0.87385   15 3209    1.34103    0.87384  34.8%   833 9338s
  1793   107    0.87387   16 3152    1.34103    0.87384  34.8%   847 9609s
  1798   123    0.87388   17 2713    1.34103    0.87384  34.8%   857 9935s
H 1817   121                       1.3409557    0.87384  34.8%   888 10154s
H 1820   115                       1.0375006    0.87384  15.8%   889 10154s
  1830   120    0.97863   21 2115    1.03750    0.87385  15.8%   903 10400s
  1847   128    0.87388   16 2932    1.03750    0.87385  15.8%   915 10584s
H 1866   126                       1.0374001    0.87385  15.8%   921 10754s
H 1868   121                       1.0175037    0.87385  14.1%   922 10754s
H 1868   117                       1.0173115    0.87385  14.1%   922 10754s
H 1870   111                       1.0172718    0.87385  14.1%   923 10754s
  1876   125    0.87389   18 2366    1.01727    0.87385  14.1%   925 11011s
  1898   135    0.87394   19 2529    1.01727    0.87385  14.1%   936 11243s
H 1904   129                       1.0172252    0.87385  14.1%   942 11243s
H 1911   122                       1.0171521    0.87385  14.1%   946 11243s
  1917   137    0.87403   21 2185    1.01715    0.87385  14.1%   952 11461s
H 1943   155                       1.0171505    0.87385  14.1%   958 11766s
H 1943   155                       0.9767234    0.87385  10.5%   958 11766s
  1971   188    0.87403   23 1999    0.97672    0.87385  10.5%   971 12066s
H 2006   218                       0.9766508    0.87385  10.5%   975 12346s
H 2035   218                       0.9765904    0.87385  10.5%   978 12346s
  2038   254    0.87414   26 1947    0.97659    0.87385  10.5%   987 12592s
H 2081   278                       0.9765400    0.87385  10.5%   983 12815s
H 2089   278                       0.9764588    0.87385  10.5%   987 12815s
  2121   304    0.87422   29 2045    0.97646    0.87385  10.5%   979 13017s
H 2160   335                       0.9764308    0.87385  10.5%   974 13206s
  2194   355    0.87429   32 1214    0.97643    0.87385  10.5%   974 13393s
  2228   384    0.87430   32 1487    0.97643    0.87385  10.5%   973 13590s
H 2234   384                       0.9563432    0.87385  8.63%   973 13590s
  2263   406    0.87439   35 1232    0.95634    0.87385  8.63%   968 13786s
H 2300   421                       0.9562689    0.87385  8.62%   963 13982s
H 2304   421                       0.9562562    0.87385  8.62%   964 13982s
H 2312   421                       0.9562536    0.87385  8.62%   961 13982s
H 2322   421                       0.9562180    0.87385  8.61%   958 13982s
  2333   452    0.87442   38 2069    0.95622    0.87385  8.61%   958 14196s
  2370   464    0.87452   41 1031    0.95622    0.87385  8.61%   953 14400s
H 2371   464                       0.9561972    0.87385  8.61%   953 14400s
H 2382   464                       0.9561925    0.87385  8.61%   950 14400s

Cutting planes:
  Gomory: 1728
  Lift-and-project: 113
  Cover: 753
  Implied bound: 688
  Projected implied bound: 10
  Clique: 390
  MIR: 717
  Mixing: 2
  StrongCG: 97
  Flow cover: 3027
  GUB cover: 10
  Inf proof: 13
  Zero half: 1880
  RLT: 303
  Relax-and-lift: 592

Explored 2386 nodes (2338418 simplex iterations) in 14400.44 seconds (14529.30 work units)
Thread count was 12 (of 12 available processors)

Solution count 10: 0.956192 0.956197 0.956218 ... 0.97654

Time limit reached
Best objective 9.561924540085e-01, best bound 8.738484420616e-01, gap 8.6117%
Objective Function at this solution: [[0, 1, 22], [1, 2, 7], [1, 2, 20], [1, 2, 22], [1, 136, 9], [2, 3, 7], [2, 3, 20], [2, 3, 22], [3, 4, 7], [3, 4, 20], [3, 116, 22], [4, 5, 7], [4, 5, 20], [5, 18, 7], [5, 18, 20], [6, 7, 21], [6, 30, 25], [7, 6, 25], [7, 8, 21], [8, 7, 25], [8, 9, 21], [9, 10, 21], [9, 17, 25], [9, 239, 13], [10, 11, 21], [10, 16, 25], [11, 10, 25], [11, 12, 21], [12, 13, 21], [13, 14, 13], [13, 14, 21], [13, 14, 26], [13, 72, 25], [14, 13, 25], [14, 15, 13], [14, 15, 21], [14, 15, 26], [15, 14, 25], [15, 66, 3], [15, 66, 17], [16, 238, 25], [17, 8, 25], [18, 19, 7], [18, 19, 20], [19, 20, 7], [19, 20, 20], [20, 21, 6], [20, 21, 7], [20, 21, 15], [20, 21, 20], [22, 1, 7], [23, 24, 13], [23, 24, 21], [23, 83, 18], [23, 101, 2], [23, 101, 4], [23, 101, 10], [23, 101, 11], [23, 101, 12], [23, 101, 14], [23, 101, 16], [23, 101, 19], [23, 101, 24], [24, 25, 13], [24, 25, 21], [25, 26, 13], [25, 26, 21], [26, 27, 21], [26, 43, 1], [26, 230, 13], [27, 26, 1], [27, 28, 21], [28, 27, 1], [28, 29, 21], [29, 6, 21], [30, 31, 25], [31, 32, 25], [32, 33, 25], [32, 41, 1], [33, 32, 1], [33, 34, 25], [34, 33, 1], [34, 35, 25], [35, 34, 1], [35, 36, 3], [35, 36, 17], [35, 36, 25], [35, 48, 26], [36, 35, 1], [36, 35, 26], [36, 37, 3], [36, 37, 17], [36, 37, 25], [37, 36, 1], [37, 36, 26], [37, 38, 3], [37, 38, 17], [37, 38, 25], [38, 37, 1], [38, 37, 26], [40, 229, 6], [41, 42, 1], [42, 28, 1], [43, 44, 1], [44, 45, 1], [45, 46, 1], [46, 23, 1], [47, 1, 9], [48, 35, 3], [48, 35, 17], [48, 49, 26], [49, 48, 3], [49, 50, 26], [50, 49, 3], [50, 51, 26], [51, 50, 3], [51, 52, 26], [52, 51, 3], [52, 53, 17], [52, 53, 26], [53, 52, 3], [53, 54, 26], [53, 226, 17], [54, 58, 26], [58, 53, 3], [58, 59, 26], [59, 60, 26], [59, 76, 3], [60, 61, 26], [61, 62, 26], [61, 75, 3], [62, 61, 3], [62, 63, 26], [63, 62, 3], [63, 64, 26], [64, 65, 26], [65, 66, 26], [65, 74, 3], [65, 74, 17], [66, 65, 3], [66, 65, 17], [66, 67, 26], [67, 68, 26], [68, 69, 26], [69, 70, 26], [70, 71, 13], [70, 71, 26], [71, 13, 13], [71, 13, 26], [72, 73, 25], [73, 242, 25], [74, 63, 3], [74, 228, 17], [75, 77, 3], [76, 58, 3], [77, 78, 3], [78, 79, 3], [79, 81, 3], [80, 59, 3], [81, 80, 3], [83, 84, 18], [84, 85, 18], [85, 86, 18], [86, 87, 18], [87, 88, 18], [88, 89, 18], [89, 90, 18], [90, 91, 18], [91, 92, 18], [92, 93, 18], [93, 94, 18], [94, 95, 18], [95, 96, 18], [96, 97, 18], [96, 103, 16], [97, 98, 18], [98, 99, 18], [98, 102, 16], [99, 100, 18], [100, 23, 18], [100, 98, 16], [101, 100, 16], [101, 245, 2], [101, 245, 4], [101, 245, 10], [101, 245, 11], [101, 245, 12], [101, 245, 14], [101, 245, 19], [101, 245, 24], [102, 96, 16], [103, 104, 16], [104, 105, 16], [105, 106, 16], [106, 107, 16], [107, 108, 8], [108, 107, 2], [108, 107, 4], [108, 107, 10], [108, 107, 11], [108, 107, 12], [108, 107, 14], [108, 107, 19], [108, 107, 24], [108, 109, 8], [109, 108, 2], [109, 108, 4], [109, 108, 10], [109, 108, 11], [109, 108, 12], [109, 108, 14], [109, 108, 19], [109, 108, 24], [109, 110, 8], [110, 109, 2], [110, 109, 4], [110, 109, 10], [110, 109, 11], [110, 109, 12], [110, 109, 14], [110, 109, 19], [110, 109, 24], [110, 111, 8], [111, 110, 2], [111, 110, 4], [111, 110, 10], [111, 110, 11], [111, 110, 12], [111, 110, 14], [111, 110, 19], [111, 110, 24], [111, 112, 8], [112, 111, 2], [112, 111, 4], [112, 111, 10], [112, 111, 11], [112, 111, 12], [112, 111, 14], [112, 111, 19], [112, 111, 24], [112, 113, 8], [113, 114, 8], [114, 115, 8], [115, 23, 8], [116, 20, 6], [116, 20, 15], [116, 117, 22], [117, 116, 6], [117, 116, 15], [117, 118, 22], [118, 117, 6], [118, 117, 15], [118, 119, 22], [119, 118, 6], [119, 118, 15], [119, 120, 22], [120, 121, 22], [121, 122, 22], [121, 134, 15], [122, 128, 15], [122, 222, 22], [123, 126, 22], [124, 125, 22], [124, 223, 6], [125, 123, 22], [126, 127, 6], [126, 224, 22], [127, 124, 6], [128, 121, 15], [134, 135, 6], [134, 135, 15], [135, 119, 6], [135, 119, 15], [136, 192, 9], [137, 138, 23], [138, 137, 9], [138, 139, 23], [139, 138, 9], [139, 140, 23], [140, 139, 9], [140, 141, 23], [141, 142, 23], [141, 204, 9], [142, 143, 23], [142, 152, 5], [143, 142, 5], [143, 144, 23], [144, 145, 5], [144, 179, 23], [145, 146, 5], [146, 147, 5], [147, 148, 5], [148, 149, 5], [149, 150, 5], [150, 151, 5], [151, 143, 5], [152, 140, 9], [152, 203, 5], [179, 180, 23], [180, 181, 23], [181, 193, 23], [182, 189, 5], [183, 182, 5], [183, 184, 23], [184, 185, 23], [185, 186, 23], [185, 188, 5], [186, 185, 5], [186, 187, 23], [187, 186, 5], [188, 183, 5], [189, 190, 5], [190, 144, 5], [191, 1, 20], [192, 141, 9], [193, 194, 23], [194, 195, 23], [195, 196, 23], [196, 197, 23], [197, 198, 23], [198, 199, 23], [199, 200, 23], [200, 201, 23], [201, 202, 23], [202, 183, 23], [204, 152, 9], [216, 217, 15], [217, 218, 15], [218, 219, 15], [219, 220, 15], [220, 221, 15], [221, 122, 15], [222, 223, 22], [223, 124, 22], [223, 134, 6], [224, 40, 22], [225, 48, 17], [226, 225, 17], [227, 52, 17], [228, 227, 17], [229, 126, 6], [230, 231, 13], [231, 232, 13], [232, 233, 13], [233, 234, 13], [234, 235, 13], [235, 236, 13], [236, 237, 13], [237, 238, 13], [238, 9, 13], [238, 9, 25], [239, 240, 13], [240, 241, 13], [241, 70, 13], [242, 243, 25], [243, 244, 25], [244, 11, 25], [245, 246, 2], [245, 246, 4], [245, 246, 10], [245, 246, 11], [245, 246, 12], [245, 246, 14], [245, 246, 19], [245, 246, 24], [246, 112, 2], [246, 112, 4], [246, 112, 10], [246, 112, 11], [246, 112, 12], [246, 112, 14], [246, 112, 19], [246, 112, 24]]
List of All Routes is {'Route_1': [38, 37, 36, 35, 34, 33, 32, 41, 42, 28, 27, 26, 43, 44, 45, 46, 23], 'Route_1_1': [23, 46, 45, 44, 43, 26, 27, 28, 42, 41, 32, 33, 34, 35, 36, 37, 38], 'Route_2': [23, 101, 245, 246, 112, 111, 110, 109, 108, 107], 'Route_2_1': [107, 108, 109, 110, 111, 112, 246, 245, 101, 23], 'Route_3': [15, 66, 65, 74, 63, 62, 61, 75, 77, 78, 79, 81, 80, 59, 76, 58, 53, 52, 51, 50, 49, 48, 35, 36, 37, 38], 'Route_3_1': [38, 37, 36, 35, 48, 49, 50, 51, 52, 53, 58, 76, 59, 80, 81, 79, 78, 77, 75, 61, 62, 63, 74, 65, 66, 15], 'Route_4': [23, 101, 245, 246, 112, 111, 110, 109, 108, 107], 'Route_4_1': [107, 108, 109, 110, 111, 112, 246, 245, 101, 23], 'Route_5': [187, 186, 185, 188, 183, 182, 189, 190, 144, 145, 146, 147, 148, 149, 150, 151, 143, 142, 152, 203], 'Route_5_1': [203, 152, 142, 143, 151, 150, 149, 148, 147, 146, 145, 144, 190, 189, 182, 183, 188, 185, 186, 187], 'Route_6': [40, 229, 126, 127, 124, 223, 134, 135, 119, 118, 117, 116, 20, 21], 'Route_6_1': [21, 20, 116, 117, 118, 119, 135, 134, 223, 124, 127, 126, 229, 40], 'Route_7': [22, 1, 2, 3, 4, 5, 18, 19, 20, 21], 'Route_7_1': [21, 20, 19, 18, 5, 4, 3, 2, 1, 22], 'Route_8': [107, 108, 109, 110, 111, 112, 113, 114, 115, 23], 'Route_8_1': [23, 115, 114, 113, 112, 111, 110, 109, 108, 107], 'Route_9': [47, 1, 136, 192, 141, 204, 152, 140, 139, 138, 137], 'Route_9_1': [137, 138, 139, 140, 152, 204, 141, 192, 136, 1, 47], 'Route_10': [23, 101, 245, 246, 112, 111, 110, 109, 108, 107], 'Route_10_1': [107, 108, 109, 110, 111, 112, 246, 245, 101, 23], 'Route_11': [23, 101, 245, 246, 112, 111, 110, 109, 108, 107], 'Route_11_1': [107, 108, 109, 110, 111, 112, 246, 245, 101, 23], 'Route_12': [23, 101, 245, 246, 112, 111, 110, 109, 108, 107], 'Route_12_1': [107, 108, 109, 110, 111, 112, 246, 245, 101, 23], 'Route_13': [23, 24, 25, 26, 230, 231, 232, 233, 234, 235, 236, 237, 238, 9, 239, 240, 241, 70, 71, 13, 14, 15], 'Route_13_1': [15, 14, 13, 71, 70, 241, 240, 239, 9, 238, 237, 236, 235, 234, 233, 232, 231, 230, 26, 25, 24, 23], 'Route_14': [23, 101, 245, 246, 112, 111, 110, 109, 108, 107], 'Route_14_1': [107, 108, 109, 110, 111, 112, 246, 245, 101, 23], 'Route_15': [216, 217, 218, 219, 220, 221, 122, 128, 121, 134, 135, 119, 118, 117, 116, 20, 21], 'Route_15_1': [21, 20, 116, 117, 118, 119, 135, 134, 121, 128, 122, 221, 220, 219, 218, 217, 216], 'Route_16': [23, 101, 100, 98, 102, 96, 103, 104, 105, 106, 107], 'Route_16_1': [107, 106, 105, 104, 103, 96, 102, 98, 100, 101, 23], 'Route_17': [15, 66, 65, 74, 228, 227, 52, 53, 226, 225, 48, 35, 36, 37, 38], 'Route_17_1': [38, 37, 36, 35, 48, 225, 226, 53, 52, 227, 228, 74, 65, 66, 15], 'Route_18': [23, 83, 84, 85, 86, 87, 88, 89, 90, 91, 92, 93, 94, 95, 96, 97, 98, 99, 100, 23], 'Route_19': [23, 101, 245, 246, 112, 111, 110, 109, 108, 107], 'Route_19_1': [107, 108, 109, 110, 111, 112, 246, 245, 101, 23], 'Route_20': [191, 1, 2, 3, 4, 5, 18, 19, 20, 21], 'Route_20_1': [21, 20, 19, 18, 5, 4, 3, 2, 1, 191], 'Route_21': [23, 24, 25, 26, 27, 28, 29, 6, 7, 8, 9, 10, 11, 12, 13, 14, 15], 'Route_21_1': [15, 14, 13, 12, 11, 10, 9, 8, 7, 6, 29, 28, 27, 26, 25, 24, 23], 'Route_22': [0, 1, 2, 3, 116, 117, 118, 119, 120, 121, 122, 222, 223, 124, 125, 123, 126, 224, 40], 'Route_22_1': [40, 224, 126, 123, 125, 124, 223, 222, 122, 121, 120, 119, 118, 117, 116, 3, 2, 1, 0], 'Route_23': [137, 138, 139, 140, 141, 142, 143, 144, 179, 180, 181, 193, 194, 195, 196, 197, 198, 199, 200, 201, 202, 183, 184, 185, 186, 187], 'Route_23_1': [187, 186, 185, 184, 183, 202, 201, 200, 199, 198, 197, 196, 195, 194, 193, 181, 180, 179, 144, 143, 142, 141, 140, 139, 138, 137], 'Route_24': [23, 101, 245, 246, 112, 111, 110, 109, 108, 107], 'Route_24_1': [107, 108, 109, 110, 111, 112, 246, 245, 101, 23], 'Route_25': [15, 14, 13, 72, 73, 242, 243, 244, 11, 10, 16, 238, 9, 17, 8, 7, 6, 30, 31, 32, 33, 34, 35, 36, 37, 38], 'Route_25_1': [38, 37, 36, 35, 34, 33, 32, 31, 30, 6, 7, 8, 17, 9, 238, 16, 10, 11, 244, 243, 242, 73, 72, 13, 14, 15], 'Route_26': [38, 37, 36, 35, 48, 49, 50, 51, 52, 53, 54, 58, 59, 60, 61, 62, 63, 64, 65, 66, 67, 68, 69, 70, 71, 13, 14, 15], 'Route_26_1': [15, 14, 13, 71, 70, 69, 68, 67, 66, 65, 64, 63, 62, 61, 60, 59, 58, 54, 53, 52, 51, 50, 49, 48, 35, 36, 37, 38]}
