Set parameter WLSAccessID
Set parameter WLSSecret
Set parameter LicenseID to value 2604445
Academic license 2604445 - for non-commercial use only - registered to an___@um.edu.mt
Set parameter Seed to value 23
Set parameter TimeLimit to value 14400
Gurobi Optimizer version 12.0.2 build v12.0.2rc0 (linux64 - "Ubuntu 22.04.5 LTS")

CPU model: Intel(R) Core(TM) i5-10400 CPU @ 2.90GHz, instruction set [SSE2|AVX|AVX2]
Thread count: 6 physical cores, 12 logical processors, using up to 12 threads

Non-default parameters:
TimeLimit  14400
Seed  23

Academic license 2604445 - for non-commercial use only - registered to an___@um.edu.mt
Optimize a model with 1239542 rows, 27059 columns and 2551217 nonzeros
Model fingerprint: 0xf7a3117b
Variable types: 0 continuous, 27059 integer (20767 binary)
Coefficient statistics:
  Matrix range     [1e+00, 7e+01]
  Objective range  [8e-08, 2e-02]
  Bounds range     [1e+00, 2e+02]
  RHS range        [1e+00, 7e+01]
Presolve removed 14107 rows and 10549 columns
Presolve time: 4.20s
Presolved: 1225435 rows, 16510 columns, 2500935 nonzeros
Variable types: 0 continuous, 16510 integer (10985 binary)
Deterministic concurrent LP optimizer: primal and dual simplex
Showing primal log only...

Concurrent spin time: 0.00s

Solved with dual simplex

Root simplex log...

Iteration    Objective       Primal Inf.    Dual Inf.      Time
      98    1.7565470e-03   0.000000e+00   0.000000e+00     12s

Use crossover to convert LP symmetric solution to basic solution...

Root crossover log...

       0 DPushes remaining with DInf 0.0000000e+00                13s

    2979 PPushes remaining with PInf 0.0000000e+00                13s
       0 PPushes remaining with PInf 0.0000000e+00                14s

  Push phase complete: Pinf 0.0000000e+00, Dinf 1.3432829e-04     14s


Root simplex log...

Iteration    Objective       Primal Inf.    Dual Inf.      Time
    3133    1.7565088e-03   0.000000e+00   1.343283e-04     14s
    3159    1.7565088e-03   0.000000e+00   0.000000e+00     14s
    3159    1.7565088e-03   0.000000e+00   0.000000e+00     14s

Root relaxation: objective 1.756509e-03, 3159 iterations, 5.73 seconds (2.08 work units)
Total elapsed time = 17.18s (DegenMoves)
Total elapsed time = 20.72s (DegenMoves)

    Nodes    |    Current Node    |     Objective Bounds      |     Work
 Expl Unexpl |  Obj  Depth IntInf | Incumbent    BestBd   Gap | It/Node Time

     0     0    0.00176    0  194          -    0.00176      -     -   23s
     0     0    0.00176    0  196          -    0.00176      -     -   24s
     0     0    0.00176    0  195          -    0.00176      -     -   25s
     0     0    0.00176    0  195          -    0.00176      -     -   25s
     0     0    0.00176    0  191          -    0.00176      -     -   26s
     0     0    0.00176    0  190          -    0.00176      -     -   27s
     0     0    0.00176    0  189          -    0.00176      -     -   27s
     0     0    0.00176    0  189          -    0.00176      -     -   28s
     0     0    0.00176    0  170          -    0.00176      -     -   28s
     0     0    0.00176    0  173          -    0.00176      -     -   29s
     0     0    0.00176    0  172          -    0.00176      -     -   29s
H    0     0                       5.0000707    0.00176   100%     -   37s
     0     0    0.00188    0  647    5.00007    0.00188   100%     -   41s
H    0     0                       4.9174260    0.00188   100%     -   43s
H    0     0                       4.1118486    0.00188   100%     -   44s
H    0     0                       3.6368328    0.00188   100%     -   44s
     0     0    0.00188    0  594    3.63683    0.00188   100%     -   46s
     0     0    0.00188    0  569    3.63683    0.00188   100%     -   47s
     0     0    0.10505    0  554    3.63683    0.10505  97.1%     -   48s
     0     0    0.10506    0  728    3.63683    0.10506  97.1%     -   53s
H    0     0                       3.2650680    0.10506  96.8%     -   57s
H    0     0                       2.3563008    0.10506  95.5%     -   57s
     0     0    0.10506    0  691    2.35630    0.10506  95.5%     -   58s
     0     0    0.10506    0  836    2.35630    0.10506  95.5%     -   64s
H    0     0                       1.8813100    0.10506  94.4%     -   69s
H    0     0                       1.8606565    0.10506  94.4%     -   69s
H    0     0                       1.8606545    0.10506  94.4%     -   69s
     0     0    0.10506    0  654    1.86065    0.10506  94.4%     -   71s
     0     0    0.10506    0  500    1.86065    0.10506  94.4%     -   84s
H    0     0                       1.8191955    0.10506  94.2%     -   89s
     0     0    0.10506    0  516    1.81920    0.10506  94.2%     -   90s
     0     0    0.10507    0  480    1.81920    0.10507  94.2%     -  102s
     0     0    0.10507    0  530    1.81920    0.10507  94.2%     -  106s
     0     0    0.10507    0  834    1.81920    0.10507  94.2%     -  113s
     0     0    0.10507    0  927    1.81920    0.10507  94.2%     -  117s
     0     0    0.10507    0  881    1.81920    0.10507  94.2%     -  126s
H    0     0                       1.1995425    0.10507  91.2%     -  130s
H    0     0                       0.5594093    0.10507  81.2%     -  130s
     0     0    0.10507    0  694    0.55941    0.10507  81.2%     -  132s
     0     0    0.10507    0  451    0.55941    0.10507  81.2%     -  146s
     0     0    0.10507    0  448    0.55941    0.10507  81.2%     -  153s
H    0     0                       0.4356321    0.10507  75.9%     -  161s
H    0     0                       0.4356301    0.10507  75.9%     -  170s
H    0     0                       0.4356238    0.10508  75.9%     -  175s
H    0     0                       0.4355660    0.10508  75.9%     -  175s
     0     2    0.10508    0  399    0.43557    0.10508  75.9%     -  187s
     1     4    0.37359    1  370    0.43557    0.10508  75.9%  3176  191s
     3     8    0.37359    2  512    0.43557    0.10508  75.9%  1483  205s
     7    11    0.37378    3  945    0.43557    0.10508  75.9%  1720  220s
    13    21 infeasible    4         0.43557    0.10508  75.9%  1140  246s
H   27    24                       0.3119024    0.10513  66.3%   665  268s
H   32    24                       0.3118355    0.10513  66.3%   642  268s
    35    27    0.12591    7  633    0.31184    0.10513  66.3%   636  282s
    46    38    0.12590    9  627    0.31184    0.10513  66.3%   555  293s
H   65    45                       0.3118268    0.10513  66.3%   414  305s
H   67    45                       0.2085711    0.10513  49.6%   419  305s
H   72    49                       0.2085691    0.10513  49.6%   410  316s
    89    57    0.12591   14  483    0.20857    0.10513  49.6%   367  324s
H   98    63                       0.2085632    0.10513  49.6%   347  333s
H  104    75                       0.2085525    0.10513  49.6%   338  340s
H  109    75                       0.2085466    0.10513  49.6%   327  340s
   117    84    0.12591   19  402    0.20855    0.10513  49.6%   313  346s
   126    91    0.12591   21  460    0.20855    0.10513  49.6%   308  356s
H  130    91                       0.1879143    0.10513  44.1%   302  356s
   135    99    0.12593   21  387    0.18791    0.10513  44.1%   311  363s
   143   107    0.12591   22  457    0.18791    0.10513  44.1%   303  369s
   153   120    0.12594   23  344    0.18791    0.10513  44.1%   297  376s
   167   127    0.12594   25  384    0.18791    0.10513  44.1%   279  385s
H  173   127                       0.1466620    0.10513  28.3%   273  385s
H  174   137                       0.1466424    0.10513  28.3%   271  393s
   184   149    0.12599   27  385    0.14664    0.10513  28.3%   264  401s
   196   159    0.12596   28  493    0.14664    0.10513  28.3%   260  409s
H  208   170                       0.1260413    0.10513  16.6%   256  420s
   221   178    0.12594   32  323    0.12604    0.10513  16.6%   252  431s
   238   191    0.12593   35  319    0.12604    0.10513  16.6%   241  440s
   251   205    0.12593   37  374    0.12604    0.10513  16.6%   242  452s
   265   217    0.12594   38  315    0.12604    0.10513  16.6%   235  463s
   277   234    0.12593   39  402    0.12604    0.10513  16.6%   235  472s
H  282   234                       0.1259954    0.10513  16.6%   235  472s
H  294   248                       0.1053068    0.10513  0.17%   228  485s
   308   244     cutoff   41         0.10531    0.10513  0.17%   226  499s
   340   261    0.10519   15  456    0.10531    0.10513  0.17%   215  511s
   359   281    0.10516   18  680    0.10531    0.10513  0.17%   219  521s
   380   292    0.10524   17  488    0.10531    0.10513  0.17%   212  538s
   391   316    0.10518   19  673    0.10531    0.10513  0.17%   214  550s
   417   332    0.10518   24  614    0.10531    0.10513  0.17%   205  563s
H  433   332                       0.1052966    0.10513  0.16%   202  563s
   435   355    0.10517   26  573    0.10530    0.10513  0.16%   202  576s
H  464   352                       0.1052872    0.10513  0.15%   196  596s
   487   359    0.10517   33  645    0.10529    0.10513  0.15%   195  613s
   518   366    0.10519   34  493    0.10529    0.10513  0.15%   195  638s
   552   374    0.10519   39  547    0.10529    0.10513  0.15%   194  664s
   596   374    0.10518   47  492    0.10529    0.10513  0.15%   189  702s
   636   401    0.10523   48  469    0.10529    0.10513  0.15%   184  733s
   717   469    0.10522   57  475    0.10529    0.10513  0.15%   171  762s
   797   513    0.10522   65  395    0.10529    0.10513  0.15%   162  795s
   855   578    0.10521   69  381    0.10529    0.10513  0.15%   156  822s
   931   584    0.10521   76  379    0.10529    0.10513  0.15%   150  897s
   937   609    0.10521   77  377    0.10529    0.10513  0.15%   150  942s
   968   672    0.10521   87  358    0.10529    0.10513  0.15%   147  971s
  1057   712    0.10521   95  356    0.10529    0.10513  0.15%   138  999s
  1142   776    0.10521  103  365    0.10529    0.10513  0.15%   131 1030s
H 1154   776                       0.1052867    0.10513  0.15%   130 1030s
  1221   840    0.10523  109  167    0.10529    0.10513  0.15%   126 1057s
  1296   890    0.10523  111  152    0.10529    0.10513  0.15%   122 1083s
  1374   948    0.10527  116  116    0.10529    0.10513  0.15%   119 1116s
  1446  1023    0.10528  124   96    0.10529    0.10513  0.15%   115 1150s
  1560  1024    0.10526   86  448    0.10529    0.10513  0.15%   108 1182s
  1562  1025    0.10524   81  223    0.10529    0.10513  0.15%   108 1215s
  1563  1026    0.10523  156  420    0.10529    0.10513  0.15%   108 1277s
  1564  1027    0.10519   21  576    0.10529    0.10513  0.15%   108 1290s
  1565  1027    0.10524   69  629    0.10529    0.10513  0.15%   108 1352s
  1566  1028    0.10521  101  785    0.10529    0.10513  0.15%   108 1376s
  1567  1029    0.10522  138  688    0.10529    0.10513  0.15%   107 1431s
  1568  1029    0.10524  165  820    0.10529    0.10513  0.15%   107 1453s
  1569  1030    0.10518   78 1005    0.10529    0.10513  0.15%   107 1519s
  1570  1031    0.10525   66  890    0.10529    0.10513  0.15%   107 1548s
  1571  1031    0.10521   34 1000    0.10529    0.10513  0.15%   107 1694s
  1572  1032    0.10519   50  767    0.10529    0.10513  0.15%   107 1732s
  1573  1033    0.10517   67  693    0.10529    0.10513  0.15%   107 1804s
  1574  1033    0.10521   58  888    0.10529    0.10513  0.15%   107 1848s
  1575  1034    0.10523   42  990    0.10529    0.10513  0.15%   107 1941s
  1576  1035    0.10523   48  827    0.10529    0.10513  0.15%   107 1958s
  1577  1035    0.10523  155  757    0.10529    0.10513  0.15%   107 2021s
  1578  1036    0.10520   95  648    0.10529    0.10513  0.15%   107 2044s
  1579  1037    0.10515   11  751    0.10529    0.10513  0.15%   107 2105s
  1580  1037    0.10523   47 1103    0.10529    0.10513  0.15%   107 2141s
  1581  1038    0.10528  126  615    0.10529    0.10513  0.15%   107 2232s
  1582  1039    0.10517   81  740    0.10529    0.10513  0.15%   106 2262s
  1583  1039    0.10525   42 1099    0.10529    0.10513  0.15%   106 2393s
  1584  1040    0.10517   18 1229    0.10529    0.10513  0.15%   106 2484s
  1585  1041    0.10524   87  692    0.10529    0.10513  0.15%   106 2572s
  1586  1041    0.10522  137 1231    0.10529    0.10513  0.15%   106 2626s
  1587  1042    0.10517   22  968    0.10529    0.10513  0.15%   106 2743s
  1588  1043    0.10520  144 1641    0.10529    0.10513  0.15%   106 2819s
  1589  1043    0.10513   28 1331    0.10529    0.10513  0.15%   106 2897s
  1590  1044    0.10525   57 1895    0.10529    0.10513  0.15%   106 2964s
  1591  1045    0.10526   64 1532    0.10529    0.10513  0.15%   106 3057s
  1592  1045    0.10513   50 1524    0.10529    0.10513  0.15%   106 3065s
  1593  1046    0.10524   50 1524    0.10529    0.10513  0.15%   106 3079s
  1594  1049    0.10513   12 1249    0.10529    0.10513  0.15%   235 3110s
  1595  1051    0.10518   13 1691    0.10529    0.10513  0.15%   236 3144s
  1598  1048    0.10518   14 1313    0.10529    0.10513  0.15%   241 3169s
  1604  1050    0.10518   15 1637    0.10529    0.10513  0.15%   243 3227s
  1608  1056    0.10518   16 1356    0.10529    0.10514  0.14%   246 3308s
  1616  1063    0.10518   17 1665    0.10529    0.10515  0.13%   253 3381s
  1628  1069    0.10520   17 1148    0.10529    0.10517  0.11%   254 3472s
  1640  1071    0.10520   18 1116    0.10529    0.10517  0.11%   257 3529s
  1651  1078    0.10520   19 1112    0.10529    0.10517  0.11%   261 3601s
  1661  1081    0.10520   20 1197    0.10529    0.10517  0.11%   261 3669s
  1671  1089    0.10521   21  736    0.10529    0.10517  0.11%   261 3721s
  1682  1096    0.10522   21  679    0.10529    0.10517  0.11%   262 3779s
  1694  1105    0.10523   22  831    0.10529    0.10517  0.11%   263 3833s
  1707  1110    0.10523   23  590    0.10529    0.10517  0.11%   262 3894s
  1716  1118    0.10526   24  373    0.10529    0.10517  0.11%   262 3948s
  1729  1128    0.10527   25  369    0.10529    0.10517  0.11%   262 3999s
  1743  1133    0.10525   27  380    0.10529    0.10517  0.11%   263 4041s
  1753  1144    0.10525   28  372    0.10529    0.10517  0.11%   262 4131s
  1776  1146    0.10525   30  362    0.10529    0.10517  0.11%   262 4217s
  1797  1140    0.10518   23  797    0.10529    0.10517  0.11%   262 4283s
  1813  1142    0.10522   23  552    0.10529    0.10517  0.11%   262 4336s
  1826  1148    0.10521   25  375    0.10529    0.10517  0.11%   263 4420s
  1840  1159    0.10522   27  297    0.10529    0.10517  0.11%   263 4491s
  1857  1170    0.10524   27  284    0.10529    0.10517  0.11%   263 4560s
  1875  1180    0.10524   29  243    0.10529    0.10517  0.11%   264 4628s
  1895  1190    0.10524   31  250    0.10529    0.10517  0.11%   264 4687s
  1916  1195 infeasible   33         0.10529    0.10517  0.11%   263 4748s
  1938  1192    0.10525   35  222    0.10529    0.10517  0.11%   262 4830s
  1964  1192    0.10526   38  211    0.10529    0.10517  0.11%   262 4903s
H 1976  1135                       0.1052806    0.10517  0.10%   263 4903s
H 1976  1084                       0.1052766    0.10517  0.10%   263 4903s
  1977  1103    0.10527   41  132    0.10528    0.10517  0.10%   263 5000s
  2007  1104    0.10517   20 1078    0.10528    0.10517  0.10%   263 5083s
H 2009  1056                       0.1052757    0.10517  0.10%   264 5083s
H 2015  1008                       0.1052752    0.10517  0.10%   263 5083s
  2022  1017    0.10517   21 1046    0.10528    0.10517  0.10%   264 5185s
  2050  1015    0.10519   22 1160    0.10528    0.10517  0.10%   264 5306s
  2061  1012    0.10519   23  943    0.10528    0.10517  0.10%   264 5434s
H 2076   964                       0.1052735    0.10517  0.10%   264 5434s
  2077   971 infeasible   23         0.10527    0.10517  0.10%   264 5571s
H 2102   924                       0.1052645    0.10517  0.09%   265 5685s
  2119   931    0.10524   26 1256    0.10526    0.10517  0.09%   268 5816s
  2146   926    0.10523   28  735    0.10526    0.10517  0.09%   269 5946s
  2171   912    0.10523   29  922    0.10526    0.10517  0.09%   270 6114s
  2205   897    0.10523   32  528    0.10526    0.10517  0.09%   270 6236s
  2217   906    0.10525   34  570    0.10526    0.10517  0.09%   271 6351s
  2246   902    0.10523   37  243    0.10526    0.10517  0.09%   270 6474s
  2299   898    0.10523   44  222    0.10526    0.10517  0.09%   268 6635s
  2340   885    0.10526   50  272    0.10526    0.10517  0.09%   268 6821s
  2381   898    0.10520   19 1182    0.10526    0.10517  0.09%   272 6990s
  2412   917 infeasible   22         0.10526    0.10517  0.09%   272 7149s
  2446   927    0.10520   23  698    0.10526    0.10517  0.09%   272 7334s
  2511   928    0.10522   29  371    0.10526    0.10517  0.09%   270 7537s
  2556   942    0.10523   31  584    0.10526    0.10517  0.09%   270 7725s
  2606   942 infeasible   41         0.10526    0.10518  0.08%   270 7951s
  2656   935    0.10521   33  564    0.10526    0.10518  0.08%   271 8162s
  2704   925    0.10522   39  313    0.10526    0.10518  0.08%   274 8287s
  2711   928    0.10523   40  455    0.10526    0.10518  0.08%   275 8440s
  2717   943    0.10523   41  396    0.10526    0.10518  0.08%   274 8595s
  2737   946    0.10525   45  517    0.10526    0.10518  0.08%   274 8794s
  2773   956    0.10519   33  757    0.10526    0.10518  0.08%   274 9034s
  2812   944 infeasible   40         0.10526    0.10518  0.08%   276 9293s
  2853   951    0.10521   21  924    0.10526    0.10519  0.08%   281 9560s
  2912   942 infeasible   24         0.10526    0.10519  0.08%   281 9825s
  2973   961    0.10520   27  320    0.10526    0.10519  0.08%   281 10098s
  3036   982    0.10521   41  279    0.10526    0.10519  0.07%   281 10375s
  3126   959     cutoff   26         0.10526    0.10519  0.07%   280 10688s
  3195   947    0.10521   25  939    0.10526    0.10519  0.07%   280 11038s
  3278   938    0.10526   34  502    0.10526    0.10519  0.07%   283 11361s
  3340   938    0.10520   32  639    0.10526    0.10519  0.07%   289 11739s
  3418   938     cutoff   24         0.10526    0.10519  0.07%   292 12117s
  3508   947    0.10522   32  766    0.10526    0.10519  0.07%   298 12498s
  3626   966    0.10524   42 1110    0.10526    0.10519  0.07%   300 12944s
  3758   946    0.10526   23 1491    0.10526    0.10519  0.07%   301 13467s
  3897   938    0.10524   21 1063    0.10526    0.10519  0.07%   309 14006s
  4033   959    0.10521   32  862    0.10526    0.10519  0.07%   318 14401s

Cutting planes:
  Gomory: 765
  Lift-and-project: 143
  Cover: 82
  Implied bound: 2605
  Projected implied bound: 21
  Clique: 827
  MIR: 488
  Mixing: 2
  StrongCG: 93
  Flow cover: 4063
  Inf proof: 7
  Zero half: 237
  RLT: 86
  Relax-and-lift: 527

Explored 4147 nodes (1394193 simplex iterations) in 14401.94 seconds (7848.59 work units)
Thread count was 12 (of 12 available processors)

Solution count 10: 0.105264 0.105274 0.105275 ... 0.105307

Time limit reached
Best objective 1.052644959853e-01, best bound 1.051938237720e-01, gap 0.0671%
Objective Function at this solution: [[0, 1, 17], [1, 2, 17], [2, 3, 17], [2, 5, 14], [3, 143, 17], [4, 138, 17], [5, 197, 14], [6, 7, 17], [7, 22, 19], [7, 46, 14], [7, 71, 22], [7, 152, 17], [8, 64, 16], [9, 19, 16], [10, 9, 16], [11, 10, 16], [12, 18, 16], [13, 12, 16], [14, 15, 23], [15, 65, 23], [16, 17, 16], [17, 13, 16], [18, 11, 16], [19, 8, 16], [20, 165, 22], [21, 22, 22], [21, 165, 19], [22, 21, 19], [22, 69, 22], [23, 0, 17], [24, 25, 14], [24, 37, 17], [25, 205, 14], [26, 20, 22], [27, 28, 2], [28, 30, 2], [28, 30, 3], [29, 30, 22], [30, 31, 2], [30, 31, 3], [30, 31, 22], [31, 32, 2], [31, 32, 3], [31, 72, 22], [32, 33, 2], [32, 33, 3], [33, 34, 2], [33, 34, 3], [33, 34, 22], [34, 35, 2], [34, 35, 3], [34, 35, 22], [35, 36, 2], [35, 36, 3], [35, 36, 22], [36, 73, 7], [37, 4, 17], [38, 223, 15], [39, 27, 2], [39, 40, 3], [39, 216, 24], [40, 28, 3], [41, 29, 22], [42, 41, 22], [43, 42, 22], [43, 44, 14], [44, 45, 14], [45, 7, 14], [46, 85, 14], [47, 70, 19], [48, 47, 19], [49, 48, 19], [50, 49, 19], [50, 74, 25], [51, 50, 25], [52, 51, 25], [53, 52, 25], [54, 53, 25], [55, 54, 25], [56, 55, 25], [56, 57, 4], [56, 57, 16], [56, 213, 19], [57, 58, 4], [57, 58, 16], [58, 59, 16], [58, 176, 4], [59, 60, 16], [59, 67, 23], [60, 59, 23], [60, 61, 16], [61, 62, 16], [62, 66, 23], [62, 169, 16], [63, 62, 23], [65, 63, 23], [66, 60, 23], [67, 68, 6], [67, 68, 23], [68, 56, 4], [68, 56, 19], [68, 56, 25], [69, 70, 22], [70, 7, 19], [70, 7, 22], [71, 43, 22], [72, 33, 22], [74, 50, 19], [74, 75, 25], [75, 74, 19], [75, 76, 25], [76, 77, 25], [76, 83, 14], [76, 83, 19], [77, 78, 25], [78, 79, 25], [79, 80, 25], [80, 81, 25], [82, 91, 14], [83, 84, 19], [83, 90, 14], [84, 75, 19], [85, 86, 14], [86, 87, 14], [87, 88, 14], [88, 89, 14], [89, 76, 14], [90, 82, 14], [91, 111, 14], [92, 93, 9], [93, 94, 9], [95, 96, 12], [96, 97, 12], [97, 98, 12], [98, 99, 12], [99, 100, 12], [100, 101, 12], [101, 102, 12], [102, 103, 12], [103, 104, 12], [104, 105, 12], [105, 106, 12], [106, 107, 12], [107, 108, 12], [108, 109, 12], [109, 110, 16], [110, 111, 16], [111, 94, 14], [111, 118, 16], [112, 39, 24], [113, 76, 19], [114, 113, 19], [115, 114, 19], [116, 119, 16], [117, 116, 16], [118, 117, 16], [119, 115, 19], [119, 214, 16], [120, 121, 14], [121, 122, 14], [122, 123, 14], [123, 124, 14], [124, 125, 14], [125, 126, 14], [126, 127, 14], [127, 128, 14], [128, 129, 14], [129, 130, 14], [130, 131, 14], [131, 132, 14], [132, 133, 14], [133, 134, 14], [134, 135, 14], [135, 136, 14], [136, 137, 14], [137, 24, 14], [138, 139, 17], [139, 120, 5], [139, 120, 8], [139, 120, 10], [139, 120, 11], [139, 120, 13], [139, 120, 18], [139, 120, 21], [140, 144, 14], [140, 201, 17], [141, 142, 17], [141, 146, 14], [142, 141, 14], [142, 200, 17], [143, 2, 14], [143, 196, 17], [144, 140, 17], [144, 200, 14], [145, 195, 14], [145, 199, 17], [146, 147, 14], [146, 148, 17], [147, 146, 17], [147, 199, 14], [148, 141, 17], [149, 206, 14], [150, 151, 17], [151, 23, 17], [152, 153, 17], [153, 150, 17], [154, 155, 19], [155, 156, 19], [156, 157, 19], [157, 158, 19], [158, 159, 19], [159, 160, 19], [160, 161, 19], [161, 162, 19], [162, 163, 19], [163, 26, 22], [164, 39, 2], [165, 21, 22], [165, 154, 19], [166, 39, 3], [167, 209, 23], [168, 14, 23], [169, 170, 16], [170, 171, 16], [171, 172, 16], [172, 173, 16], [173, 174, 16], [174, 16, 16], [175, 167, 23], [176, 177, 4], [176, 194, 6], [177, 178, 4], [178, 179, 4], [179, 180, 4], [179, 193, 6], [180, 179, 6], [180, 181, 4], [181, 180, 6], [181, 182, 4], [182, 181, 6], [182, 183, 20], [183, 184, 20], [184, 185, 20], [185, 186, 20], [186, 187, 20], [187, 188, 20], [188, 189, 1], [189, 190, 1], [190, 191, 1], [191, 192, 1], [192, 182, 1], [193, 176, 6], [194, 67, 6], [195, 196, 14], [195, 198, 17], [196, 143, 14], [196, 195, 17], [197, 149, 14], [198, 145, 17], [199, 145, 14], [199, 147, 17], [200, 142, 14], [200, 144, 17], [201, 140, 14], [201, 202, 17], [202, 201, 14], [202, 203, 17], [203, 202, 14], [203, 204, 17], [204, 24, 17], [205, 203, 14], [206, 43, 14], [207, 36, 24], [208, 207, 24], [209, 210, 23], [210, 211, 23], [211, 212, 23], [212, 168, 23], [213, 214, 19], [213, 215, 16], [214, 119, 19], [214, 213, 16], [215, 56, 16], [216, 217, 24], [217, 218, 24], [218, 219, 24], [219, 220, 24], [220, 221, 24], [221, 222, 24], [222, 208, 24], [223, 224, 15], [224, 225, 15], [225, 226, 15], [226, 227, 15], [227, 228, 15], [228, 229, 15], [229, 230, 15], [230, 236, 15], [236, 237, 15], [237, 238, 15], [238, 239, 15], [239, 240, 15], [240, 241, 15]]
List of All Routes is {'Route_1': [188, 189, 190, 191, 192, 182], 'Route_1_1': [182, 192, 191, 190, 189, 188], 'Route_2': [164, 39, 27, 28, 30, 31, 32, 33, 34, 35, 36], 'Route_2_1': [36, 35, 34, 33, 32, 31, 30, 28, 27, 39, 164], 'Route_3': [166, 39, 40, 28, 30, 31, 32, 33, 34, 35, 36], 'Route_3_1': [36, 35, 34, 33, 32, 31, 30, 28, 40, 39, 166], 'Route_4': [68, 56, 57, 58, 176, 177, 178, 179, 180, 181, 182], 'Route_4_1': [182, 181, 180, 179, 178, 177, 176, 58, 57, 56, 68], 'Route_5': [139, 120], 'Route_5_1': [120, 139], 'Route_6': [182, 181, 180, 179, 193, 176, 194, 67, 68], 'Route_6_1': [68, 67, 194, 176, 193, 179, 180, 181, 182], 'Route_7': [36, 73], 'Route_7_1': [73, 36], 'Route_8': [139, 120], 'Route_8_1': [120, 139], 'Route_9': [92, 93, 94], 'Route_9_1': [94, 93, 92], 'Route_10': [139, 120], 'Route_10_1': [120, 139], 'Route_11': [139, 120], 'Route_11_1': [120, 139], 'Route_12': [95, 96, 97, 98, 99, 100, 101, 102, 103, 104, 105, 106, 107, 108, 109], 'Route_12_1': [109, 108, 107, 106, 105, 104, 103, 102, 101, 100, 99, 98, 97, 96, 95], 'Route_13': [139, 120], 'Route_13_1': [120, 139], 'Route_14': [120, 121, 122, 123, 124, 125, 126, 127, 128, 129, 130, 131, 132, 133, 134, 135, 136, 137, 24, 25, 205, 203, 202, 201, 140, 144, 200, 142, 141, 146, 147, 199, 145, 195, 196, 143, 2, 5, 197, 149, 206, 43, 44, 45, 7, 46, 85, 86, 87, 88, 89, 76, 83, 90, 82, 91, 111, 94], 'Route_14_1': [94, 111, 91, 82, 90, 83, 76, 89, 88, 87, 86, 85, 46, 7, 45, 44, 43, 206, 149, 197, 5, 2, 143, 196, 195, 145, 199, 147, 146, 141, 142, 200, 144, 140, 201, 202, 203, 205, 25, 24, 137, 136, 135, 134, 133, 132, 131, 130, 129, 128, 127, 126, 125, 124, 123, 122, 121, 120], 'Route_15': [38, 223, 224, 225, 226, 227, 228, 229, 230, 236, 237, 238, 239, 240, 241], 'Route_15_1': [241, 240, 239, 238, 237, 236, 230, 229, 228, 227, 226, 225, 224, 223, 38], 'Route_16': [109, 110, 111, 118, 117, 116, 119, 214, 213, 215, 56, 57, 58, 59, 60, 61, 62, 169, 170, 171, 172, 173, 174, 16, 17, 13, 12, 18, 11, 10, 9, 19, 8, 64], 'Route_16_1': [64, 8, 19, 9, 10, 11, 18, 12, 13, 17, 16, 174, 173, 172, 171, 170, 169, 62, 61, 60, 59, 58, 57, 56, 215, 213, 214, 119, 116, 117, 118, 111, 110, 109], 'Route_17': [6, 7, 152, 153, 150, 151, 23, 0, 1, 2, 3, 143, 196, 195, 198, 145, 199, 147, 146, 148, 141, 142, 200, 144, 140, 201, 202, 203, 204, 24, 37, 4, 138, 139], 'Route_17_1': [139, 138, 4, 37, 24, 204, 203, 202, 201, 140, 144, 200, 142, 141, 148, 146, 147, 199, 145, 198, 195, 196, 143, 3, 2, 1, 0, 23, 151, 150, 153, 152, 7, 6], 'Route_18': [139, 120], 'Route_18_1': [120, 139], 'Route_19': [68, 56, 213, 214, 119, 115, 114, 113, 76, 83, 84, 75, 74, 50, 49, 48, 47, 70, 7, 22, 21, 165, 154, 155, 156, 157, 158, 159, 160, 161, 162, 163], 'Route_19_1': [163, 162, 161, 160, 159, 158, 157, 156, 155, 154, 165, 21, 22, 7, 70, 47, 48, 49, 50, 74, 75, 84, 83, 76, 113, 114, 115, 119, 214, 213, 56, 68], 'Route_20': [182, 183, 184, 185, 186, 187, 188], 'Route_20_1': [188, 187, 186, 185, 184, 183, 182], 'Route_21': [139, 120], 'Route_21_1': [120, 139], 'Route_22': [163, 26, 20, 165, 21, 22, 69, 70, 7, 71, 43, 42, 41, 29, 30, 31, 72, 33, 34, 35, 36], 'Route_22_1': [36, 35, 34, 33, 72, 31, 30, 29, 41, 42, 43, 71, 7, 70, 69, 22, 21, 165, 20, 26, 163], 'Route_23': [175, 167, 209, 210, 211, 212, 168, 14, 15, 65, 63, 62, 66, 60, 59, 67, 68], 'Route_23_1': [68, 67, 59, 60, 66, 62, 63, 65, 15, 14, 168, 212, 211, 210, 209, 167, 175], 'Route_24': [112, 39, 216, 217, 218, 219, 220, 221, 222, 208, 207, 36], 'Route_24_1': [36, 207, 208, 222, 221, 220, 219, 218, 217, 216, 39, 112], 'Route_25': [68, 56, 55, 54, 53, 52, 51, 50, 74, 75, 76, 77, 78, 79, 80, 81], 'Route_25_1': [81, 80, 79, 78, 77, 76, 75, 74, 50, 51, 52, 53, 54, 55, 56, 68]}
